{"/home/keil/fuel_finder/backend/app.js": {"path":"/home/keil/fuel_finder/backend/app.js","statementMap":{"0":{"start":{"line":6,"column":16},"end":{"line":6,"column":34}},"1":{"start":{"line":7,"column":13},"end":{"line":7,"column":28}},"2":{"start":{"line":8,"column":13},"end":{"line":8,"column":28}},"3":{"start":{"line":9,"column":15},"end":{"line":9,"column":46}},"4":{"start":{"line":12,"column":35},"end":{"line":12,"column":71}},"5":{"start":{"line":13,"column":35},"end":{"line":13,"column":73}},"6":{"start":{"line":16,"column":18},"end":{"line":16,"column":37}},"7":{"start":{"line":19,"column":12},"end":{"line":19,"column":21}},"8":{"start":{"line":22,"column":0},"end":{"line":22,"column":29}},"9":{"start":{"line":25,"column":23},"end":{"line":27,"column":54}},"10":{"start":{"line":26,"column":51},"end":{"line":26,"column":64}},"11":{"start":{"line":29,"column":0},"end":{"line":29,"column":56}},"12":{"start":{"line":31,"column":0},"end":{"line":48,"column":4}},"13":{"start":{"line":34,"column":4},"end":{"line":34,"column":45}},"14":{"start":{"line":34,"column":17},"end":{"line":34,"column":45}},"15":{"start":{"line":36,"column":4},"end":{"line":41,"column":5}},"16":{"start":{"line":37,"column":6},"end":{"line":37,"column":27}},"17":{"start":{"line":39,"column":6},"end":{"line":39,"column":57}},"18":{"start":{"line":40,"column":6},"end":{"line":40,"column":27}},"19":{"start":{"line":49,"column":0},"end":{"line":49,"column":41}},"20":{"start":{"line":50,"column":0},"end":{"line":50,"column":63}},"21":{"start":{"line":53,"column":0},"end":{"line":53,"column":87}},"22":{"start":{"line":54,"column":0},"end":{"line":54,"column":79}},"23":{"start":{"line":55,"column":0},"end":{"line":55,"column":83}},"24":{"start":{"line":58,"column":0},"end":{"line":62,"column":3}},"25":{"start":{"line":59,"column":17},"end":{"line":59,"column":42}},"26":{"start":{"line":60,"column":2},"end":{"line":60,"column":43}},"27":{"start":{"line":61,"column":2},"end":{"line":61,"column":9}},"28":{"start":{"line":66,"column":0},"end":{"line":66,"column":32}},"29":{"start":{"line":69,"column":0},"end":{"line":69,"column":27}},"30":{"start":{"line":72,"column":0},"end":{"line":72,"column":18}},"31":{"start":{"line":75,"column":0},"end":{"line":75,"column":22}},"32":{"start":{"line":77,"column":0},"end":{"line":77,"column":21}}},"fnMap":{"0":{"name":"(anonymous_0)","decl":{"start":{"line":26,"column":41},"end":{"line":26,"column":42}},"loc":{"start":{"line":26,"column":51},"end":{"line":26,"column":64}},"line":26},"1":{"name":"(anonymous_1)","decl":{"start":{"line":32,"column":10},"end":{"line":32,"column":11}},"loc":{"start":{"line":32,"column":38},"end":{"line":42,"column":3}},"line":32},"2":{"name":"(anonymous_2)","decl":{"start":{"line":58,"column":8},"end":{"line":58,"column":9}},"loc":{"start":{"line":58,"column":28},"end":{"line":62,"column":1}},"line":58}},"branchMap":{"0":{"loc":{"start":{"line":25,"column":23},"end":{"line":27,"column":54}},"type":"cond-expr","locations":[{"start":{"line":26,"column":4},"end":{"line":26,"column":65}},{"start":{"line":27,"column":4},"end":{"line":27,"column":54}}],"line":25},"1":{"loc":{"start":{"line":34,"column":4},"end":{"line":34,"column":45}},"type":"if","locations":[{"start":{"line":34,"column":4},"end":{"line":34,"column":45}},{"start":{},"end":{}}],"line":34},"2":{"loc":{"start":{"line":36,"column":4},"end":{"line":41,"column":5}},"type":"if","locations":[{"start":{"line":36,"column":4},"end":{"line":41,"column":5}},{"start":{"line":38,"column":11},"end":{"line":41,"column":5}}],"line":36}},"s":{"0":1,"1":1,"2":1,"3":1,"4":1,"5":1,"6":1,"7":1,"8":1,"9":1,"10":4,"11":1,"12":1,"13":3,"14":3,"15":0,"16":0,"17":0,"18":0,"19":1,"20":1,"21":1,"22":1,"23":1,"24":1,"25":3,"26":3,"27":3,"28":1,"29":1,"30":1,"31":1,"32":1},"f":{"0":4,"1":3,"2":3},"b":{"0":[1,0],"1":[3,0],"2":[0,0]},"_coverageSchema":"1a1c01bbd47fc00a2c39e90264f33305004495a9","hash":"636c275a10dca572614e90ad3b6a49e7c30f400a"}
,"/home/keil/fuel_finder/backend/config/database.js": {"path":"/home/keil/fuel_finder/backend/config/database.js","statementMap":{"0":{"start":{"line":6,"column":17},"end":{"line":6,"column":30}},"1":{"start":{"line":7,"column":15},"end":{"line":7,"column":39}},"2":{"start":{"line":10,"column":17},"end":{"line":20,"column":1}},"3":{"start":{"line":23,"column":13},"end":{"line":23,"column":31}},"4":{"start":{"line":26,"column":0},"end":{"line":29,"column":3}},"5":{"start":{"line":27,"column":2},"end":{"line":27,"column":56}},"6":{"start":{"line":28,"column":2},"end":{"line":28,"column":19}},"7":{"start":{"line":33,"column":2},"end":{"line":68,"column":3}},"8":{"start":{"line":34,"column":19},"end":{"line":34,"column":39}},"9":{"start":{"line":35,"column":4},"end":{"line":35,"column":53}},"10":{"start":{"line":38,"column":4},"end":{"line":62,"column":5}},"11":{"start":{"line":39,"column":21},"end":{"line":39,"column":67}},"12":{"start":{"line":40,"column":6},"end":{"line":40,"column":72}},"13":{"start":{"line":42,"column":6},"end":{"line":44,"column":8}},"14":{"start":{"line":45,"column":6},"end":{"line":61,"column":7}},"15":{"start":{"line":46,"column":8},"end":{"line":46,"column":69}},"16":{"start":{"line":47,"column":23},"end":{"line":47,"column":69}},"17":{"start":{"line":48,"column":8},"end":{"line":51,"column":10}},"18":{"start":{"line":53,"column":8},"end":{"line":56,"column":10}},"19":{"start":{"line":57,"column":8},"end":{"line":59,"column":10}},"20":{"start":{"line":60,"column":8},"end":{"line":60,"column":24}},"21":{"start":{"line":64,"column":4},"end":{"line":64,"column":21}},"22":{"start":{"line":66,"column":4},"end":{"line":66,"column":64}},"23":{"start":{"line":67,"column":4},"end":{"line":67,"column":14}},"24":{"start":{"line":71,"column":0},"end":{"line":74,"column":2}}},"fnMap":{"0":{"name":"(anonymous_0)","decl":{"start":{"line":26,"column":17},"end":{"line":26,"column":18}},"loc":{"start":{"line":26,"column":34},"end":{"line":29,"column":1}},"line":26},"1":{"name":"testConnection","decl":{"start":{"line":32,"column":15},"end":{"line":32,"column":29}},"loc":{"start":{"line":32,"column":32},"end":{"line":69,"column":1}},"line":32}},"branchMap":{"0":{"loc":{"start":{"line":19,"column":7},"end":{"line":19,"column":70}},"type":"cond-expr","locations":[{"start":{"line":19,"column":29},"end":{"line":19,"column":58}},{"start":{"line":19,"column":61},"end":{"line":19,"column":70}}],"line":19}},"s":{"0":4,"1":4,"2":4,"3":4,"4":4,"5":0,"6":0,"7":0,"8":0,"9":0,"10":0,"11":0,"12":0,"13":0,"14":0,"15":0,"16":0,"17":0,"18":0,"19":0,"20":0,"21":0,"22":0,"23":0,"24":4},"f":{"0":0,"1":0},"b":{"0":[4,0]},"_coverageSchema":"1a1c01bbd47fc00a2c39e90264f33305004495a9","hash":"12b958ffaa78fb38ff5e2d265684213f5a19c838"}
,"/home/keil/fuel_finder/backend/config/environment.js": {"path":"/home/keil/fuel_finder/backend/config/environment.js","statementMap":{"0":{"start":{"line":6,"column":13},"end":{"line":6,"column":28}},"1":{"start":{"line":10,"column":0},"end":{"line":12,"column":15}},"2":{"start":{"line":11,"column":2},"end":{"line":11,"column":73}},"3":{"start":{"line":14,"column":15},"end":{"line":79,"column":1}},"4":{"start":{"line":81,"column":0},"end":{"line":81,"column":24}}},"fnMap":{},"branchMap":{"0":{"loc":{"start":{"line":16,"column":8},"end":{"line":16,"column":32}},"type":"binary-expr","locations":[{"start":{"line":16,"column":8},"end":{"line":16,"column":24}},{"start":{"line":16,"column":28},"end":{"line":16,"column":32}}],"line":16},"1":{"loc":{"start":{"line":17,"column":11},"end":{"line":17,"column":48}},"type":"binary-expr","locations":[{"start":{"line":17,"column":11},"end":{"line":17,"column":31}},{"start":{"line":17,"column":35},"end":{"line":17,"column":48}}],"line":17},"2":{"loc":{"start":{"line":21,"column":10},"end":{"line":21,"column":43}},"type":"binary-expr","locations":[{"start":{"line":21,"column":10},"end":{"line":21,"column":29}},{"start":{"line":21,"column":33},"end":{"line":21,"column":43}}],"line":21},"3":{"loc":{"start":{"line":22,"column":10},"end":{"line":22,"column":44}},"type":"binary-expr","locations":[{"start":{"line":22,"column":10},"end":{"line":22,"column":29}},{"start":{"line":22,"column":33},"end":{"line":22,"column":44}}],"line":22},"4":{"loc":{"start":{"line":23,"column":10},"end":{"line":23,"column":46}},"type":"binary-expr","locations":[{"start":{"line":23,"column":10},"end":{"line":23,"column":29}},{"start":{"line":23,"column":33},"end":{"line":23,"column":46}}],"line":23},"5":{"loc":{"start":{"line":24,"column":14},"end":{"line":24,"column":51}},"type":"binary-expr","locations":[{"start":{"line":24,"column":14},"end":{"line":24,"column":37}},{"start":{"line":24,"column":41},"end":{"line":24,"column":51}}],"line":24},"6":{"loc":{"start":{"line":25,"column":17},"end":{"line":25,"column":44}},"type":"binary-expr","locations":[{"start":{"line":25,"column":17},"end":{"line":25,"column":36}},{"start":{"line":25,"column":40},"end":{"line":25,"column":44}}],"line":25},"7":{"loc":{"start":{"line":26,"column":27},"end":{"line":26,"column":63}},"type":"binary-expr","locations":[{"start":{"line":26,"column":27},"end":{"line":26,"column":57}},{"start":{"line":26,"column":61},"end":{"line":26,"column":63}}],"line":26},"8":{"loc":{"start":{"line":27,"column":30},"end":{"line":27,"column":69}},"type":"binary-expr","locations":[{"start":{"line":27,"column":30},"end":{"line":27,"column":60}},{"start":{"line":27,"column":64},"end":{"line":27,"column":69}}],"line":27},"9":{"loc":{"start":{"line":28,"column":36},"end":{"line":28,"column":80}},"type":"binary-expr","locations":[{"start":{"line":28,"column":36},"end":{"line":28,"column":72}},{"start":{"line":28,"column":76},"end":{"line":28,"column":80}}],"line":28},"10":{"loc":{"start":{"line":29,"column":9},"end":{"line":29,"column":68}},"type":"binary-expr","locations":[{"start":{"line":29,"column":9},"end":{"line":29,"column":38}},{"start":{"line":29,"column":42},"end":{"line":29,"column":68}}],"line":29},"11":{"loc":{"start":{"line":33,"column":15},"end":{"line":33,"column":46}},"type":"binary-expr","locations":[{"start":{"line":33,"column":15},"end":{"line":33,"column":40}},{"start":{"line":33,"column":44},"end":{"line":33,"column":46}}],"line":33},"12":{"loc":{"start":{"line":36,"column":18},"end":{"line":36,"column":94}},"type":"binary-expr","locations":[{"start":{"line":36,"column":18},"end":{"line":36,"column":45}},{"start":{"line":36,"column":49},"end":{"line":36,"column":94}}],"line":36},"13":{"loc":{"start":{"line":40,"column":23},"end":{"line":40,"column":66}},"type":"binary-expr","locations":[{"start":{"line":40,"column":23},"end":{"line":40,"column":55}},{"start":{"line":40,"column":59},"end":{"line":40,"column":66}}],"line":40},"14":{"loc":{"start":{"line":41,"column":18},"end":{"line":41,"column":52}},"type":"binary-expr","locations":[{"start":{"line":41,"column":18},"end":{"line":41,"column":44}},{"start":{"line":41,"column":48},"end":{"line":41,"column":52}}],"line":41},"15":{"loc":{"start":{"line":46,"column":9},"end":{"line":46,"column":59}},"type":"binary-expr","locations":[{"start":{"line":46,"column":9},"end":{"line":46,"column":29}},{"start":{"line":46,"column":33},"end":{"line":46,"column":59}}],"line":46},"16":{"loc":{"start":{"line":47,"column":24},"end":{"line":47,"column":62}},"type":"binary-expr","locations":[{"start":{"line":47,"column":24},"end":{"line":47,"column":51}},{"start":{"line":47,"column":55},"end":{"line":47,"column":62}}],"line":47},"17":{"loc":{"start":{"line":52,"column":9},"end":{"line":52,"column":47}},"type":"binary-expr","locations":[{"start":{"line":52,"column":9},"end":{"line":52,"column":41}},{"start":{"line":52,"column":45},"end":{"line":52,"column":47}}],"line":52},"18":{"loc":{"start":{"line":53,"column":13},"end":{"line":53,"column":48}},"type":"binary-expr","locations":[{"start":{"line":53,"column":13},"end":{"line":53,"column":42}},{"start":{"line":53,"column":46},"end":{"line":53,"column":48}}],"line":53},"19":{"loc":{"start":{"line":54,"column":20},"end":{"line":54,"column":63}},"type":"binary-expr","locations":[{"start":{"line":54,"column":20},"end":{"line":54,"column":57}},{"start":{"line":54,"column":61},"end":{"line":54,"column":63}}],"line":54},"20":{"loc":{"start":{"line":59,"column":15},"end":{"line":59,"column":50}},"type":"binary-expr","locations":[{"start":{"line":59,"column":15},"end":{"line":59,"column":44}},{"start":{"line":59,"column":48},"end":{"line":59,"column":50}}],"line":59},"21":{"loc":{"start":{"line":60,"column":19},"end":{"line":60,"column":58}},"type":"binary-expr","locations":[{"start":{"line":60,"column":19},"end":{"line":60,"column":52}},{"start":{"line":60,"column":56},"end":{"line":60,"column":58}}],"line":60},"22":{"loc":{"start":{"line":78,"column":12},"end":{"line":78,"column":43}},"type":"binary-expr","locations":[{"start":{"line":78,"column":12},"end":{"line":78,"column":33}},{"start":{"line":78,"column":37},"end":{"line":78,"column":43}}],"line":78}},"s":{"0":4,"1":4,"2":4,"3":4,"4":4},"f":{},"b":{"0":[4,0],"1":[4,0],"2":[4,0],"3":[4,0],"4":[4,0],"5":[4,0],"6":[4,0],"7":[4,0],"8":[4,0],"9":[4,0],"10":[4,0],"11":[4,0],"12":[4,0],"13":[4,4],"14":[4,4],"15":[4,4],"16":[4,0],"17":[4,4],"18":[4,4],"19":[4,0],"20":[4,4],"21":[4,4],"22":[4,0]},"_coverageSchema":"1a1c01bbd47fc00a2c39e90264f33305004495a9","hash":"5201a9706b825cfa81032e6a6279d6db846ff6fa"}
,"/home/keil/fuel_finder/backend/controllers/adminController.js": {"path":"/home/keil/fuel_finder/backend/controllers/adminController.js","statementMap":{"0":{"start":{"line":6,"column":24},"end":{"line":6,"column":66}},"1":{"start":{"line":7,"column":28},"end":{"line":7,"column":70}},"2":{"start":{"line":14,"column":16},"end":{"line":14,"column":48}},"3":{"start":{"line":15,"column":17},"end":{"line":15,"column":48}},"4":{"start":{"line":17,"column":17},"end":{"line":17,"column":76}},"5":{"start":{"line":19,"column":2},"end":{"line":27,"column":5}},"6":{"start":{"line":35,"column":16},"end":{"line":35,"column":59}},"7":{"start":{"line":38,"column":2},"end":{"line":38,"column":18}},"8":{"start":{"line":46,"column":15},"end":{"line":46,"column":44}},"9":{"start":{"line":48,"column":17},"end":{"line":48,"column":65}},"10":{"start":{"line":50,"column":2},"end":{"line":53,"column":5}},"11":{"start":{"line":61,"column":19},"end":{"line":61,"column":42}},"12":{"start":{"line":62,"column":21},"end":{"line":62,"column":51}},"13":{"start":{"line":64,"column":2},"end":{"line":69,"column":3}},"14":{"start":{"line":65,"column":4},"end":{"line":68,"column":7}},"15":{"start":{"line":71,"column":17},"end":{"line":71,"column":78}},"16":{"start":{"line":73,"column":2},"end":{"line":78,"column":3}},"17":{"start":{"line":74,"column":4},"end":{"line":77,"column":7}},"18":{"start":{"line":80,"column":2},"end":{"line":84,"column":5}},"19":{"start":{"line":92,"column":19},"end":{"line":92,"column":42}},"20":{"start":{"line":94,"column":2},"end":{"line":99,"column":3}},"21":{"start":{"line":95,"column":4},"end":{"line":98,"column":7}},"22":{"start":{"line":101,"column":17},"end":{"line":101,"column":66}},"23":{"start":{"line":103,"column":2},"end":{"line":108,"column":3}},"24":{"start":{"line":104,"column":4},"end":{"line":107,"column":7}},"25":{"start":{"line":110,"column":2},"end":{"line":113,"column":5}},"26":{"start":{"line":121,"column":16},"end":{"line":121,"column":48}},"27":{"start":{"line":122,"column":17},"end":{"line":122,"column":48}},"28":{"start":{"line":123,"column":19},"end":{"line":123,"column":37}},"29":{"start":{"line":124,"column":22},"end":{"line":124,"column":44}},"30":{"start":{"line":125,"column":20},"end":{"line":125,"column":40}},"31":{"start":{"line":126,"column":18},"end":{"line":126,"column":36}},"32":{"start":{"line":128,"column":18},"end":{"line":135,"column":3}},"33":{"start":{"line":137,"column":17},"end":{"line":137,"column":66}},"34":{"start":{"line":139,"column":2},"end":{"line":147,"column":5}},"35":{"start":{"line":155,"column":20},"end":{"line":155,"column":43}},"36":{"start":{"line":156,"column":42},"end":{"line":156,"column":50}},"37":{"start":{"line":158,"column":2},"end":{"line":163,"column":3}},"38":{"start":{"line":159,"column":4},"end":{"line":162,"column":7}},"39":{"start":{"line":165,"column":2},"end":{"line":170,"column":3}},"40":{"start":{"line":166,"column":4},"end":{"line":169,"column":7}},"41":{"start":{"line":173,"column":18},"end":{"line":173,"column":20}},"42":{"start":{"line":174,"column":2},"end":{"line":189,"column":3}},"43":{"start":{"line":175,"column":33},"end":{"line":175,"column":42}},"44":{"start":{"line":177,"column":4},"end":{"line":179,"column":5}},"45":{"start":{"line":178,"column":6},"end":{"line":178,"column":15}},"46":{"start":{"line":181,"column":19},"end":{"line":186,"column":5}},"47":{"start":{"line":188,"column":4},"end":{"line":188,"column":25}},"48":{"start":{"line":191,"column":2},"end":{"line":195,"column":5}},"49":{"start":{"line":203,"column":16},"end":{"line":203,"column":51}},"50":{"start":{"line":205,"column":2},"end":{"line":208,"column":5}},"51":{"start":{"line":216,"column":16},"end":{"line":216,"column":52}},"52":{"start":{"line":218,"column":2},"end":{"line":221,"column":5}},"53":{"start":{"line":229,"column":16},"end":{"line":229,"column":48}},"54":{"start":{"line":230,"column":17},"end":{"line":230,"column":48}},"55":{"start":{"line":232,"column":15},"end":{"line":232,"column":65}},"56":{"start":{"line":234,"column":2},"end":{"line":242,"column":5}},"57":{"start":{"line":245,"column":0},"end":{"line":256,"column":2}}},"fnMap":{"0":{"name":"getPendingPriceReports","decl":{"start":{"line":13,"column":15},"end":{"line":13,"column":37}},"loc":{"start":{"line":13,"column":48},"end":{"line":28,"column":1}},"line":13},"1":{"name":"getPriceReportStats","decl":{"start":{"line":34,"column":15},"end":{"line":34,"column":34}},"loc":{"start":{"line":34,"column":45},"end":{"line":39,"column":1}},"line":34},"2":{"name":"getPriceReportTrends","decl":{"start":{"line":45,"column":15},"end":{"line":45,"column":35}},"loc":{"start":{"line":45,"column":46},"end":{"line":54,"column":1}},"line":45},"3":{"name":"verifyPriceReport","decl":{"start":{"line":60,"column":15},"end":{"line":60,"column":32}},"loc":{"start":{"line":60,"column":43},"end":{"line":85,"column":1}},"line":60},"4":{"name":"deletePriceReport","decl":{"start":{"line":91,"column":15},"end":{"line":91,"column":32}},"loc":{"start":{"line":91,"column":43},"end":{"line":114,"column":1}},"line":91},"5":{"name":"getAllPriceReports","decl":{"start":{"line":120,"column":15},"end":{"line":120,"column":33}},"loc":{"start":{"line":120,"column":44},"end":{"line":148,"column":1}},"line":120},"6":{"name":"updateStationPrices","decl":{"start":{"line":154,"column":15},"end":{"line":154,"column":34}},"loc":{"start":{"line":154,"column":45},"end":{"line":196,"column":1}},"line":154},"7":{"name":"getUserStats","decl":{"start":{"line":202,"column":15},"end":{"line":202,"column":27}},"loc":{"start":{"line":202,"column":38},"end":{"line":209,"column":1}},"line":202},"8":{"name":"getActiveUsers","decl":{"start":{"line":215,"column":15},"end":{"line":215,"column":29}},"loc":{"start":{"line":215,"column":40},"end":{"line":222,"column":1}},"line":215},"9":{"name":"getUserActivityLogs","decl":{"start":{"line":228,"column":15},"end":{"line":228,"column":34}},"loc":{"start":{"line":228,"column":45},"end":{"line":243,"column":1}},"line":228}},"branchMap":{"0":{"loc":{"start":{"line":14,"column":16},"end":{"line":14,"column":48}},"type":"binary-expr","locations":[{"start":{"line":14,"column":16},"end":{"line":14,"column":41}},{"start":{"line":14,"column":45},"end":{"line":14,"column":48}}],"line":14},"1":{"loc":{"start":{"line":15,"column":17},"end":{"line":15,"column":48}},"type":"binary-expr","locations":[{"start":{"line":15,"column":17},"end":{"line":15,"column":43}},{"start":{"line":15,"column":47},"end":{"line":15,"column":48}}],"line":15},"2":{"loc":{"start":{"line":46,"column":15},"end":{"line":46,"column":44}},"type":"binary-expr","locations":[{"start":{"line":46,"column":15},"end":{"line":46,"column":39}},{"start":{"line":46,"column":43},"end":{"line":46,"column":44}}],"line":46},"3":{"loc":{"start":{"line":62,"column":21},"end":{"line":62,"column":51}},"type":"binary-expr","locations":[{"start":{"line":62,"column":21},"end":{"line":62,"column":40}},{"start":{"line":62,"column":44},"end":{"line":62,"column":51}}],"line":62},"4":{"loc":{"start":{"line":64,"column":2},"end":{"line":69,"column":3}},"type":"if","locations":[{"start":{"line":64,"column":2},"end":{"line":69,"column":3}},{"start":{},"end":{}}],"line":64},"5":{"loc":{"start":{"line":73,"column":2},"end":{"line":78,"column":3}},"type":"if","locations":[{"start":{"line":73,"column":2},"end":{"line":78,"column":3}},{"start":{},"end":{}}],"line":73},"6":{"loc":{"start":{"line":94,"column":2},"end":{"line":99,"column":3}},"type":"if","locations":[{"start":{"line":94,"column":2},"end":{"line":99,"column":3}},{"start":{},"end":{}}],"line":94},"7":{"loc":{"start":{"line":103,"column":2},"end":{"line":108,"column":3}},"type":"if","locations":[{"start":{"line":103,"column":2},"end":{"line":108,"column":3}},{"start":{},"end":{}}],"line":103},"8":{"loc":{"start":{"line":121,"column":16},"end":{"line":121,"column":48}},"type":"binary-expr","locations":[{"start":{"line":121,"column":16},"end":{"line":121,"column":41}},{"start":{"line":121,"column":45},"end":{"line":121,"column":48}}],"line":121},"9":{"loc":{"start":{"line":122,"column":17},"end":{"line":122,"column":48}},"type":"binary-expr","locations":[{"start":{"line":122,"column":17},"end":{"line":122,"column":43}},{"start":{"line":122,"column":47},"end":{"line":122,"column":48}}],"line":122},"10":{"loc":{"start":{"line":156,"column":18},"end":{"line":156,"column":37}},"type":"default-arg","locations":[{"start":{"line":156,"column":30},"end":{"line":156,"column":37}}],"line":156},"11":{"loc":{"start":{"line":158,"column":2},"end":{"line":163,"column":3}},"type":"if","locations":[{"start":{"line":158,"column":2},"end":{"line":163,"column":3}},{"start":{},"end":{}}],"line":158},"12":{"loc":{"start":{"line":165,"column":2},"end":{"line":170,"column":3}},"type":"if","locations":[{"start":{"line":165,"column":2},"end":{"line":170,"column":3}},{"start":{},"end":{}}],"line":165},"13":{"loc":{"start":{"line":165,"column":6},"end":{"line":165,"column":39}},"type":"binary-expr","locations":[{"start":{"line":165,"column":6},"end":{"line":165,"column":13}},{"start":{"line":165,"column":17},"end":{"line":165,"column":39}}],"line":165},"14":{"loc":{"start":{"line":177,"column":4},"end":{"line":179,"column":5}},"type":"if","locations":[{"start":{"line":177,"column":4},"end":{"line":179,"column":5}},{"start":{},"end":{}}],"line":177},"15":{"loc":{"start":{"line":177,"column":8},"end":{"line":177,"column":28}},"type":"binary-expr","locations":[{"start":{"line":177,"column":8},"end":{"line":177,"column":18}},{"start":{"line":177,"column":22},"end":{"line":177,"column":28}}],"line":177},"16":{"loc":{"start":{"line":229,"column":16},"end":{"line":229,"column":48}},"type":"binary-expr","locations":[{"start":{"line":229,"column":16},"end":{"line":229,"column":41}},{"start":{"line":229,"column":45},"end":{"line":229,"column":48}}],"line":229},"17":{"loc":{"start":{"line":230,"column":17},"end":{"line":230,"column":48}},"type":"binary-expr","locations":[{"start":{"line":230,"column":17},"end":{"line":230,"column":43}},{"start":{"line":230,"column":47},"end":{"line":230,"column":48}}],"line":230}},"s":{"0":1,"1":1,"2":0,"3":0,"4":0,"5":0,"6":0,"7":0,"8":0,"9":0,"10":0,"11":0,"12":0,"13":0,"14":0,"15":0,"16":0,"17":0,"18":0,"19":0,"20":0,"21":0,"22":0,"23":0,"24":0,"25":0,"26":0,"27":0,"28":0,"29":0,"30":0,"31":0,"32":0,"33":0,"34":0,"35":0,"36":0,"37":0,"38":0,"39":0,"40":0,"41":0,"42":0,"43":0,"44":0,"45":0,"46":0,"47":0,"48":0,"49":0,"50":0,"51":0,"52":0,"53":0,"54":0,"55":0,"56":0,"57":1},"f":{"0":0,"1":0,"2":0,"3":0,"4":0,"5":0,"6":0,"7":0,"8":0,"9":0},"b":{"0":[0,0],"1":[0,0],"2":[0,0],"3":[0,0],"4":[0,0],"5":[0,0],"6":[0,0],"7":[0,0],"8":[0,0],"9":[0,0],"10":[0],"11":[0,0],"12":[0,0],"13":[0,0],"14":[0,0],"15":[0,0],"16":[0,0],"17":[0,0]},"_coverageSchema":"1a1c01bbd47fc00a2c39e90264f33305004495a9","hash":"bbec8289e0510cc8d5dfd003b3f3fc56a2b5074a"}
,"/home/keil/fuel_finder/backend/controllers/imageController.js": {"path":"/home/keil/fuel_finder/backend/controllers/imageController.js","statementMap":{"0":{"start":{"line":6,"column":21},"end":{"line":6,"column":56}},"1":{"start":{"line":7,"column":26},"end":{"line":7,"column":70}},"2":{"start":{"line":8,"column":22},"end":{"line":8,"column":62}},"3":{"start":{"line":14,"column":20},"end":{"line":14,"column":43}},"4":{"start":{"line":15,"column":2},"end":{"line":17,"column":3}},"5":{"start":{"line":16,"column":4},"end":{"line":16,"column":65}},"6":{"start":{"line":20,"column":18},"end":{"line":20,"column":67}},"7":{"start":{"line":21,"column":2},"end":{"line":23,"column":3}},"8":{"start":{"line":22,"column":4},"end":{"line":22,"column":64}},"9":{"start":{"line":25,"column":21},"end":{"line":25,"column":29}},"10":{"start":{"line":26,"column":2},"end":{"line":28,"column":3}},"11":{"start":{"line":27,"column":4},"end":{"line":27,"column":65}},"12":{"start":{"line":30,"column":2},"end":{"line":32,"column":3}},"13":{"start":{"line":31,"column":4},"end":{"line":31,"column":92}},"14":{"start":{"line":35,"column":2},"end":{"line":41,"column":3}},"15":{"start":{"line":35,"column":15},"end":{"line":35,"column":16}},"16":{"start":{"line":36,"column":4},"end":{"line":40,"column":5}},"17":{"start":{"line":37,"column":6},"end":{"line":39,"column":9}},"18":{"start":{"line":43,"column":2},"end":{"line":43,"column":82}},"19":{"start":{"line":44,"column":30},"end":{"line":44,"column":92}},"20":{"start":{"line":46,"column":2},"end":{"line":46,"column":78}},"21":{"start":{"line":47,"column":2},"end":{"line":51,"column":5}},"22":{"start":{"line":58,"column":20},"end":{"line":58,"column":43}},"23":{"start":{"line":59,"column":2},"end":{"line":61,"column":3}},"24":{"start":{"line":60,"column":4},"end":{"line":60,"column":65}},"25":{"start":{"line":63,"column":17},"end":{"line":63,"column":63}},"26":{"start":{"line":64,"column":2},"end":{"line":64,"column":23}},"27":{"start":{"line":71,"column":16},"end":{"line":71,"column":39}},"28":{"start":{"line":72,"column":2},"end":{"line":74,"column":3}},"29":{"start":{"line":73,"column":4},"end":{"line":73,"column":61}},"30":{"start":{"line":77,"column":14},"end":{"line":77,"column":51}},"31":{"start":{"line":78,"column":2},"end":{"line":80,"column":3}},"32":{"start":{"line":79,"column":4},"end":{"line":79,"column":60}},"33":{"start":{"line":82,"column":21},"end":{"line":82,"column":29}},"34":{"start":{"line":83,"column":2},"end":{"line":85,"column":3}},"35":{"start":{"line":84,"column":4},"end":{"line":84,"column":65}},"36":{"start":{"line":87,"column":2},"end":{"line":89,"column":3}},"37":{"start":{"line":88,"column":4},"end":{"line":88,"column":92}},"38":{"start":{"line":92,"column":2},"end":{"line":98,"column":3}},"39":{"start":{"line":92,"column":15},"end":{"line":92,"column":16}},"40":{"start":{"line":93,"column":4},"end":{"line":97,"column":5}},"41":{"start":{"line":94,"column":6},"end":{"line":96,"column":9}},"42":{"start":{"line":100,"column":2},"end":{"line":100,"column":74}},"43":{"start":{"line":101,"column":30},"end":{"line":101,"column":88}},"44":{"start":{"line":103,"column":2},"end":{"line":103,"column":70}},"45":{"start":{"line":104,"column":2},"end":{"line":108,"column":5}},"46":{"start":{"line":115,"column":16},"end":{"line":115,"column":39}},"47":{"start":{"line":116,"column":2},"end":{"line":118,"column":3}},"48":{"start":{"line":117,"column":4},"end":{"line":117,"column":61}},"49":{"start":{"line":120,"column":17},"end":{"line":120,"column":55}},"50":{"start":{"line":121,"column":2},"end":{"line":121,"column":23}},"51":{"start":{"line":128,"column":18},"end":{"line":128,"column":41}},"52":{"start":{"line":129,"column":2},"end":{"line":131,"column":3}},"53":{"start":{"line":130,"column":4},"end":{"line":130,"column":63}},"54":{"start":{"line":133,"column":2},"end":{"line":146,"column":3}},"55":{"start":{"line":134,"column":25},"end":{"line":134,"column":64}},"56":{"start":{"line":135,"column":4},"end":{"line":135,"column":63}},"57":{"start":{"line":136,"column":4},"end":{"line":140,"column":7}},"58":{"start":{"line":142,"column":4},"end":{"line":144,"column":5}},"59":{"start":{"line":143,"column":6},"end":{"line":143,"column":64}},"60":{"start":{"line":145,"column":4},"end":{"line":145,"column":16}},"61":{"start":{"line":153,"column":18},"end":{"line":153,"column":41}},"62":{"start":{"line":154,"column":2},"end":{"line":156,"column":3}},"63":{"start":{"line":155,"column":4},"end":{"line":155,"column":63}},"64":{"start":{"line":158,"column":2},"end":{"line":171,"column":3}},"65":{"start":{"line":159,"column":25},"end":{"line":159,"column":68}},"66":{"start":{"line":160,"column":4},"end":{"line":160,"column":68}},"67":{"start":{"line":161,"column":4},"end":{"line":165,"column":7}},"68":{"start":{"line":167,"column":4},"end":{"line":169,"column":5}},"69":{"start":{"line":168,"column":6},"end":{"line":168,"column":64}},"70":{"start":{"line":170,"column":4},"end":{"line":170,"column":16}},"71":{"start":{"line":174,"column":0},"end":{"line":181,"column":2}}},"fnMap":{"0":{"name":"uploadStationImages","decl":{"start":{"line":13,"column":15},"end":{"line":13,"column":34}},"loc":{"start":{"line":13,"column":45},"end":{"line":52,"column":1}},"line":13},"1":{"name":"getStationImages","decl":{"start":{"line":57,"column":15},"end":{"line":57,"column":31}},"loc":{"start":{"line":57,"column":42},"end":{"line":65,"column":1}},"line":57},"2":{"name":"uploadPoiImages","decl":{"start":{"line":70,"column":15},"end":{"line":70,"column":30}},"loc":{"start":{"line":70,"column":41},"end":{"line":109,"column":1}},"line":70},"3":{"name":"getPoiImages","decl":{"start":{"line":114,"column":15},"end":{"line":114,"column":27}},"loc":{"start":{"line":114,"column":38},"end":{"line":122,"column":1}},"line":114},"4":{"name":"deleteImage","decl":{"start":{"line":127,"column":15},"end":{"line":127,"column":26}},"loc":{"start":{"line":127,"column":37},"end":{"line":147,"column":1}},"line":127},"5":{"name":"setPrimaryImage","decl":{"start":{"line":152,"column":15},"end":{"line":152,"column":30}},"loc":{"start":{"line":152,"column":41},"end":{"line":172,"column":1}},"line":152}},"branchMap":{"0":{"loc":{"start":{"line":15,"column":2},"end":{"line":17,"column":3}},"type":"if","locations":[{"start":{"line":15,"column":2},"end":{"line":17,"column":3}},{"start":{},"end":{}}],"line":15},"1":{"loc":{"start":{"line":15,"column":6},"end":{"line":15,"column":36}},"type":"binary-expr","locations":[{"start":{"line":15,"column":6},"end":{"line":15,"column":16}},{"start":{"line":15,"column":20},"end":{"line":15,"column":36}}],"line":15},"2":{"loc":{"start":{"line":21,"column":2},"end":{"line":23,"column":3}},"type":"if","locations":[{"start":{"line":21,"column":2},"end":{"line":23,"column":3}},{"start":{},"end":{}}],"line":21},"3":{"loc":{"start":{"line":26,"column":2},"end":{"line":28,"column":3}},"type":"if","locations":[{"start":{"line":26,"column":2},"end":{"line":28,"column":3}},{"start":{},"end":{}}],"line":26},"4":{"loc":{"start":{"line":26,"column":6},"end":{"line":26,"column":62}},"type":"binary-expr","locations":[{"start":{"line":26,"column":6},"end":{"line":26,"column":13}},{"start":{"line":26,"column":17},"end":{"line":26,"column":39}},{"start":{"line":26,"column":43},"end":{"line":26,"column":62}}],"line":26},"5":{"loc":{"start":{"line":30,"column":2},"end":{"line":32,"column":3}},"type":"if","locations":[{"start":{"line":30,"column":2},"end":{"line":32,"column":3}},{"start":{},"end":{}}],"line":30},"6":{"loc":{"start":{"line":36,"column":4},"end":{"line":40,"column":5}},"type":"if","locations":[{"start":{"line":36,"column":4},"end":{"line":40,"column":5}},{"start":{},"end":{}}],"line":36},"7":{"loc":{"start":{"line":36,"column":8},"end":{"line":36,"column":80}},"type":"binary-expr","locations":[{"start":{"line":36,"column":8},"end":{"line":36,"column":25}},{"start":{"line":36,"column":29},"end":{"line":36,"column":80}}],"line":36},"8":{"loc":{"start":{"line":50,"column":12},"end":{"line":50,"column":50}},"type":"cond-expr","locations":[{"start":{"line":50,"column":32},"end":{"line":50,"column":38}},{"start":{"line":50,"column":41},"end":{"line":50,"column":50}}],"line":50},"9":{"loc":{"start":{"line":59,"column":2},"end":{"line":61,"column":3}},"type":"if","locations":[{"start":{"line":59,"column":2},"end":{"line":61,"column":3}},{"start":{},"end":{}}],"line":59},"10":{"loc":{"start":{"line":59,"column":6},"end":{"line":59,"column":36}},"type":"binary-expr","locations":[{"start":{"line":59,"column":6},"end":{"line":59,"column":16}},{"start":{"line":59,"column":20},"end":{"line":59,"column":36}}],"line":59},"11":{"loc":{"start":{"line":72,"column":2},"end":{"line":74,"column":3}},"type":"if","locations":[{"start":{"line":72,"column":2},"end":{"line":74,"column":3}},{"start":{},"end":{}}],"line":72},"12":{"loc":{"start":{"line":72,"column":6},"end":{"line":72,"column":28}},"type":"binary-expr","locations":[{"start":{"line":72,"column":6},"end":{"line":72,"column":12}},{"start":{"line":72,"column":16},"end":{"line":72,"column":28}}],"line":72},"13":{"loc":{"start":{"line":78,"column":2},"end":{"line":80,"column":3}},"type":"if","locations":[{"start":{"line":78,"column":2},"end":{"line":80,"column":3}},{"start":{},"end":{}}],"line":78},"14":{"loc":{"start":{"line":83,"column":2},"end":{"line":85,"column":3}},"type":"if","locations":[{"start":{"line":83,"column":2},"end":{"line":85,"column":3}},{"start":{},"end":{}}],"line":83},"15":{"loc":{"start":{"line":83,"column":6},"end":{"line":83,"column":62}},"type":"binary-expr","locations":[{"start":{"line":83,"column":6},"end":{"line":83,"column":13}},{"start":{"line":83,"column":17},"end":{"line":83,"column":39}},{"start":{"line":83,"column":43},"end":{"line":83,"column":62}}],"line":83},"16":{"loc":{"start":{"line":87,"column":2},"end":{"line":89,"column":3}},"type":"if","locations":[{"start":{"line":87,"column":2},"end":{"line":89,"column":3}},{"start":{},"end":{}}],"line":87},"17":{"loc":{"start":{"line":93,"column":4},"end":{"line":97,"column":5}},"type":"if","locations":[{"start":{"line":93,"column":4},"end":{"line":97,"column":5}},{"start":{},"end":{}}],"line":93},"18":{"loc":{"start":{"line":93,"column":8},"end":{"line":93,"column":80}},"type":"binary-expr","locations":[{"start":{"line":93,"column":8},"end":{"line":93,"column":25}},{"start":{"line":93,"column":29},"end":{"line":93,"column":80}}],"line":93},"19":{"loc":{"start":{"line":107,"column":12},"end":{"line":107,"column":50}},"type":"cond-expr","locations":[{"start":{"line":107,"column":32},"end":{"line":107,"column":38}},{"start":{"line":107,"column":41},"end":{"line":107,"column":50}}],"line":107},"20":{"loc":{"start":{"line":116,"column":2},"end":{"line":118,"column":3}},"type":"if","locations":[{"start":{"line":116,"column":2},"end":{"line":118,"column":3}},{"start":{},"end":{}}],"line":116},"21":{"loc":{"start":{"line":116,"column":6},"end":{"line":116,"column":28}},"type":"binary-expr","locations":[{"start":{"line":116,"column":6},"end":{"line":116,"column":12}},{"start":{"line":116,"column":16},"end":{"line":116,"column":28}}],"line":116},"22":{"loc":{"start":{"line":129,"column":2},"end":{"line":131,"column":3}},"type":"if","locations":[{"start":{"line":129,"column":2},"end":{"line":131,"column":3}},{"start":{},"end":{}}],"line":129},"23":{"loc":{"start":{"line":129,"column":6},"end":{"line":129,"column":32}},"type":"binary-expr","locations":[{"start":{"line":129,"column":6},"end":{"line":129,"column":14}},{"start":{"line":129,"column":18},"end":{"line":129,"column":32}}],"line":129},"24":{"loc":{"start":{"line":142,"column":4},"end":{"line":144,"column":5}},"type":"if","locations":[{"start":{"line":142,"column":4},"end":{"line":144,"column":5}},{"start":{},"end":{}}],"line":142},"25":{"loc":{"start":{"line":154,"column":2},"end":{"line":156,"column":3}},"type":"if","locations":[{"start":{"line":154,"column":2},"end":{"line":156,"column":3}},{"start":{},"end":{}}],"line":154},"26":{"loc":{"start":{"line":154,"column":6},"end":{"line":154,"column":32}},"type":"binary-expr","locations":[{"start":{"line":154,"column":6},"end":{"line":154,"column":14}},{"start":{"line":154,"column":18},"end":{"line":154,"column":32}}],"line":154},"27":{"loc":{"start":{"line":167,"column":4},"end":{"line":169,"column":5}},"type":"if","locations":[{"start":{"line":167,"column":4},"end":{"line":169,"column":5}},{"start":{},"end":{}}],"line":167}},"s":{"0":1,"1":1,"2":1,"3":0,"4":0,"5":0,"6":0,"7":0,"8":0,"9":0,"10":0,"11":0,"12":0,"13":0,"14":0,"15":0,"16":0,"17":0,"18":0,"19":0,"20":0,"21":0,"22":0,"23":0,"24":0,"25":0,"26":0,"27":0,"28":0,"29":0,"30":0,"31":0,"32":0,"33":0,"34":0,"35":0,"36":0,"37":0,"38":0,"39":0,"40":0,"41":0,"42":0,"43":0,"44":0,"45":0,"46":0,"47":0,"48":0,"49":0,"50":0,"51":0,"52":0,"53":0,"54":0,"55":0,"56":0,"57":0,"58":0,"59":0,"60":0,"61":0,"62":0,"63":0,"64":0,"65":0,"66":0,"67":0,"68":0,"69":0,"70":0,"71":1},"f":{"0":0,"1":0,"2":0,"3":0,"4":0,"5":0},"b":{"0":[0,0],"1":[0,0],"2":[0,0],"3":[0,0],"4":[0,0,0],"5":[0,0],"6":[0,0],"7":[0,0],"8":[0,0],"9":[0,0],"10":[0,0],"11":[0,0],"12":[0,0],"13":[0,0],"14":[0,0],"15":[0,0,0],"16":[0,0],"17":[0,0],"18":[0,0],"19":[0,0],"20":[0,0],"21":[0,0],"22":[0,0],"23":[0,0],"24":[0,0],"25":[0,0],"26":[0,0],"27":[0,0]},"_coverageSchema":"1a1c01bbd47fc00a2c39e90264f33305004495a9","hash":"707da849c3b472b0820746248d4b74d974b9f729"}
,"/home/keil/fuel_finder/backend/controllers/ownerController.js": {"path":"/home/keil/fuel_finder/backend/controllers/ownerController.js","statementMap":{"0":{"start":{"line":6,"column":21},"end":{"line":6,"column":56}},"1":{"start":{"line":7,"column":21},"end":{"line":7,"column":56}},"2":{"start":{"line":8,"column":52},"end":{"line":8,"column":86}},"3":{"start":{"line":9,"column":15},"end":{"line":9,"column":41}},"4":{"start":{"line":15,"column":2},"end":{"line":21,"column":3}},"5":{"start":{"line":16,"column":17},"end":{"line":16,"column":63}},"6":{"start":{"line":17,"column":4},"end":{"line":17,"column":19}},"7":{"start":{"line":19,"column":4},"end":{"line":19,"column":50}},"8":{"start":{"line":20,"column":4},"end":{"line":20,"column":85}},"9":{"start":{"line":28,"column":2},"end":{"line":34,"column":3}},"10":{"start":{"line":29,"column":17},"end":{"line":29,"column":94}},"11":{"start":{"line":30,"column":4},"end":{"line":30,"column":19}},"12":{"start":{"line":32,"column":4},"end":{"line":32,"column":50}},"13":{"start":{"line":33,"column":4},"end":{"line":33,"column":85}},"14":{"start":{"line":41,"column":2},"end":{"line":47,"column":3}},"15":{"start":{"line":42,"column":17},"end":{"line":42,"column":67}},"16":{"start":{"line":43,"column":4},"end":{"line":43,"column":19}},"17":{"start":{"line":45,"column":4},"end":{"line":45,"column":54}},"18":{"start":{"line":46,"column":4},"end":{"line":46,"column":85}},"19":{"start":{"line":54,"column":2},"end":{"line":77,"column":3}},"20":{"start":{"line":55,"column":22},"end":{"line":55,"column":45}},"21":{"start":{"line":57,"column":4},"end":{"line":62,"column":5}},"22":{"start":{"line":58,"column":6},"end":{"line":61,"column":9}},"23":{"start":{"line":64,"column":17},"end":{"line":64,"column":80}},"24":{"start":{"line":66,"column":4},"end":{"line":71,"column":5}},"25":{"start":{"line":67,"column":6},"end":{"line":70,"column":9}},"26":{"start":{"line":73,"column":4},"end":{"line":73,"column":19}},"27":{"start":{"line":75,"column":4},"end":{"line":75,"column":53}},"28":{"start":{"line":76,"column":4},"end":{"line":76,"column":85}},"29":{"start":{"line":84,"column":2},"end":{"line":113,"column":3}},"30":{"start":{"line":85,"column":22},"end":{"line":85,"column":45}},"31":{"start":{"line":87,"column":4},"end":{"line":92,"column":5}},"32":{"start":{"line":88,"column":6},"end":{"line":91,"column":9}},"33":{"start":{"line":94,"column":17},"end":{"line":94,"column":121}},"34":{"start":{"line":96,"column":4},"end":{"line":101,"column":5}},"35":{"start":{"line":97,"column":6},"end":{"line":100,"column":9}},"36":{"start":{"line":103,"column":4},"end":{"line":103,"column":19}},"37":{"start":{"line":105,"column":4},"end":{"line":107,"column":5}},"38":{"start":{"line":106,"column":6},"end":{"line":106,"column":82}},"39":{"start":{"line":108,"column":4},"end":{"line":110,"column":5}},"40":{"start":{"line":109,"column":6},"end":{"line":109,"column":84}},"41":{"start":{"line":111,"column":4},"end":{"line":111,"column":56}},"42":{"start":{"line":112,"column":4},"end":{"line":112,"column":85}},"43":{"start":{"line":120,"column":2},"end":{"line":178,"column":3}},"44":{"start":{"line":121,"column":20},"end":{"line":121,"column":36}},"45":{"start":{"line":122,"column":22},"end":{"line":122,"column":45}},"46":{"start":{"line":123,"column":33},"end":{"line":123,"column":41}},"47":{"start":{"line":125,"column":4},"end":{"line":130,"column":5}},"48":{"start":{"line":126,"column":6},"end":{"line":129,"column":9}},"49":{"start":{"line":132,"column":4},"end":{"line":137,"column":5}},"50":{"start":{"line":133,"column":6},"end":{"line":136,"column":9}},"51":{"start":{"line":140,"column":23},"end":{"line":140,"column":40}},"52":{"start":{"line":141,"column":4},"end":{"line":146,"column":5}},"53":{"start":{"line":142,"column":6},"end":{"line":145,"column":9}},"54":{"start":{"line":149,"column":22},"end":{"line":149,"column":69}},"55":{"start":{"line":150,"column":4},"end":{"line":155,"column":5}},"56":{"start":{"line":151,"column":6},"end":{"line":154,"column":9}},"57":{"start":{"line":157,"column":4},"end":{"line":157,"column":82}},"58":{"start":{"line":160,"column":4},"end":{"line":167,"column":6}},"59":{"start":{"line":169,"column":4},"end":{"line":174,"column":7}},"60":{"start":{"line":176,"column":4},"end":{"line":176,"column":53}},"61":{"start":{"line":177,"column":4},"end":{"line":177,"column":85}},"62":{"start":{"line":185,"column":2},"end":{"line":240,"column":3}},"63":{"start":{"line":186,"column":20},"end":{"line":186,"column":36}},"64":{"start":{"line":187,"column":22},"end":{"line":187,"column":45}},"65":{"start":{"line":188,"column":21},"end":{"line":188,"column":40}},"66":{"start":{"line":190,"column":4},"end":{"line":195,"column":5}},"67":{"start":{"line":191,"column":6},"end":{"line":194,"column":9}},"68":{"start":{"line":197,"column":4},"end":{"line":202,"column":5}},"69":{"start":{"line":198,"column":6},"end":{"line":201,"column":9}},"70":{"start":{"line":205,"column":22},"end":{"line":205,"column":69}},"71":{"start":{"line":206,"column":4},"end":{"line":211,"column":5}},"72":{"start":{"line":207,"column":6},"end":{"line":210,"column":9}},"73":{"start":{"line":213,"column":19},"end":{"line":213,"column":94}},"74":{"start":{"line":215,"column":4},"end":{"line":220,"column":5}},"75":{"start":{"line":216,"column":6},"end":{"line":219,"column":9}},"76":{"start":{"line":223,"column":4},"end":{"line":230,"column":6}},"77":{"start":{"line":232,"column":4},"end":{"line":236,"column":7}},"78":{"start":{"line":238,"column":4},"end":{"line":238,"column":53}},"79":{"start":{"line":239,"column":4},"end":{"line":239,"column":85}},"80":{"start":{"line":247,"column":2},"end":{"line":254,"column":3}},"81":{"start":{"line":248,"column":18},"end":{"line":248,"column":49}},"82":{"start":{"line":249,"column":17},"end":{"line":249,"column":80}},"83":{"start":{"line":250,"column":4},"end":{"line":250,"column":19}},"84":{"start":{"line":252,"column":4},"end":{"line":252,"column":60}},"85":{"start":{"line":253,"column":4},"end":{"line":253,"column":85}},"86":{"start":{"line":261,"column":2},"end":{"line":338,"column":3}},"87":{"start":{"line":262,"column":20},"end":{"line":262,"column":36}},"88":{"start":{"line":263,"column":21},"end":{"line":263,"column":44}},"89":{"start":{"line":264,"column":22},"end":{"line":264,"column":30}},"90":{"start":{"line":266,"column":4},"end":{"line":271,"column":5}},"91":{"start":{"line":267,"column":6},"end":{"line":270,"column":9}},"92":{"start":{"line":296,"column":21},"end":{"line":296,"column":50}},"93":{"start":{"line":297,"column":24},"end":{"line":300,"column":5}},"94":{"start":{"line":302,"column":4},"end":{"line":304,"column":5}},"95":{"start":{"line":303,"column":6},"end":{"line":303,"column":65}},"96":{"start":{"line":306,"column":4},"end":{"line":308,"column":5}},"97":{"start":{"line":307,"column":6},"end":{"line":307,"column":114}},"98":{"start":{"line":310,"column":19},"end":{"line":310,"column":101}},"99":{"start":{"line":313,"column":4},"end":{"line":325,"column":6}},"100":{"start":{"line":327,"column":4},"end":{"line":331,"column":7}},"101":{"start":{"line":333,"column":4},"end":{"line":335,"column":5}},"102":{"start":{"line":334,"column":6},"end":{"line":334,"column":65}},"103":{"start":{"line":336,"column":4},"end":{"line":336,"column":55}},"104":{"start":{"line":337,"column":4},"end":{"line":337,"column":85}},"105":{"start":{"line":345,"column":2},"end":{"line":401,"column":3}},"106":{"start":{"line":346,"column":20},"end":{"line":346,"column":36}},"107":{"start":{"line":347,"column":21},"end":{"line":347,"column":44}},"108":{"start":{"line":348,"column":23},"end":{"line":348,"column":31}},"109":{"start":{"line":350,"column":4},"end":{"line":355,"column":5}},"110":{"start":{"line":351,"column":6},"end":{"line":354,"column":9}},"111":{"start":{"line":358,"column":21},"end":{"line":358,"column":50}},"112":{"start":{"line":359,"column":24},"end":{"line":362,"column":5}},"113":{"start":{"line":364,"column":4},"end":{"line":366,"column":5}},"114":{"start":{"line":365,"column":6},"end":{"line":365,"column":65}},"115":{"start":{"line":368,"column":4},"end":{"line":370,"column":5}},"116":{"start":{"line":369,"column":6},"end":{"line":369,"column":114}},"117":{"start":{"line":372,"column":19},"end":{"line":372,"column":85}},"118":{"start":{"line":375,"column":4},"end":{"line":388,"column":6}},"119":{"start":{"line":390,"column":4},"end":{"line":394,"column":7}},"120":{"start":{"line":396,"column":4},"end":{"line":398,"column":5}},"121":{"start":{"line":397,"column":6},"end":{"line":397,"column":65}},"122":{"start":{"line":399,"column":4},"end":{"line":399,"column":55}},"123":{"start":{"line":400,"column":4},"end":{"line":400,"column":85}},"124":{"start":{"line":408,"column":2},"end":{"line":416,"column":3}},"125":{"start":{"line":409,"column":18},"end":{"line":409,"column":50}},"126":{"start":{"line":410,"column":19},"end":{"line":410,"column":50}},"127":{"start":{"line":411,"column":17},"end":{"line":411,"column":84}},"128":{"start":{"line":412,"column":4},"end":{"line":412,"column":19}},"129":{"start":{"line":414,"column":4},"end":{"line":414,"column":53}},"130":{"start":{"line":415,"column":4},"end":{"line":415,"column":85}},"131":{"start":{"line":423,"column":2},"end":{"line":429,"column":3}},"132":{"start":{"line":424,"column":17},"end":{"line":424,"column":66}},"133":{"start":{"line":425,"column":4},"end":{"line":425,"column":19}},"134":{"start":{"line":427,"column":4},"end":{"line":427,"column":50}},"135":{"start":{"line":428,"column":4},"end":{"line":428,"column":85}},"136":{"start":{"line":433,"column":2},"end":{"line":441,"column":3}},"137":{"start":{"line":434,"column":17},"end":{"line":434,"column":45}},"138":{"start":{"line":435,"column":25},"end":{"line":435,"column":53}},"139":{"start":{"line":436,"column":17},"end":{"line":436,"column":91}},"140":{"start":{"line":437,"column":4},"end":{"line":437,"column":19}},"141":{"start":{"line":439,"column":4},"end":{"line":439,"column":55}},"142":{"start":{"line":440,"column":4},"end":{"line":440,"column":85}},"143":{"start":{"line":444,"column":0},"end":{"line":458,"column":2}}},"fnMap":{"0":{"name":"getOwnerInfo","decl":{"start":{"line":14,"column":15},"end":{"line":14,"column":27}},"loc":{"start":{"line":14,"column":38},"end":{"line":22,"column":1}},"line":14},"1":{"name":"getDashboard","decl":{"start":{"line":27,"column":15},"end":{"line":27,"column":27}},"loc":{"start":{"line":27,"column":38},"end":{"line":35,"column":1}},"line":27},"2":{"name":"getOwnerStations","decl":{"start":{"line":40,"column":15},"end":{"line":40,"column":31}},"loc":{"start":{"line":40,"column":42},"end":{"line":48,"column":1}},"line":40},"3":{"name":"getOwnerStation","decl":{"start":{"line":53,"column":15},"end":{"line":53,"column":30}},"loc":{"start":{"line":53,"column":41},"end":{"line":78,"column":1}},"line":53},"4":{"name":"updateOwnerStation","decl":{"start":{"line":83,"column":15},"end":{"line":83,"column":33}},"loc":{"start":{"line":83,"column":44},"end":{"line":114,"column":1}},"line":83},"5":{"name":"updateFuelPrice","decl":{"start":{"line":119,"column":15},"end":{"line":119,"column":30}},"loc":{"start":{"line":119,"column":41},"end":{"line":179,"column":1}},"line":119},"6":{"name":"deleteFuelPrice","decl":{"start":{"line":184,"column":15},"end":{"line":184,"column":30}},"loc":{"start":{"line":184,"column":41},"end":{"line":241,"column":1}},"line":184},"7":{"name":"getPendingPriceReports","decl":{"start":{"line":246,"column":15},"end":{"line":246,"column":37}},"loc":{"start":{"line":246,"column":48},"end":{"line":255,"column":1}},"line":246},"8":{"name":"verifyPriceReport","decl":{"start":{"line":260,"column":15},"end":{"line":260,"column":32}},"loc":{"start":{"line":260,"column":43},"end":{"line":339,"column":1}},"line":260},"9":{"name":"rejectPriceReport","decl":{"start":{"line":344,"column":15},"end":{"line":344,"column":32}},"loc":{"start":{"line":344,"column":43},"end":{"line":402,"column":1}},"line":344},"10":{"name":"getActivityLogs","decl":{"start":{"line":407,"column":15},"end":{"line":407,"column":30}},"loc":{"start":{"line":407,"column":41},"end":{"line":417,"column":1}},"line":407},"11":{"name":"getAnalytics","decl":{"start":{"line":422,"column":15},"end":{"line":422,"column":27}},"loc":{"start":{"line":422,"column":38},"end":{"line":430,"column":1}},"line":422},"12":{"name":"getMarketInsights","decl":{"start":{"line":432,"column":15},"end":{"line":432,"column":32}},"loc":{"start":{"line":432,"column":43},"end":{"line":442,"column":1}},"line":432}},"branchMap":{"0":{"loc":{"start":{"line":57,"column":4},"end":{"line":62,"column":5}},"type":"if","locations":[{"start":{"line":57,"column":4},"end":{"line":62,"column":5}},{"start":{},"end":{}}],"line":57},"1":{"loc":{"start":{"line":66,"column":4},"end":{"line":71,"column":5}},"type":"if","locations":[{"start":{"line":66,"column":4},"end":{"line":71,"column":5}},{"start":{},"end":{}}],"line":66},"2":{"loc":{"start":{"line":87,"column":4},"end":{"line":92,"column":5}},"type":"if","locations":[{"start":{"line":87,"column":4},"end":{"line":92,"column":5}},{"start":{},"end":{}}],"line":87},"3":{"loc":{"start":{"line":96,"column":4},"end":{"line":101,"column":5}},"type":"if","locations":[{"start":{"line":96,"column":4},"end":{"line":101,"column":5}},{"start":{},"end":{}}],"line":96},"4":{"loc":{"start":{"line":105,"column":4},"end":{"line":107,"column":5}},"type":"if","locations":[{"start":{"line":105,"column":4},"end":{"line":107,"column":5}},{"start":{},"end":{}}],"line":105},"5":{"loc":{"start":{"line":108,"column":4},"end":{"line":110,"column":5}},"type":"if","locations":[{"start":{"line":108,"column":4},"end":{"line":110,"column":5}},{"start":{},"end":{}}],"line":108},"6":{"loc":{"start":{"line":125,"column":4},"end":{"line":130,"column":5}},"type":"if","locations":[{"start":{"line":125,"column":4},"end":{"line":130,"column":5}},{"start":{},"end":{}}],"line":125},"7":{"loc":{"start":{"line":132,"column":4},"end":{"line":137,"column":5}},"type":"if","locations":[{"start":{"line":132,"column":4},"end":{"line":137,"column":5}},{"start":{},"end":{}}],"line":132},"8":{"loc":{"start":{"line":132,"column":8},"end":{"line":132,"column":28}},"type":"binary-expr","locations":[{"start":{"line":132,"column":8},"end":{"line":132,"column":18}},{"start":{"line":132,"column":22},"end":{"line":132,"column":28}}],"line":132},"9":{"loc":{"start":{"line":141,"column":4},"end":{"line":146,"column":5}},"type":"if","locations":[{"start":{"line":141,"column":4},"end":{"line":146,"column":5}},{"start":{},"end":{}}],"line":141},"10":{"loc":{"start":{"line":141,"column":8},"end":{"line":141,"column":44}},"type":"binary-expr","locations":[{"start":{"line":141,"column":8},"end":{"line":141,"column":25}},{"start":{"line":141,"column":29},"end":{"line":141,"column":44}}],"line":141},"11":{"loc":{"start":{"line":150,"column":4},"end":{"line":155,"column":5}},"type":"if","locations":[{"start":{"line":150,"column":4},"end":{"line":155,"column":5}},{"start":{},"end":{}}],"line":150},"12":{"loc":{"start":{"line":190,"column":4},"end":{"line":195,"column":5}},"type":"if","locations":[{"start":{"line":190,"column":4},"end":{"line":195,"column":5}},{"start":{},"end":{}}],"line":190},"13":{"loc":{"start":{"line":197,"column":4},"end":{"line":202,"column":5}},"type":"if","locations":[{"start":{"line":197,"column":4},"end":{"line":202,"column":5}},{"start":{},"end":{}}],"line":197},"14":{"loc":{"start":{"line":206,"column":4},"end":{"line":211,"column":5}},"type":"if","locations":[{"start":{"line":206,"column":4},"end":{"line":211,"column":5}},{"start":{},"end":{}}],"line":206},"15":{"loc":{"start":{"line":215,"column":4},"end":{"line":220,"column":5}},"type":"if","locations":[{"start":{"line":215,"column":4},"end":{"line":220,"column":5}},{"start":{},"end":{}}],"line":215},"16":{"loc":{"start":{"line":248,"column":18},"end":{"line":248,"column":49}},"type":"binary-expr","locations":[{"start":{"line":248,"column":18},"end":{"line":248,"column":43}},{"start":{"line":248,"column":47},"end":{"line":248,"column":49}}],"line":248},"17":{"loc":{"start":{"line":266,"column":4},"end":{"line":271,"column":5}},"type":"if","locations":[{"start":{"line":266,"column":4},"end":{"line":271,"column":5}},{"start":{},"end":{}}],"line":266},"18":{"loc":{"start":{"line":302,"column":4},"end":{"line":304,"column":5}},"type":"if","locations":[{"start":{"line":302,"column":4},"end":{"line":304,"column":5}},{"start":{},"end":{}}],"line":302},"19":{"loc":{"start":{"line":306,"column":4},"end":{"line":308,"column":5}},"type":"if","locations":[{"start":{"line":306,"column":4},"end":{"line":308,"column":5}},{"start":{},"end":{}}],"line":306},"20":{"loc":{"start":{"line":333,"column":4},"end":{"line":335,"column":5}},"type":"if","locations":[{"start":{"line":333,"column":4},"end":{"line":335,"column":5}},{"start":{},"end":{}}],"line":333},"21":{"loc":{"start":{"line":350,"column":4},"end":{"line":355,"column":5}},"type":"if","locations":[{"start":{"line":350,"column":4},"end":{"line":355,"column":5}},{"start":{},"end":{}}],"line":350},"22":{"loc":{"start":{"line":364,"column":4},"end":{"line":366,"column":5}},"type":"if","locations":[{"start":{"line":364,"column":4},"end":{"line":366,"column":5}},{"start":{},"end":{}}],"line":364},"23":{"loc":{"start":{"line":368,"column":4},"end":{"line":370,"column":5}},"type":"if","locations":[{"start":{"line":368,"column":4},"end":{"line":370,"column":5}},{"start":{},"end":{}}],"line":368},"24":{"loc":{"start":{"line":386,"column":16},"end":{"line":386,"column":46}},"type":"binary-expr","locations":[{"start":{"line":386,"column":16},"end":{"line":386,"column":22}},{"start":{"line":386,"column":26},"end":{"line":386,"column":46}}],"line":386},"25":{"loc":{"start":{"line":396,"column":4},"end":{"line":398,"column":5}},"type":"if","locations":[{"start":{"line":396,"column":4},"end":{"line":398,"column":5}},{"start":{},"end":{}}],"line":396},"26":{"loc":{"start":{"line":409,"column":18},"end":{"line":409,"column":50}},"type":"binary-expr","locations":[{"start":{"line":409,"column":18},"end":{"line":409,"column":43}},{"start":{"line":409,"column":47},"end":{"line":409,"column":50}}],"line":409},"27":{"loc":{"start":{"line":410,"column":19},"end":{"line":410,"column":50}},"type":"binary-expr","locations":[{"start":{"line":410,"column":19},"end":{"line":410,"column":45}},{"start":{"line":410,"column":49},"end":{"line":410,"column":50}}],"line":410},"28":{"loc":{"start":{"line":435,"column":25},"end":{"line":435,"column":53}},"type":"binary-expr","locations":[{"start":{"line":435,"column":25},"end":{"line":435,"column":47}},{"start":{"line":435,"column":51},"end":{"line":435,"column":53}}],"line":435}},"s":{"0":1,"1":1,"2":1,"3":1,"4":0,"5":0,"6":0,"7":0,"8":0,"9":0,"10":0,"11":0,"12":0,"13":0,"14":0,"15":0,"16":0,"17":0,"18":0,"19":0,"20":0,"21":0,"22":0,"23":0,"24":0,"25":0,"26":0,"27":0,"28":0,"29":0,"30":0,"31":0,"32":0,"33":0,"34":0,"35":0,"36":0,"37":0,"38":0,"39":0,"40":0,"41":0,"42":0,"43":0,"44":0,"45":0,"46":0,"47":0,"48":0,"49":0,"50":0,"51":0,"52":0,"53":0,"54":0,"55":0,"56":0,"57":0,"58":0,"59":0,"60":0,"61":0,"62":0,"63":0,"64":0,"65":0,"66":0,"67":0,"68":0,"69":0,"70":0,"71":0,"72":0,"73":0,"74":0,"75":0,"76":0,"77":0,"78":0,"79":0,"80":0,"81":0,"82":0,"83":0,"84":0,"85":0,"86":0,"87":0,"88":0,"89":0,"90":0,"91":0,"92":0,"93":0,"94":0,"95":0,"96":0,"97":0,"98":0,"99":0,"100":0,"101":0,"102":0,"103":0,"104":0,"105":0,"106":0,"107":0,"108":0,"109":0,"110":0,"111":0,"112":0,"113":0,"114":0,"115":0,"116":0,"117":0,"118":0,"119":0,"120":0,"121":0,"122":0,"123":0,"124":0,"125":0,"126":0,"127":0,"128":0,"129":0,"130":0,"131":0,"132":0,"133":0,"134":0,"135":0,"136":0,"137":0,"138":0,"139":0,"140":0,"141":0,"142":0,"143":1},"f":{"0":0,"1":0,"2":0,"3":0,"4":0,"5":0,"6":0,"7":0,"8":0,"9":0,"10":0,"11":0,"12":0},"b":{"0":[0,0],"1":[0,0],"2":[0,0],"3":[0,0],"4":[0,0],"5":[0,0],"6":[0,0],"7":[0,0],"8":[0,0],"9":[0,0],"10":[0,0],"11":[0,0],"12":[0,0],"13":[0,0],"14":[0,0],"15":[0,0],"16":[0,0],"17":[0,0],"18":[0,0],"19":[0,0],"20":[0,0],"21":[0,0],"22":[0,0],"23":[0,0],"24":[0,0],"25":[0,0],"26":[0,0],"27":[0,0],"28":[0,0]},"_coverageSchema":"1a1c01bbd47fc00a2c39e90264f33305004495a9","hash":"954acccc6056f3ea737baf261d501e9cfdda97ca"}
,"/home/keil/fuel_finder/backend/controllers/poiController.js": {"path":"/home/keil/fuel_finder/backend/controllers/poiController.js","statementMap":{"0":{"start":{"line":6,"column":19},"end":{"line":6,"column":52}},"1":{"start":{"line":7,"column":15},"end":{"line":7,"column":41}},"2":{"start":{"line":13,"column":2},"end":{"line":19,"column":3}},"3":{"start":{"line":14,"column":17},"end":{"line":14,"column":46}},"4":{"start":{"line":15,"column":4},"end":{"line":15,"column":19}},"5":{"start":{"line":17,"column":4},"end":{"line":17,"column":48}},"6":{"start":{"line":18,"column":4},"end":{"line":18,"column":85}},"7":{"start":{"line":26,"column":2},"end":{"line":50,"column":3}},"8":{"start":{"line":27,"column":16},"end":{"line":27,"column":41}},"9":{"start":{"line":28,"column":16},"end":{"line":28,"column":41}},"10":{"start":{"line":29,"column":19},"end":{"line":29,"column":79}},"11":{"start":{"line":31,"column":4},"end":{"line":36,"column":5}},"12":{"start":{"line":32,"column":6},"end":{"line":35,"column":9}},"13":{"start":{"line":38,"column":4},"end":{"line":43,"column":5}},"14":{"start":{"line":39,"column":6},"end":{"line":42,"column":9}},"15":{"start":{"line":45,"column":17},"end":{"line":45,"column":65}},"16":{"start":{"line":46,"column":4},"end":{"line":46,"column":19}},"17":{"start":{"line":48,"column":4},"end":{"line":48,"column":51}},"18":{"start":{"line":49,"column":4},"end":{"line":49,"column":85}},"19":{"start":{"line":57,"column":2},"end":{"line":80,"column":3}},"20":{"start":{"line":58,"column":18},"end":{"line":58,"column":41}},"21":{"start":{"line":60,"column":4},"end":{"line":65,"column":5}},"22":{"start":{"line":61,"column":6},"end":{"line":64,"column":9}},"23":{"start":{"line":67,"column":17},"end":{"line":67,"column":51}},"24":{"start":{"line":69,"column":4},"end":{"line":74,"column":5}},"25":{"start":{"line":70,"column":6},"end":{"line":73,"column":9}},"26":{"start":{"line":76,"column":4},"end":{"line":76,"column":19}},"27":{"start":{"line":78,"column":4},"end":{"line":78,"column":48}},"28":{"start":{"line":79,"column":4},"end":{"line":79,"column":85}},"29":{"start":{"line":87,"column":2},"end":{"line":110,"column":3}},"30":{"start":{"line":88,"column":37},"end":{"line":88,"column":45}},"31":{"start":{"line":91,"column":4},"end":{"line":96,"column":5}},"32":{"start":{"line":92,"column":6},"end":{"line":95,"column":9}},"33":{"start":{"line":98,"column":4},"end":{"line":103,"column":5}},"34":{"start":{"line":99,"column":6},"end":{"line":102,"column":9}},"35":{"start":{"line":105,"column":17},"end":{"line":105,"column":53}},"36":{"start":{"line":106,"column":4},"end":{"line":106,"column":31}},"37":{"start":{"line":108,"column":4},"end":{"line":108,"column":47}},"38":{"start":{"line":109,"column":4},"end":{"line":109,"column":85}},"39":{"start":{"line":117,"column":2},"end":{"line":149,"column":3}},"40":{"start":{"line":118,"column":18},"end":{"line":118,"column":41}},"41":{"start":{"line":119,"column":21},"end":{"line":119,"column":29}},"42":{"start":{"line":121,"column":4},"end":{"line":126,"column":5}},"43":{"start":{"line":122,"column":6},"end":{"line":125,"column":9}},"44":{"start":{"line":129,"column":4},"end":{"line":134,"column":5}},"45":{"start":{"line":130,"column":6},"end":{"line":133,"column":9}},"46":{"start":{"line":136,"column":17},"end":{"line":136,"column":60}},"47":{"start":{"line":138,"column":4},"end":{"line":143,"column":5}},"48":{"start":{"line":139,"column":6},"end":{"line":142,"column":9}},"49":{"start":{"line":145,"column":4},"end":{"line":145,"column":19}},"50":{"start":{"line":147,"column":4},"end":{"line":147,"column":47}},"51":{"start":{"line":148,"column":4},"end":{"line":148,"column":85}},"52":{"start":{"line":156,"column":2},"end":{"line":183,"column":3}},"53":{"start":{"line":157,"column":18},"end":{"line":157,"column":41}},"54":{"start":{"line":159,"column":4},"end":{"line":164,"column":5}},"55":{"start":{"line":160,"column":6},"end":{"line":163,"column":9}},"56":{"start":{"line":166,"column":20},"end":{"line":166,"column":53}},"57":{"start":{"line":168,"column":4},"end":{"line":173,"column":5}},"58":{"start":{"line":169,"column":6},"end":{"line":172,"column":9}},"59":{"start":{"line":175,"column":4},"end":{"line":179,"column":7}},"60":{"start":{"line":181,"column":4},"end":{"line":181,"column":47}},"61":{"start":{"line":182,"column":4},"end":{"line":182,"column":85}},"62":{"start":{"line":186,"column":0},"end":{"line":193,"column":2}}},"fnMap":{"0":{"name":"getAllPois","decl":{"start":{"line":12,"column":15},"end":{"line":12,"column":25}},"loc":{"start":{"line":12,"column":36},"end":{"line":20,"column":1}},"line":12},"1":{"name":"getNearbyPois","decl":{"start":{"line":25,"column":15},"end":{"line":25,"column":28}},"loc":{"start":{"line":25,"column":39},"end":{"line":51,"column":1}},"line":25},"2":{"name":"getPoiById","decl":{"start":{"line":56,"column":15},"end":{"line":56,"column":25}},"loc":{"start":{"line":56,"column":36},"end":{"line":81,"column":1}},"line":56},"3":{"name":"createPoi","decl":{"start":{"line":86,"column":15},"end":{"line":86,"column":24}},"loc":{"start":{"line":86,"column":35},"end":{"line":111,"column":1}},"line":86},"4":{"name":"updatePoi","decl":{"start":{"line":116,"column":15},"end":{"line":116,"column":24}},"loc":{"start":{"line":116,"column":35},"end":{"line":150,"column":1}},"line":116},"5":{"name":"deletePoi","decl":{"start":{"line":155,"column":15},"end":{"line":155,"column":24}},"loc":{"start":{"line":155,"column":35},"end":{"line":184,"column":1}},"line":155}},"branchMap":{"0":{"loc":{"start":{"line":29,"column":19},"end":{"line":29,"column":79}},"type":"binary-expr","locations":[{"start":{"line":29,"column":19},"end":{"line":29,"column":71}},{"start":{"line":29,"column":75},"end":{"line":29,"column":79}}],"line":29},"1":{"loc":{"start":{"line":29,"column":28},"end":{"line":29,"column":70}},"type":"binary-expr","locations":[{"start":{"line":29,"column":28},"end":{"line":29,"column":50}},{"start":{"line":29,"column":54},"end":{"line":29,"column":70}}],"line":29},"2":{"loc":{"start":{"line":31,"column":4},"end":{"line":36,"column":5}},"type":"if","locations":[{"start":{"line":31,"column":4},"end":{"line":36,"column":5}},{"start":{},"end":{}}],"line":31},"3":{"loc":{"start":{"line":31,"column":8},"end":{"line":31,"column":32}},"type":"binary-expr","locations":[{"start":{"line":31,"column":8},"end":{"line":31,"column":18}},{"start":{"line":31,"column":22},"end":{"line":31,"column":32}}],"line":31},"4":{"loc":{"start":{"line":38,"column":4},"end":{"line":43,"column":5}},"type":"if","locations":[{"start":{"line":38,"column":4},"end":{"line":43,"column":5}},{"start":{},"end":{}}],"line":38},"5":{"loc":{"start":{"line":38,"column":8},"end":{"line":38,"column":56}},"type":"binary-expr","locations":[{"start":{"line":38,"column":8},"end":{"line":38,"column":17}},{"start":{"line":38,"column":21},"end":{"line":38,"column":29}},{"start":{"line":38,"column":33},"end":{"line":38,"column":43}},{"start":{"line":38,"column":47},"end":{"line":38,"column":56}}],"line":38},"6":{"loc":{"start":{"line":60,"column":4},"end":{"line":65,"column":5}},"type":"if","locations":[{"start":{"line":60,"column":4},"end":{"line":65,"column":5}},{"start":{},"end":{}}],"line":60},"7":{"loc":{"start":{"line":60,"column":8},"end":{"line":60,"column":30}},"type":"binary-expr","locations":[{"start":{"line":60,"column":8},"end":{"line":60,"column":14}},{"start":{"line":60,"column":18},"end":{"line":60,"column":30}}],"line":60},"8":{"loc":{"start":{"line":69,"column":4},"end":{"line":74,"column":5}},"type":"if","locations":[{"start":{"line":69,"column":4},"end":{"line":74,"column":5}},{"start":{},"end":{}}],"line":69},"9":{"loc":{"start":{"line":91,"column":4},"end":{"line":96,"column":5}},"type":"if","locations":[{"start":{"line":91,"column":4},"end":{"line":96,"column":5}},{"start":{},"end":{}}],"line":91},"10":{"loc":{"start":{"line":91,"column":8},"end":{"line":91,"column":69}},"type":"binary-expr","locations":[{"start":{"line":91,"column":8},"end":{"line":91,"column":13}},{"start":{"line":91,"column":17},"end":{"line":91,"column":22}},{"start":{"line":91,"column":26},"end":{"line":91,"column":35}},{"start":{"line":91,"column":39},"end":{"line":91,"column":52}},{"start":{"line":91,"column":56},"end":{"line":91,"column":69}}],"line":91},"11":{"loc":{"start":{"line":98,"column":4},"end":{"line":103,"column":5}},"type":"if","locations":[{"start":{"line":98,"column":4},"end":{"line":103,"column":5}},{"start":{},"end":{}}],"line":98},"12":{"loc":{"start":{"line":121,"column":4},"end":{"line":126,"column":5}},"type":"if","locations":[{"start":{"line":121,"column":4},"end":{"line":126,"column":5}},{"start":{},"end":{}}],"line":121},"13":{"loc":{"start":{"line":121,"column":8},"end":{"line":121,"column":30}},"type":"binary-expr","locations":[{"start":{"line":121,"column":8},"end":{"line":121,"column":14}},{"start":{"line":121,"column":18},"end":{"line":121,"column":30}}],"line":121},"14":{"loc":{"start":{"line":129,"column":4},"end":{"line":134,"column":5}},"type":"if","locations":[{"start":{"line":129,"column":4},"end":{"line":134,"column":5}},{"start":{},"end":{}}],"line":129},"15":{"loc":{"start":{"line":129,"column":8},"end":{"line":129,"column":90}},"type":"binary-expr","locations":[{"start":{"line":129,"column":8},"end":{"line":129,"column":12}},{"start":{"line":129,"column":16},"end":{"line":129,"column":90}}],"line":129},"16":{"loc":{"start":{"line":138,"column":4},"end":{"line":143,"column":5}},"type":"if","locations":[{"start":{"line":138,"column":4},"end":{"line":143,"column":5}},{"start":{},"end":{}}],"line":138},"17":{"loc":{"start":{"line":159,"column":4},"end":{"line":164,"column":5}},"type":"if","locations":[{"start":{"line":159,"column":4},"end":{"line":164,"column":5}},{"start":{},"end":{}}],"line":159},"18":{"loc":{"start":{"line":159,"column":8},"end":{"line":159,"column":30}},"type":"binary-expr","locations":[{"start":{"line":159,"column":8},"end":{"line":159,"column":14}},{"start":{"line":159,"column":18},"end":{"line":159,"column":30}}],"line":159},"19":{"loc":{"start":{"line":168,"column":4},"end":{"line":173,"column":5}},"type":"if","locations":[{"start":{"line":168,"column":4},"end":{"line":173,"column":5}},{"start":{},"end":{}}],"line":168}},"s":{"0":1,"1":1,"2":0,"3":0,"4":0,"5":0,"6":0,"7":0,"8":0,"9":0,"10":0,"11":0,"12":0,"13":0,"14":0,"15":0,"16":0,"17":0,"18":0,"19":0,"20":0,"21":0,"22":0,"23":0,"24":0,"25":0,"26":0,"27":0,"28":0,"29":0,"30":0,"31":0,"32":0,"33":0,"34":0,"35":0,"36":0,"37":0,"38":0,"39":0,"40":0,"41":0,"42":0,"43":0,"44":0,"45":0,"46":0,"47":0,"48":0,"49":0,"50":0,"51":0,"52":0,"53":0,"54":0,"55":0,"56":0,"57":0,"58":0,"59":0,"60":0,"61":0,"62":1},"f":{"0":0,"1":0,"2":0,"3":0,"4":0,"5":0},"b":{"0":[0,0],"1":[0,0],"2":[0,0],"3":[0,0],"4":[0,0],"5":[0,0,0,0],"6":[0,0],"7":[0,0],"8":[0,0],"9":[0,0],"10":[0,0,0,0,0],"11":[0,0],"12":[0,0],"13":[0,0],"14":[0,0],"15":[0,0],"16":[0,0],"17":[0,0],"18":[0,0],"19":[0,0]},"_coverageSchema":"1a1c01bbd47fc00a2c39e90264f33305004495a9","hash":"c2c037361c3920d7340071f67f624b9a4cc579b1"}
,"/home/keil/fuel_finder/backend/controllers/reviewController.js": {"path":"/home/keil/fuel_finder/backend/controllers/reviewController.js","statementMap":{"0":{"start":{"line":6,"column":25},"end":{"line":6,"column":68}},"1":{"start":{"line":13,"column":2},"end":{"line":103,"column":3}},"2":{"start":{"line":20,"column":8},"end":{"line":20,"column":16}},"3":{"start":{"line":23,"column":4},"end":{"line":27,"column":5}},"4":{"start":{"line":24,"column":6},"end":{"line":26,"column":9}},"5":{"start":{"line":29,"column":4},"end":{"line":33,"column":5}},"6":{"start":{"line":30,"column":6},"end":{"line":32,"column":9}},"7":{"start":{"line":35,"column":4},"end":{"line":39,"column":5}},"8":{"start":{"line":36,"column":6},"end":{"line":38,"column":9}},"9":{"start":{"line":41,"column":4},"end":{"line":45,"column":5}},"10":{"start":{"line":42,"column":6},"end":{"line":44,"column":9}},"11":{"start":{"line":48,"column":22},"end":{"line":48,"column":74}},"12":{"start":{"line":49,"column":15},"end":{"line":49,"column":53}},"13":{"start":{"line":50,"column":22},"end":{"line":50,"column":55}},"14":{"start":{"line":53,"column":4},"end":{"line":65,"column":5}},"15":{"start":{"line":54,"column":24},"end":{"line":58,"column":7}},"16":{"start":{"line":60,"column":6},"end":{"line":64,"column":7}},"17":{"start":{"line":61,"column":8},"end":{"line":63,"column":11}},"18":{"start":{"line":68,"column":23},"end":{"line":78,"column":5}},"19":{"start":{"line":80,"column":19},"end":{"line":80,"column":66}},"20":{"start":{"line":83,"column":28},"end":{"line":92,"column":5}},"21":{"start":{"line":94,"column":4},"end":{"line":97,"column":7}},"22":{"start":{"line":99,"column":4},"end":{"line":99,"column":51}},"23":{"start":{"line":100,"column":4},"end":{"line":102,"column":7}},"24":{"start":{"line":111,"column":2},"end":{"line":166,"column":3}},"25":{"start":{"line":120,"column":8},"end":{"line":120,"column":17}},"26":{"start":{"line":122,"column":4},"end":{"line":126,"column":5}},"27":{"start":{"line":123,"column":6},"end":{"line":125,"column":9}},"28":{"start":{"line":128,"column":4},"end":{"line":132,"column":5}},"29":{"start":{"line":129,"column":6},"end":{"line":131,"column":9}},"30":{"start":{"line":134,"column":19},"end":{"line":142,"column":6}},"31":{"start":{"line":145,"column":29},"end":{"line":154,"column":7}},"32":{"start":{"line":145,"column":54},"end":{"line":154,"column":5}},"33":{"start":{"line":156,"column":4},"end":{"line":160,"column":7}},"34":{"start":{"line":162,"column":4},"end":{"line":162,"column":52}},"35":{"start":{"line":163,"column":4},"end":{"line":165,"column":7}},"36":{"start":{"line":174,"column":2},"end":{"line":203,"column":3}},"37":{"start":{"line":175,"column":37},"end":{"line":175,"column":46}},"38":{"start":{"line":177,"column":4},"end":{"line":181,"column":5}},"39":{"start":{"line":178,"column":6},"end":{"line":180,"column":9}},"40":{"start":{"line":183,"column":4},"end":{"line":187,"column":5}},"41":{"start":{"line":184,"column":6},"end":{"line":186,"column":9}},"42":{"start":{"line":189,"column":20},"end":{"line":192,"column":5}},"43":{"start":{"line":194,"column":4},"end":{"line":197,"column":7}},"44":{"start":{"line":199,"column":4},"end":{"line":199,"column":59}},"45":{"start":{"line":200,"column":4},"end":{"line":202,"column":7}},"46":{"start":{"line":211,"column":2},"end":{"line":242,"column":3}},"47":{"start":{"line":220,"column":8},"end":{"line":220,"column":17}},"48":{"start":{"line":222,"column":19},"end":{"line":230,"column":6}},"49":{"start":{"line":232,"column":4},"end":{"line":236,"column":7}},"50":{"start":{"line":238,"column":4},"end":{"line":238,"column":58}},"51":{"start":{"line":239,"column":4},"end":{"line":241,"column":7}},"52":{"start":{"line":250,"column":2},"end":{"line":280,"column":3}},"53":{"start":{"line":251,"column":19},"end":{"line":251,"column":29}},"54":{"start":{"line":252,"column":23},"end":{"line":252,"column":31}},"55":{"start":{"line":254,"column":4},"end":{"line":258,"column":5}},"56":{"start":{"line":255,"column":6},"end":{"line":257,"column":9}},"57":{"start":{"line":260,"column":19},"end":{"line":263,"column":5}},"58":{"start":{"line":265,"column":4},"end":{"line":269,"column":5}},"59":{"start":{"line":266,"column":6},"end":{"line":268,"column":9}},"60":{"start":{"line":271,"column":4},"end":{"line":274,"column":7}},"61":{"start":{"line":276,"column":4},"end":{"line":276,"column":51}},"62":{"start":{"line":277,"column":4},"end":{"line":279,"column":7}},"63":{"start":{"line":288,"column":2},"end":{"line":308,"column":3}},"64":{"start":{"line":289,"column":19},"end":{"line":289,"column":29}},"65":{"start":{"line":291,"column":20},"end":{"line":291,"column":69}},"66":{"start":{"line":293,"column":4},"end":{"line":297,"column":5}},"67":{"start":{"line":294,"column":6},"end":{"line":296,"column":9}},"68":{"start":{"line":299,"column":4},"end":{"line":302,"column":7}},"69":{"start":{"line":304,"column":4},"end":{"line":304,"column":51}},"70":{"start":{"line":305,"column":4},"end":{"line":307,"column":7}},"71":{"start":{"line":316,"column":2},"end":{"line":343,"column":3}},"72":{"start":{"line":317,"column":20},"end":{"line":317,"column":36}},"73":{"start":{"line":324,"column":8},"end":{"line":324,"column":17}},"74":{"start":{"line":326,"column":19},"end":{"line":331,"column":6}},"75":{"start":{"line":333,"column":4},"end":{"line":337,"column":7}},"76":{"start":{"line":339,"column":4},"end":{"line":339,"column":58}},"77":{"start":{"line":340,"column":4},"end":{"line":342,"column":7}},"78":{"start":{"line":351,"column":2},"end":{"line":394,"column":3}},"79":{"start":{"line":352,"column":19},"end":{"line":352,"column":29}},"80":{"start":{"line":353,"column":23},"end":{"line":353,"column":31}},"81":{"start":{"line":354,"column":20},"end":{"line":354,"column":36}},"82":{"start":{"line":356,"column":4},"end":{"line":360,"column":5}},"83":{"start":{"line":357,"column":6},"end":{"line":359,"column":9}},"84":{"start":{"line":363,"column":23},"end":{"line":366,"column":5}},"85":{"start":{"line":368,"column":4},"end":{"line":372,"column":5}},"86":{"start":{"line":369,"column":6},"end":{"line":371,"column":9}},"87":{"start":{"line":374,"column":19},"end":{"line":377,"column":5}},"88":{"start":{"line":379,"column":4},"end":{"line":383,"column":5}},"89":{"start":{"line":380,"column":6},"end":{"line":382,"column":9}},"90":{"start":{"line":385,"column":4},"end":{"line":388,"column":7}},"91":{"start":{"line":390,"column":4},"end":{"line":390,"column":51}},"92":{"start":{"line":391,"column":4},"end":{"line":393,"column":7}},"93":{"start":{"line":397,"column":0},"end":{"line":406,"column":2}}},"fnMap":{"0":{"name":"createReview","decl":{"start":{"line":12,"column":15},"end":{"line":12,"column":27}},"loc":{"start":{"line":12,"column":38},"end":{"line":104,"column":1}},"line":12},"1":{"name":"getReviews","decl":{"start":{"line":110,"column":15},"end":{"line":110,"column":25}},"loc":{"start":{"line":110,"column":36},"end":{"line":167,"column":1}},"line":110},"2":{"name":"(anonymous_2)","decl":{"start":{"line":145,"column":48},"end":{"line":145,"column":49}},"loc":{"start":{"line":145,"column":54},"end":{"line":154,"column":5}},"line":145},"3":{"name":"getReviewSummary","decl":{"start":{"line":173,"column":15},"end":{"line":173,"column":31}},"loc":{"start":{"line":173,"column":42},"end":{"line":204,"column":1}},"line":173},"4":{"name":"getAllReviewsForAdmin","decl":{"start":{"line":210,"column":15},"end":{"line":210,"column":36}},"loc":{"start":{"line":210,"column":47},"end":{"line":243,"column":1}},"line":210},"5":{"name":"updateReviewStatus","decl":{"start":{"line":249,"column":15},"end":{"line":249,"column":33}},"loc":{"start":{"line":249,"column":44},"end":{"line":281,"column":1}},"line":249},"6":{"name":"deleteReview","decl":{"start":{"line":287,"column":15},"end":{"line":287,"column":27}},"loc":{"start":{"line":287,"column":38},"end":{"line":309,"column":1}},"line":287},"7":{"name":"getReviewsForOwner","decl":{"start":{"line":315,"column":15},"end":{"line":315,"column":33}},"loc":{"start":{"line":315,"column":44},"end":{"line":344,"column":1}},"line":315},"8":{"name":"updateReviewStatusByOwner","decl":{"start":{"line":350,"column":15},"end":{"line":350,"column":40}},"loc":{"start":{"line":350,"column":51},"end":{"line":395,"column":1}},"line":350}},"branchMap":{"0":{"loc":{"start":{"line":23,"column":4},"end":{"line":27,"column":5}},"type":"if","locations":[{"start":{"line":23,"column":4},"end":{"line":27,"column":5}},{"start":{},"end":{}}],"line":23},"1":{"loc":{"start":{"line":23,"column":8},"end":{"line":23,"column":63}},"type":"binary-expr","locations":[{"start":{"line":23,"column":8},"end":{"line":23,"column":19}},{"start":{"line":23,"column":23},"end":{"line":23,"column":63}}],"line":23},"2":{"loc":{"start":{"line":29,"column":4},"end":{"line":33,"column":5}},"type":"if","locations":[{"start":{"line":29,"column":4},"end":{"line":33,"column":5}},{"start":{},"end":{}}],"line":29},"3":{"loc":{"start":{"line":29,"column":8},"end":{"line":29,"column":46}},"type":"binary-expr","locations":[{"start":{"line":29,"column":8},"end":{"line":29,"column":17}},{"start":{"line":29,"column":21},"end":{"line":29,"column":46}}],"line":29},"4":{"loc":{"start":{"line":35,"column":4},"end":{"line":39,"column":5}},"type":"if","locations":[{"start":{"line":35,"column":4},"end":{"line":39,"column":5}},{"start":{},"end":{}}],"line":35},"5":{"loc":{"start":{"line":35,"column":8},"end":{"line":35,"column":43}},"type":"binary-expr","locations":[{"start":{"line":35,"column":8},"end":{"line":35,"column":15}},{"start":{"line":35,"column":19},"end":{"line":35,"column":29}},{"start":{"line":35,"column":33},"end":{"line":35,"column":43}}],"line":35},"6":{"loc":{"start":{"line":41,"column":4},"end":{"line":45,"column":5}},"type":"if","locations":[{"start":{"line":41,"column":4},"end":{"line":45,"column":5}},{"start":{},"end":{}}],"line":41},"7":{"loc":{"start":{"line":41,"column":8},"end":{"line":41,"column":39}},"type":"binary-expr","locations":[{"start":{"line":41,"column":8},"end":{"line":41,"column":15}},{"start":{"line":41,"column":19},"end":{"line":41,"column":39}}],"line":41},"8":{"loc":{"start":{"line":48,"column":22},"end":{"line":48,"column":74}},"type":"binary-expr","locations":[{"start":{"line":48,"column":22},"end":{"line":48,"column":49}},{"start":{"line":48,"column":53},"end":{"line":48,"column":66}},{"start":{"line":48,"column":70},"end":{"line":48,"column":74}}],"line":48},"9":{"loc":{"start":{"line":49,"column":15},"end":{"line":49,"column":53}},"type":"binary-expr","locations":[{"start":{"line":49,"column":15},"end":{"line":49,"column":21}},{"start":{"line":49,"column":25},"end":{"line":49,"column":53}}],"line":49},"10":{"loc":{"start":{"line":50,"column":22},"end":{"line":50,"column":55}},"type
[...]
,"type":"binary-expr","locations":[{"start":{"line":110,"column":14},"end":{"line":110,"column":29}},{"start":{"line":110,"column":33},"end":{"line":110,"column":50}},{"start":{"line":110,"column":54},"end":{"line":110,"column":63}}],"line":110},"17":{"loc":{"start":{"line":118,"column":4},"end":{"line":118,"column":37}},"type":"if","locations":[{"start":{"line":118,"column":4},"end":{"line":118,"column":37}},{"start":{},"end":{}}],"line":118},"18":{"loc":{"start":{"line":121,"column":4},"end":{"line":123,"column":5}},"type":"if","locations":[{"start":{"line":121,"column":4},"end":{"line":123,"column":5}},{"start":{},"end":{}}],"line":121},"19":{"loc":{"start":{"line":121,"column":8},"end":{"line":121,"column":101}},"type":"binary-expr","locations":[{"start":{"line":121,"column":8},"end":{"line":121,"column":36}},{"start":{"line":121,"column":40},"end":{"line":121,"column":69}},{"start":{"line":121,"column":73},"end":{"line":121,"column":101}}],"line":121},"20":{"loc":{"start":{"line":124,"column":4},"end":{"line":126,"column":5}},"type":"if","locations":[{"start":{"line":124,"column":4},"end":{"line":126,"column":5}},{"start":{},"end":{}}],"line":124},"21":{"loc":{"start":{"line":124,"column":8},"end":{"line":124,"column":66}},"type":"binary-expr","locations":[{"start":{"line":124,"column":8},"end":{"line":124,"column":36}},{"start":{"line":124,"column":40},"end":{"line":124,"column":66}}],"line":124},"22":{"loc":{"start":{"line":136,"column":4},"end":{"line":138,"column":5}},"type":"if","locations":[{"start":{"line":136,"column":4},"end":{"line":138,"column":5}},{"start":{},"end":{}}],"line":136},"23":{"loc":{"start":{"line":136,"column":8},"end":{"line":136,"column":98}},"type":"binary-expr","locations":[{"start":{"line":136,"column":8},"end":{"line":136,"column":28}},{"start":{"line":136,"column":32},"end":{"line":136,"column":98}}],"line":136},"24":{"loc":{"start":{"line":169,"column":21},"end":{"line":169,"column":51}},"type":"binary-expr","locations":[{"start":{"line":169,"column":21},"end":{"line":169,"column":38}},{"start":{"line":169,"column":42},"end":{"line":169,"column":51}}],"line":169},"25":{"loc":{"start":{"line":170,"column":33},"end":{"line":170,"column":61}},"type":"binary-expr","locations":[{"start":{"line":170,"column":33},"end":{"line":170,"column":56}},{"start":{"line":170,"column":60},"end":{"line":170,"column":61}}],"line":170},"26":{"loc":{"start":{"line":173,"column":6},"end":{"line":176,"column":7}},"type":"if","locations":[{"start":{"line":173,"column":6},"end":{"line":176,"column":7}},{"start":{},"end":{}}],"line":173},"27":{"loc":{"start":{"line":173,"column":10},"end":{"line":173,"column":53}},"type":"binary-expr","locations":[{"start":{"line":173,"column":10},"end":{"line":173,"column":26}},{"start":{"line":173,"column":30},"end":{"line":173,"column":53}}],"line":173},"28":{"loc":{"start":{"line":175,"column":37},"end":{"line":175,"column":67}},"type":"binary-expr","locations":[{"start":{"line":175,"column":37},"end":{"line":175,"column":62}},{"start":{"line":175,"column":66},"end":{"line":175,"column":67}}],"line":175},"29":{"loc":{"start":{"line":179,"column":6},"end":{"line":183,"column":7}},"type":"if","locations":[{"start":{"line":179,"column":6},"end":{"line":183,"column":7}},{"start":{},"end":{}}],"line":179},"30":{"loc":{"start":{"line":181,"column":35},"end":{"line":181,"column":61}},"type":"binary-expr","locations":[{"start":{"line":181,"column":35},"end":{"line":181,"column":56}},{"start":{"line":181,"column":60},"end":{"line":181,"column":61}}],"line":181},"31":{"loc":{"start":{"line":186,"column":6},"end":{"line":188,"column":7}},"type":"if","locations":[{"start":{"line":186,"column":6},"end":{"line":188,"column":7}},{"start":{},"end":{}}],"line":186},"32":{"loc":{"start":{"line":187,"column":46},"end":{"line":187,"column":85}},"type":"binary-expr","locations":[{"start":{"line":187,"column":46},"end":{"line":187,"column":80}},{"start":{"line":187,"column":84},"end":{"line":187,"column":85}}],"line":187},"33":{"loc":{"start":{"line":204,"column":32},"end":{"line":204,"column":101}},"type":"cond-expr","locations":[{"start":{"line":204,"column":50},"end":{"line":204,"column":97}},{"start":{"line":204,"column":100},"end":{"line":204,"column":101}}],"line":204},"34":{"loc":{"start":{"line":213,"column":20},"end":{"line":213,"column":87}},"type":"cond-expr","locations":[{"start":{"line":213,"column":33},"end":{"line":213,"column":75}},{"start":{"line":213,"column":78},"end":{"line":213,"column":87}}],"line":213},"35":{"loc":{"start":{"line":238,"column":16},"end":{"line":242,"column":14}},"type":"cond-expr","locations":[{"start":{"line":238,"column":35},"end":{"line":242,"column":7}},{"start":{"line":242,"column":10},"end":{"line":242,"column":14}}],"line":238},"36":{"loc":{"start":{"line":258,"column":6},"end":{"line":261,"column":7}},"type":"if","locations":[{"start":{"line":258,"column":6},"end":{"line":261,"column":7}},{"start":{},"end":{}}],"line":258},"37":{"loc":{"start":{"line":264,"column":4},"end":{"line":268,"column":5}},"type":"if","locations":[{"start":{"line":264,"column":4},"end":{"line":268,"column":5}},{"start":{},"end":{}}],"line":264},"38":{"loc":{"start":{"line":293,"column":18},"end":{"line":293,"column":29}},"type":"default-arg","locations":[{"start":{"line":293,"column":26},"end":{"line":293,"column":29}}],"line":293},"39":{"loc":{"start":{"line":293,"column":31},"end":{"line":293,"column":41}},"type":"default-arg","locations":[{"start":{"line":293,"column":40},"end":{"line":293,"column":41}}],"line":293},"40":{"loc":{"start":{"line":310,"column":16},"end":{"line":310,"column":101}},"type":"cond-expr","locations":[{"start":{"line":310,"column":35},"end":{"line":310,"column":89}},{"start":{"line":310,"column":92},"end":{"line":310,"column":101}}],"line":310}},"s":{"0":1,"1":1,"2":1,"3":1,"4":1,"5":1,"6":1,"7":0,"8":0,"9":0,"10":0,"11":0,"12":0,"13":0,"14":0,"15":0,"16":0,"17":0,"18":0,"19":0,"20":0,"21":0,"22":0,"23":0,"24":0,"25":0,"26":0,"27":0,"28":0,"29":0,"30":0,"31":0,"32":0,"33":0,"34":0,"35":0,"36":0,"37":0,"38":0,"39":0,"40":0,"41":0,"42":0,"43":0,"44":0,"45":0,"46":0,"47":0,"48":0,"49":0,"50":0,"51":0,"52":0,"53":0,"54":0,"55":0,"56":0,"57":0,"58":0,"59":0,"60":0,"61":0,"62":0,"63":0,"64":0,"65":0,"66":0,"67":0,"68":0,"69":0,"70":0,"71":0,"72":0,"73":0,"74":0,"75":0,"76":0,"77":0,"78":0,"79":0,"80":1,"81":0,"82":0,"83":0,"84":0,"85":0,"86":0,"87":0,"88":0,"89":0,"90":0,"91":0,"92":0,"93":0,"94":0,"95":1,"96":1},"f":{"0":1,"1":0,"2":0,"3":0,"4":0,"5":0,"6":0,"7":0,"8":0,"9":0,"10":0,"11":0,"12":1,"13":0,"14":0,"15":0,"16":0,"17":0,"18":0},"b":{"0":[0,0],"1":[0,0],"2":[0,0],"3":[0,0],"4":[0,0],"5":[0,0],"6":[0,0],"7":[0,0],"8":[0,0],"9":[0,0],"10":[0,0],"11":[0,0],"12":[0,0],"13":[0,0],"14":[0,0,0],"15":[0,0],"16":[0,0,0],"17":[0,0],"18":[0,0],"19":[0,0,0],"20":[0,0],"21":[0,0],"22":[0,0],"23":[0,0],"24":[0,0],"25":[0,0],"26":[0,0],"27":[0,0],"28":[0,0],"29":[0,0],"30":[0,0],"31":[0,0],"32":[0,0],"33":[0,0],"34":[0,0],"35":[0,0],"36":[0,0],"37":[0,0],"38":[0],"39":[0],"40":[0,0]},"_coverageSchema":"1a1c01bbd47fc00a2c39e90264f33305004495a9","hash":"b67a1c6b9dd19ba6ba8c89cb141de97cc2d549d9"}
,"/home/keil/fuel_finder/backend/utils/transformers.js": {"path":"/home/keil/fuel_finder/backend/utils/transformers.js","statementMap":{"0":{"start":{"line":6,"column":60},"end":{"line":6,"column":98}},"1":{"start":{"line":12,"column":18},"end":{"line":12,"column":92}},"2":{"start":{"line":13,"column":2},"end":{"line":13,"column":53}},"3":{"start":{"line":20,"column":2},"end":{"line":65,"column":5}},"4":{"start":{"line":22,"column":26},"end":{"line":22,"column":28}},"5":{"start":{"line":23,"column":23},"end":{"line":23,"column":27}},"6":{"start":{"line":25,"column":4},"end":{"line":45,"column":5}},"7":{"start":{"line":26,"column":6},"end":{"line":41,"column":9}},"8":{"start":{"line":28,"column":25},"end":{"line":28,"column":62}},"9":{"start":{"line":29,"column":28},"end":{"line":31,"column":16}},"10":{"start":{"line":32,"column":37},"end":{"line":34,"column":16}},"11":{"start":{"line":36,"column":8},"end":{"line":40,"column":10}},"12":{"start":{"line":44,"column":6},"end":{"line":44,"column":97}},"13":{"start":{"line":44,"column":51},"end":{"line":44,"column":65}},"14":{"start":{"line":47,"column":4},"end":{"line":64,"column":6}},"15":{"start":{"line":72,"column":2},"end":{"line":116,"column":5}},"16":{"start":{"line":74,"column":26},"end":{"line":74,"column":28}},"17":{"start":{"line":75,"column":23},"end":{"line":75,"column":27}},"18":{"start":{"line":77,"column":4},"end":{"line":97,"column":5}},"19":{"start":{"line":78,"column":6},"end":{"line":93,"column":9}},"20":{"start":{"line":80,"column":25},"end":{"line":80,"column":58}},"21":{"start":{"line":81,"column":28},"end":{"line":83,"column":16}},"22":{"start":{"line":84,"column":37},"end":{"line":86,"column":16}},"23":{"start":{"line":88,"column":8},"end":{"line":92,"column":10}},"24":{"start":{"line":96,"column":6},"end":{"line":96,"column":97}},"25":{"start":{"line":96,"column":51},"end":{"line":96,"column":65}},"26":{"start":{"line":99,"column":4},"end":{"line":115,"column":6}},"27":{"start":{"line":123,"column":2},"end":{"line":136,"column":6}},"28":{"start":{"line":123,"column":34},"end":{"line":136,"column":3}},"29":{"start":{"line":143,"column":2},"end":{"line":155,"column":6}},"30":{"start":{"line":143,"column":38},"end":{"line":155,"column":3}},"31":{"start":{"line":158,"column":0},"end":{"line":163,"column":2}}},"fnMap":{"0":{"name":"getImageUrl","decl":{"start":{"line":11,"column":9},"end":{"line":11,"column":20}},"loc":{"start":{"line":11,"column":50},"end":{"line":14,"column":1}},"line":11},"1":{"name":"transformStationData","decl":{"start":{"line":19,"column":9},"end":{"line":19,"column":29}},"loc":{"start":{"line":19,"column":40},"end":{"line":66,"column":1}},"line":19},"2":{"name":"(anonymous_2)","decl":{"start":{"line":20,"column":22},"end":{"line":20,"column":23}},"loc":{"start":{"line":20,"column":35},"end":{"line":65,"column":3}},"line":20},"3":{"name":"(anonymous_3)","decl":{"start":{"line":26,"column":43},"end":{"line":26,"column":44}},"loc":{"start":{"line":26,"column":52},"end":{"line":41,"column":7}},"line":26},"4":{"name":"(anonymous_4)","decl":{"start":{"line":44,"column":42},"end":{"line":44,"column":43}},"loc":{"start":{"line":44,"column":51},"end":{"line":44,"column":65}},"line":44},"5":{"name":"transformPoiData","decl":{"start":{"line":71,"column":9},"end":{"line":71,"column":25}},"loc":{"start":{"line":71,"column":32},"end":{"line":117,"column":1}},"line":71},"6":{"name":"(anonymous_6)","decl":{"start":{"line":72,"column":18},"end":{"line":72,"column":19}},"loc":{"start":{"line":72,"column":27},"end":{"line":116,"column":3}},"line":72},"7":{"name":"(anonymous_7)","decl":{"start":{"line":78,"column":39},"end":{"line":78,"column":40}},"loc":{"start":{"line":78,"column":48},"end":{"line":93,"column":7}},"line":78},"8":{"name":"(anonymous_8)","decl":{"start":{"line":96,"column":42},"end":{"line":96,"column":43}},"loc":{"start":{"line":96,"column":51},"end":{"line":96,"column":65}},"line":96},"9":{"name":"transformPriceReportData","decl":{"start":{"line":122,"column":9},"end":{"line":122,"column":33}},"loc":{"start":{"line":122,"column":43},"end":{"line":137,"column":1}},"line":122},"10":{"name":"(anonymous_10)","decl":{"start":{"line":123,"column":21},"end":{"line":123,"column":22}},"loc":{"start":{"line":123,"column":34},"end":{"line":136,"column":3}},"line":123},"11":{"name":"transformDonationData","decl":{"start":{"line":142,"column":9},"end":{"line":142,"column":30}},"loc":{"start":{"line":142,"column":42},"end":{"line":156,"column":1}},"line":142},"12":{"name":"(anonymous_12)","decl":{"start":{"line":143,"column":23},"end":{"line":143,"column":24}},"loc":{"start":{"line":143,"column":38},"end":{"line":155,"column":3}},"line":143}},"branchMap":{"0":{"loc":{"start":{"line":11,"column":31},"end":{"line":11,"column":48}},"type":"default-arg","locations":[{"start":{"line":11,"column":38},"end":{"line":11,"column":48}}],"line":11},"1":{"loc":{"start":{"line":12,"column":18},"end":{"line":12,"column":92}},"type":"binary-expr","locations":[{"start":{"line":12,"column":18},"end":{"line":12,"column":42}},{"start":{"line":12,"column":46},"end":{"line":12,"column":92}}],"line":12},"2":{"loc":{"start":{"line":12,"column":66},"end":{"line":12,"column":90}},"type":"binary-expr","locations":[{"start":{"line":12,"column":66},"end":{"line":12,"column":82}},{"start":{"line":12,"column":86},"end":{"line":12,"column":90}}],"line":12},"3":{"loc":{"start":{"line":25,"column":4},"end":{"line":45,"column":5}},"type":"if","locations":[{"start":{"line":25,"column":4},"end":{"line":45,"column":5}},{"start":{},"end":{}}],"line":25},"4":{"loc":{"start":{"line":25,"column":8},"end":{"line":25,"column":55}},"type":"binary-expr","locations":[{"start":{"line":25,"column":8},"end":{"line":25,"column":22}},{"start":{"line":25,"column":26},"end":{"line":25,"column":55}}],"line":25},"5":{"loc":{"start":{"line":29,"column":28},"end":{"line":31,"column":16}},"type":"cond-expr","locations":[{"start":{"line":30,"column":12},"end":{"line":30,"column":59}},{"start":{"line":31,"column":12},"end":{"line":31,"column":16}}],"line":29},"6":{"loc":{"start":{"line":32,"column":37},"end":{"line":34,"column":16}},"type":"cond-expr","locations":[{"start":{"line":33,"column":12},"end":{"line":33,"column":67}},{"start":{"line":34,"column":12},"end":{"line":34,"column":16}}],"line":32},"7":{"loc":{"start":{"line":38,"column":15},"end":{"line":38,"column":38}},"type":"binary-expr","locations":[{"start":{"line":38,"column":15},"end":{"line":38,"column":26}},{"start":{"line":38,"column":30},"end":{"line":38,"column":38}}],"line":38},"8":{"loc":{"start":{"line":39,"column":24},"end":{"line":39,"column":71}},"type":"binary-expr","locations":[{"start":{"line":39,"column":24},"end":{"line":39,"column":44}},{"start":{"line":39,"column":48},"end":{"line":39,"column":59}},{"start":{"line":39,"column":63},"end":{"line":39,"column":71}}],"line":39},"9":{"loc":{"start":{"line":44,"column":21},"end":{"line":44,"column":96}},"type":"binary-expr","locations":[{"start":{"line":44,"column":21},"end":{"line":44,"column":66}},{"start":{"line":44,"column":70},"end":{"line":44,"column":88}},{"start":{"line":44,"column":92},"end":{"line":44,"column":96}}],"line":44},"10":{"loc":{"start":{"line":51,"column":18},"end":{"line":51,"column":41}},"type":"binary-expr","locations":[{"start":{"line":51,"column":18},"end":{"line":51,"column":36}},{"start":{"line":51,"column":40},"end":{"line":51,"column":41}}],"line":51},"11":{"loc":{"start":{"line":52,"column":19},"end":{"line":52,"column":44}},"type":"binary-expr","locations":[{"start":{"line":52,"column":19},"end":{"line":52,"column":38}},{"start":{"line":52,"column":42},"end":{"line":52,"column":44}}],"line":52},"12":{"loc":{"start":{"line":53,"column":16},"end":{"line":53,"column":38}},"type":"binary-expr","locations":[{"start":{"line":53,"column":16},"end":{"line":53,"column":32}},{"start":{"line":53,"column":36},"end":{"line":53,"column":38}}],"line":53},"13":{"loc":{"start":{"line":54,"column":15},"end":{"line":54,"column":36}},"type":"binary-expr","locations":[{"start":{"line":54,"column":15},"end":{"line":54,"column":30}},{"start":{"line":54,"column":34},"end":{"line":54,"column":36}}],"line":54},"14":{"loc":{"start":{"line":55,"column":13},"end":{"line":55,"column":34}},"type":"binary-expr","locations":[{"start":{"line":55,"column":13},"end":{"line":55,"column":26}},{"start":{"line":55,"column":30},"end":{"line":55,"column":34}}],"line":55},"15":{"loc":{"start":{"line":56,"column":23},"end":{"line":56,"column":54}},"type":"binary-expr","locations":[{"start":{"line":56,"column":23},"end":{"line":56,"column":46}},{"start":{"line":56,"column":50},"end":{"line":56,"column":54}}],"line":56},"16":{"loc":{"start":{"line":61,"column":23},"end":{"line":61,"column":54}},"type":"binary-expr","locations":[{"start":{"line":61,"column":23},"end":{"line":61,"column":46}},{"start":{"line":61,"column":50},"end":{"line":61,"column":54}}],"line":61},"17":{"loc":{"start":{"line":77,"column":4},"end":{"line":97,"column":5}},"type":"if","locations":[{"start":{"line":77,"column":4},"end":{"line":97,"column":5}},{"start":{},"end":{}}],"line":77},"18":{"loc":{"start":{"line":77,"column":8},"end":{"line":77,"column":47}},"type":"binary-expr","locations":[{"start":{"line":77,"column":8},"end":{"line":77,"column":18}},{"start":{"line":77,"column":22},"end":{"line":77,"column":47}}],"line":77},"19":{"loc":{"start":{"line":81,"column":28},"end":{"line":83,"column":16}},"type":"cond-expr","locations":[{"start":{"line":82,"column":12},"end":{"line":82,"column":55}},{"start":{"line":83,"column":12},"end":{"line":83,"column":16}}],"line":81},"20":{"loc":{"start":{"line":84,"column":37},"end":{"line":86,"column":16}},"type":"cond-expr","locations":[{"start":{"line":85,"column":12},"end":{"line":85,"column":67}},{"start":{"line":86,"column":12},"end":{"line":86,"column":16}}],"line":84},"21":{"loc":{"start":{"line":90,"column":15},"end":{"line":90,"column":38}},"type":"binary-expr","locations":[{"start":{"line":90,"column":15},"end":{"line":90,"column":26}},{"start":{"line":90,"column":30},"end":{"line":90,"column":38}}],"line":90},"22":{"loc":{"start":{"line":91,"column":24},"end":{"line":91,"column":71}},"type":"binary-expr","locations":[{"start":{"line":91,"column":24},"end":{"line":91,"column":44}},{"start":{"line":91,"column":48},"end":{"line":91,"column":59}},{"start":{"line":91,"column":63},"end":{"line":91,"column":71}}],"line":91},"23":{"loc":{"start":{"line":96,"column":21},"end":{"line":96,"column":96}},"type":"binary-expr","locations":[{"start":{"line":96,"column":21},"end":{"line":96,"column":66}},{"start":{"line":96,"column":70},"end":{"line":96,"column":88}},{"start":{"line":96,"column":92},"end":{"line":96,"column":96}}],"line":96},"24":{"loc":{"start":{"line":103,"column":15},"end":{"line":103,"column":34}},"type":"binary-expr","locations":[{"start":{"line":103,"column":15},"end":{"line":103,"column":26}},{"start":{"line":103,"column":30},"end":{"line":103,"column":34}}],"line":103},"25":{"loc":{"start":{"line":104,"column":13},"end":{"line":104,"column":30}},"type":"binary-expr","locations":[{"start":{"line":104,"column":13},"end":{"line":104,"column":22}},{"start":{"line":104,"column":26},"end":{"line":104,"column":30}}],"line":104},"26":{"loc":{"start":{"line":105,"column":23},"end":{"line":105,"column":50}},"type":"binary-expr","locations":[{"start":{"line":105,"column":23},"end":{"line":105,"column":42}},{"start":{"line":105,"column":46},"end":{"line":105,"column":50}}],"line":105},"27":{"loc":{"start":{"line":110,"column":23},"end":{"line":110,"column":50}},"type":"binary-expr","locations":[{"start":{"line":110,"column":23},"end":{"line":110,"column":42}},{"start":{"line":110,"column":46},"end":{"line":110,"column":50}}],"line":110},"28":{"loc":{"start":{"line":126,"column":18},"end":{"line":126,"column":45}},"type":"binary-expr","locations":[{"start":{"line":126,"column":18},"end":{"line":126,"column":37}},{"start":{"line":126,"column":41},"end":{"line":126,"column":45}}],"line":126}},"s":{"0":3,"1":0,"2":0,"3":1,"4":1,"5":1,"6":1,"7":0,"8":0,"9":0,"10":0,"11":0,"12":0,"13":0,"14":1,"15":2,"16":2,"17":2,"18":2,"19":0,"20":0,"21":0,"22":0,"23":0,"24":0,"25":0,"26":2,"27":0,"28":0,"29":0,"30":0,"31":3},"f":{"0":0,"1":1,"2":1,"3":0,"4":0,"5":2,"6":2,"7":0,"8":0,"9":0,"10":0,"11":0,"12":0},"b":{"0":[0],"1":[0,0],"2":[0,0],"3":[0,1],"4":[1,0],"5":[0,0],"6":[0,0],"7":[0,0],"8":[0,0,0],"9":[0,0,0],"10":[1,1],"11":[1,1],"12":[1,1],"13":[1,1],"14":[1,1],"15":[1,1],"16":[1,1],"17":[0,2],"18":[2,0],"19":[0,0],"20":[0,0],"21":[0,0],"22":[0,0,0],"23":[0,0,0],"24":[2,1],"25":[2,2],"26":[2,2],"27":[2,2],"28":[0,0]},"_coverageSchema":"1a1c01bbd47fc00a2c39e90264f33305004495a9","hash":"62ef63bf1ec44c7b7c01a85b04d845c436fc164d"}
}
