TN:
SF:app.js
FN:26,(anonymous_0)
FN:32,(anonymous_1)
FN:58,(anonymous_2)
FNF:3
FNH:3
FNDA:4,(anonymous_0)
FNDA:3,(anonymous_1)
FNDA:3,(anonymous_2)
DA:6,1
DA:7,1
DA:8,1
DA:9,1
DA:12,1
DA:13,1
DA:16,1
DA:19,1
DA:22,1
DA:25,1
DA:26,4
DA:29,1
DA:31,1
DA:34,3
DA:36,0
DA:37,0
DA:39,0
DA:40,0
DA:49,1
DA:50,1
DA:53,1
DA:54,1
DA:55,1
DA:58,1
DA:59,3
DA:60,3
DA:61,3
DA:66,1
DA:69,1
DA:72,1
DA:75,1
DA:77,1
LF:32
LH:28
BRDA:25,0,0,1
BRDA:25,0,1,0
BRDA:34,1,0,3
BRDA:34,1,1,0
BRDA:36,2,0,0
BRDA:36,2,1,0
BRF:6
BRH:2
end_of_record
TN:
SF:config/database.js
FN:26,(anonymous_0)
FN:32,testConnection
FNF:2
FNH:0
FNDA:0,(anonymous_0)
FNDA:0,testConnection
DA:6,4
DA:7,4
DA:10,4
DA:23,4
DA:26,4
DA:27,0
DA:28,0
DA:33,0
DA:34,0
DA:35,0
DA:38,0
DA:39,0
DA:40,0
DA:42,0
DA:45,0
DA:46,0
DA:47,0
DA:48,0
DA:53,0
DA:57,0
DA:60,0
DA:64,0
DA:66,0
DA:67,0
DA:71,4
LF:25
LH:6
BRDA:19,0,0,4
BRDA:19,0,1,0
BRF:2
BRH:1
end_of_record
TN:
SF:config/environment.js
FNF:0
FNH:0
DA:6,4
DA:10,4
DA:11,4
DA:14,4
DA:81,4
LF:5
LH:5
BRDA:16,0,0,4
BRDA:16,0,1,0
BRDA:17,1,0,4
BRDA:17,1,1,0
BRDA:21,2,0,4
BRDA:21,2,1,0
BRDA:22,3,0,4
BRDA:22,3,1,0
BRDA:23,4,0,4
BRDA:23,4,1,0
BRDA:24,5,0,4
BRDA:24,5,1,0
BRDA:25,6,0,4
BRDA:25,6,1,0
BRDA:26,7,0,4
BRDA:26,7,1,0
BRDA:27,8,0,4
BRDA:27,8,1,0
BRDA:28,9,0,4
BRDA:28,9,1,0
BRDA:29,10,0,4
BRDA:29,10,1,0
BRDA:33,11,0,4
BRDA:33,11,1,0
BRDA:36,12,0,4
BRDA:36,12,1,0
BRDA:40,13,0,4
BRDA:40,13,1,4
BRDA:41,14,0,4
BRDA:41,14,1,4
BRDA:46,15,0,4
BRDA:46,15,1,4
BRDA:47,16,0,4
BRDA:47,16,1,0
BRDA:52,17,0,4
BRDA:52,17,1,4
BRDA:53,18,0,4
BRDA:53,18,1,4
BRDA:54,19,0,4
BRDA:54,19,1,0
BRDA:59,20,0,4
BRDA:59,20,1,4
BRDA:60,21,0,4
BRDA:60,21,1,4
BRDA:78,22,0,4
BRDA:78,22,1,0
BRF:46
BRH:30
end_of_record
TN:
SF:controllers/adminController.js
FN:13,getPendingPriceReports
FN:34,getPriceReportStats
FN:45,getPriceReportTrends
FN:60,verifyPriceReport
FN:91,deletePriceReport
FN:120,getAllPriceReports
FN:154,updateStationPrices
FN:202,getUserStats
FN:215,getActiveUsers
FN:228,getUserActivityLogs
FNF:10
FNH:0
FNDA:0,getPendingPriceReports
FNDA:0,getPriceReportStats
FNDA:0,getPriceReportTrends
FNDA:0,verifyPriceReport
FNDA:0,deletePriceReport
FNDA:0,getAllPriceReports
FNDA:0,updateStationPrices
FNDA:0,getUserStats
FNDA:0,getActiveUsers
FNDA:0,getUserActivityLogs
DA:6,1
DA:7,1
DA:14,0
DA:15,0
DA:17,0
DA:19,0
DA:35,0
DA:38,0
DA:46,0
DA:48,0
DA:50,0
DA:61,0
DA:62,0
DA:64,0
DA:65,0
DA:71,0
DA:73,0
DA:74,0
DA:80,0
DA:92,0
DA:94,0
DA:95,0
DA:101,0
DA:103,0
DA:104,0
DA:110,0
DA:121,0
DA:122,0
DA:123,0
DA:124,0
DA:125,0
DA:126,0
DA:128,0
DA:137,0
DA:139,0
DA:155,0
DA:156,0
DA:158,0
DA:159,0
DA:165,0
DA:166,0
DA:173,0
DA:174,0
DA:175,0
DA:177,0
DA:178,0
DA:181,0
DA:188,0
DA:191,0
DA:203,0
DA:205,0
DA:216,0
DA:218,0
DA:229,0
DA:230,0
DA:232,0
DA:234,0
DA:245,1
LF:58
LH:3
BRDA:14,0,0,0
BRDA:14,0,1,0
BRDA:15,1,0,0
BRDA:15,1,1,0
BRDA:46,2,0,0
BRDA:46,2,1,0
BRDA:62,3,0,0
BRDA:62,3,1,0
BRDA:64,4,0,0
BRDA:64,4,1,0
BRDA:73,5,0,0
BRDA:73,5,1,0
BRDA:94,6,0,0
BRDA:94,6,1,0
BRDA:103,7,0,0
BRDA:103,7,1,0
BRDA:121,8,0,0
BRDA:121,8,1,0
BRDA:122,9,0,0
BRDA:122,9,1,0
BRDA:156,10,0,0
BRDA:158,11,0,0
BRDA:158,11,1,0
BRDA:165,12,0,0
BRDA:165,12,1,0
BRDA:165,13,0,0
BRDA:165,13,1,0
BRDA:177,14,0,0
BRDA:177,14,1,0
BRDA:177,15,0,0
BRDA:177,15,1,0
BRDA:229,16,0,0
BRDA:229,16,1,0
BRDA:230,17,0,0
BRDA:230,17,1,0
BRF:35
BRH:0
end_of_record
TN:
SF:controllers/imageController.js
FN:13,uploadStationImages
FN:57,getStationImages
FN:70,uploadPoiImages
FN:114,getPoiImages
FN:127,deleteImage
FN:152,setPrimaryImage
FNF:6
FNH:0
FNDA:0,uploadStationImages
FNDA:0,getStationImages
FNDA:0,uploadPoiImages
FNDA:0,getPoiImages
FNDA:0,deleteImage
FNDA:0,setPrimaryImage
DA:6,1
DA:7,1
DA:8,1
DA:14,0
DA:15,0
DA:16,0
DA:20,0
DA:21,0
DA:22,0
DA:25,0
DA:26,0
DA:27,0
DA:30,0
DA:31,0
DA:35,0
DA:36,0
DA:37,0
DA:43,0
DA:44,0
DA:46,0
DA:47,0
DA:58,0
DA:59,0
DA:60,0
DA:63,0
DA:64,0
DA:71,0
DA:72,0
DA:73,0
DA:77,0
DA:78,0
DA:79,0
DA:82,0
DA:83,0
DA:84,0
DA:87,0
DA:88,0
DA:92,0
DA:93,0
DA:94,0
DA:100,0
DA:101,0
DA:103,0
DA:104,0
DA:115,0
DA:116,0
DA:117,0
DA:120,0
DA:121,0
DA:128,0
DA:129,0
DA:130,0
DA:133,0
DA:134,0
DA:135,0
DA:136,0
DA:142,0
DA:143,0
DA:145,0
DA:153,0
DA:154,0
DA:155,0
DA:158,0
DA:159,0
DA:160,0
DA:161,0
DA:167,0
DA:168,0
DA:170,0
DA:174,1
LF:70
LH:4
BRDA:15,0,0,0
BRDA:15,0,1,0
BRDA:15,1,0,0
BRDA:15,1,1,0
BRDA:21,2,0,0
BRDA:21,2,1,0
BRDA:26,3,0,0
BRDA:26,3,1,0
BRDA:26,4,0,0
BRDA:26,4,1,0
BRDA:26,4,2,0
BRDA:30,5,0,0
BRDA:30,5,1,0
BRDA:36,6,0,0
BRDA:36,6,1,0
BRDA:36,7,0,0
BRDA:36,7,1,0
BRDA:50,8,0,0
BRDA:50,8,1,0
BRDA:59,9,0,0
BRDA:59,9,1,0
BRDA:59,10,0,0
BRDA:59,10,1,0
BRDA:72,11,0,0
BRDA:72,11,1,0
BRDA:72,12,0,0
BRDA:72,12,1,0
BRDA:78,13,0,0
BRDA:78,13,1,0
BRDA:83,14,0,0
BRDA:83,14,1,0
BRDA:83,15,0,0
BRDA:83,15,1,0
BRDA:83,15,2,0
BRDA:87,16,0,0
BRDA:87,16,1,0
BRDA:93,17,0,0
BRDA:93,17,1,0
BRDA:93,18,0,0
BRDA:93,18,1,0
BRDA:107,19,0,0
BRDA:107,19,1,0
BRDA:116,20,0,0
BRDA:116,20,1,0
BRDA:116,21,0,0
BRDA:116,21,1,0
BRDA:129,22,0,0
BRDA:129,22,1,0
BRDA:129,23,0,0
BRDA:129,23,1,0
BRDA:142,24,0,0
BRDA:142,24,1,0
BRDA:154,25,0,0
BRDA:154,25,1,0
BRDA:154,26,0,0
BRDA:154,26,1,0
BRDA:167,27,0,0
BRDA:167,27,1,0
BRF:58
BRH:0
end_of_record
TN:
SF:controllers/ownerController.js
FN:14,getOwnerInfo
FN:27,getDashboard
FN:40,getOwnerStations
FN:53,getOwnerStation
FN:83,updateOwnerStation
FN:119,updateFuelPrice
FN:184,deleteFuelPrice
FN:246,getPendingPriceReports
FN:260,verifyPriceReport
FN:344,rejectPriceReport
FN:407,getActivityLogs
FN:422,getAnalytics
FN:432,getMarketInsights
FNF:13
FNH:0
FNDA:0,getOwnerInfo
FNDA:0,getDashboard
FNDA:0,getOwnerStations
FNDA:0,getOwnerStation
FNDA:0,updateOwnerStation
FNDA:0,updateFuelPrice
FNDA:0,deleteFuelPrice
FNDA:0,getPendingPriceReports
FNDA:0,verifyPriceReport
FNDA:0,rejectPriceReport
FNDA:0,getActivityLogs
FNDA:0,getAnalytics
FNDA:0,getMarketInsights
DA:6,1
DA:7,1
DA:8,1
DA:9,1
DA:15,0
DA:16,0
DA:17,0
DA:19,0
DA:20,0
DA:28,0
DA:29,0
DA:30,0
DA:32,0
DA:33,0
DA:41,0
DA:42,0
DA:43,0
DA:45,0
DA:46,0
DA:54,0
DA:55,0
DA:57,0
DA:58,0
DA:64,0
DA:66,0
DA:67,0
DA:73,0
DA:75,0
DA:76,0
DA:84,0
DA:85,0
DA:87,0
DA:88,0
DA:94,0
DA:96,0
DA:97,0
DA:103,0
DA:105,0
DA:106,0
DA:108,0
DA:109,0
DA:111,0
DA:112,0
DA:120,0
DA:121,0
DA:122,0
DA:123,0
DA:125,0
DA:126,0
DA:132,0
DA:133,0
DA:140,0
DA:141,0
DA:142,0
DA:149,0
DA:150,0
DA:151,0
DA:157,0
DA:160,0
DA:169,0
DA:176,0
DA:177,0
DA:185,0
DA:186,0
DA:187,0
DA:188,0
DA:190,0
DA:191,0
DA:197,0
DA:198,0
DA:205,0
DA:206,0
DA:207,0
DA:213,0
DA:215,0
DA:216,0
DA:223,0
DA:232,0
DA:238,0
DA:239,0
DA:247,0
DA:248,0
DA:249,0
DA:250,0
DA:252,0
DA:253,0
DA:261,0
DA:262,0
DA:263,0
DA:264,0
DA:266,0
DA:267,0
DA:296,0
DA:297,0
DA:302,0
DA:303,0
DA:306,0
DA:307,0
DA:310,0
DA:313,0
DA:327,0
DA:333,0
DA:334,0
DA:336,0
DA:337,0
DA:345,0
DA:346,0
DA:347,0
DA:348,0
DA:350,0
DA:351,0
DA:358,0
DA:359,0
DA:364,0
DA:365,0
DA:368,0
DA:369,0
DA:372,0
DA:375,0
DA:390,0
DA:396,0
DA:397,0
DA:399,0
DA:400,0
DA:408,0
DA:409,0
DA:410,0
DA:411,0
DA:412,0
DA:414,0
DA:415,0
DA:423,0
DA:424,0
DA:425,0
DA:427,0
DA:428,0
DA:433,0
DA:434,0
DA:435,0
DA:436,0
DA:437,0
DA:439,0
DA:440,0
DA:444,1
LF:144
LH:5
BRDA:57,0,0,0
BRDA:57,0,1,0
BRDA:66,1,0,0
BRDA:66,1,1,0
BRDA:87,2,0,0
BRDA:87,2,1,0
BRDA:96,3,0,0
BRDA:96,3,1,0
BRDA:105,4,0,0
BRDA:105,4,1,0
BRDA:108,5,0,0
BRDA:108,5,1,0
BRDA:125,6,0,0
BRDA:125,6,1,0
BRDA:132,7,0,0
BRDA:132,7,1,0
BRDA:132,8,0,0
BRDA:132,8,1,0
BRDA:141,9,0,0
BRDA:141,9,1,0
BRDA:141,10,0,0
BRDA:141,10,1,0
BRDA:150,11,0,0
BRDA:150,11,1,0
BRDA:190,12,0,0
BRDA:190,12,1,0
BRDA:197,13,0,0
BRDA:197,13,1,0
BRDA:206,14,0,0
BRDA:206,14,1,0
BRDA:215,15,0,0
BRDA:215,15,1,0
BRDA:248,16,0,0
BRDA:248,16,1,0
BRDA:266,17,0,0
BRDA:266,17,1,0
BRDA:302,18,0,0
BRDA:302,18,1,0
BRDA:306,19,0,0
BRDA:306,19,1,0
BRDA:333,20,0,0
BRDA:333,20,1,0
BRDA:350,21,0,0
BRDA:350,21,1,0
BRDA:364,22,0,0
BRDA:364,22,1,0
BRDA:368,23,0,0
BRDA:368,23,1,0
BRDA:386,24,0,0
BRDA:386,24,1,0
BRDA:396,25,0,0
BRDA:396,25,1,0
BRDA:409,26,0,0
BRDA:409,26,1,0
BRDA:410,27,0,0
BRDA:410,27,1,0
BRDA:435,28,0,0
BRDA:435,28,1,0
BRF:58
BRH:0
end_of_record
TN:
SF:controllers/poiController.js
FN:12,getAllPois
FN:25,getNearbyPois
FN:56,getPoiById
FN:86,createPoi
FN:116,updatePoi
FN:155,deletePoi
FNF:6
FNH:0
FNDA:0,getAllPois
FNDA:0,getNearbyPois
FNDA:0,getPoiById
FNDA:0,createPoi
FNDA:0,updatePoi
FNDA:0,deletePoi
DA:6,1
DA:7,1
DA:13,0
DA:14,0
DA:15,0
DA:17,0
DA:18,0
DA:26,0
DA:27,0
DA:28,0
DA:29,0
DA:31,0
DA:32,0
DA:38,0
DA:39,0
DA:45,0
DA:46,0
DA:48,0
DA:49,0
DA:57,0
DA:58,0
DA:60,0
DA:61,0
DA:67,0
DA:69,0
DA:70,0
DA:76,0
DA:78,0
DA:79,0
DA:87,0
DA:88,0
DA:91,0
DA:92,0
DA:98,0
DA:99,0
DA:105,0
DA:106,0
DA:108,0
DA:109,0
DA:117,0
DA:118,0
DA:119,0
DA:121,0
DA:122,0
DA:129,0
DA:130,0
DA:136,0
DA:138,0
DA:139,0
DA:145,0
DA:147,0
DA:148,0
DA:156,0
DA:157,0
DA:159,0
DA:160,0
DA:166,0
DA:168,0
DA:169,0
DA:175,0
DA:181,0
DA:182,0
DA:186,1
LF:63
LH:3
BRDA:29,0,0,0
BRDA:29,0,1,0
BRDA:29,1,0,0
BRDA:29,1,1,0
BRDA:31,2,0,0
BRDA:31,2,1,0
BRDA:31,3,0,0
BRDA:31,3,1,0
BRDA:38,4,0,0
BRDA:38,4,1,0
BRDA:38,5,0,0
BRDA:38,5,1,0
BRDA:38,5,2,0
BRDA:38,5,3,0
BRDA:60,6,0,0
BRDA:60,6,1,0
BRDA:60,7,0,0
BRDA:60,7,1,0
BRDA:69,8,0,0
BRDA:69,8,1,0
BRDA:91,9,0,0
BRDA:91,9,1,0
BRDA:91,10,0,0
BRDA:91,10,1,0
BRDA:91,10,2,0
BRDA:91,10,3,0
BRDA:91,10,4,0
BRDA:98,11,0,0
BRDA:98,11,1,0
BRDA:121,12,0,0
BRDA:121,12,1,0
BRDA:121,13,0,0
BRDA:121,13,1,0
BRDA:129,14,0,0
BRDA:129,14,1,0
BRDA:129,15,0,0
BRDA:129,15,1,0
BRDA:138,16,0,0
BRDA:138,16,1,0
BRDA:159,17,0,0
BRDA:159,17,1,0
BRDA:159,18,0,0
BRDA:159,18,1,0
BRDA:168,19,0,0
BRDA:168,19,1,0
BRF:45
BRH:0
end_of_record
TN:
SF:controllers/reviewController.js
FN:12,createReview
FN:110,getReviews
FN:145,(anonymous_2)
FN:173,getReviewSummary
FN:210,getAllReviewsForAdmin
FN:249,updateReviewStatus
FN:287,deleteReview
FN:315,getReviewsForOwner
FN:350,updateReviewStatusByOwner
FNF:9
FNH:0
FNDA:0,createReview
FNDA:0,getReviews
FNDA:0,(anonymous_2)
FNDA:0,getReviewSummary
FNDA:0,getAllReviewsForAdmin
FNDA:0,updateReviewStatus
FNDA:0,deleteReview
FNDA:0,getReviewsForOwner
FNDA:0,updateReviewStatusByOwner
DA:6,1
DA:13,0
DA:20,0
DA:23,0
DA:24,0
DA:29,0
DA:30,0
DA:35,0
DA:36,0
DA:41,0
DA:42,0
DA:48,0
DA:49,0
DA:50,0
DA:53,0
DA:54,0
DA:60,0
DA:61,0
DA:68,0
DA:80,0
DA:83,0
DA:94,0
DA:99,0
DA:100,0
DA:111,0
DA:120,0
DA:122,0
DA:123,0
DA:128,0
DA:129,0
DA:134,0
DA:145,0
DA:156,0
DA:162,0
DA:163,0
DA:174,0
DA:175,0
DA:177,0
DA:178,0
DA:183,0
DA:184,0
DA:189,0
DA:194,0
DA:199,0
DA:200,0
DA:211,0
DA:220,0
DA:222,0
DA:232,0
DA:238,0
DA:239,0
DA:250,0
DA:251,0
DA:252,0
DA:254,0
DA:255,0
DA:260,0
DA:265,0
DA:266,0
DA:271,0
DA:276,0
DA:277,0
DA:288,0
DA:289,0
DA:291,0
DA:293,0
DA:294,0
DA:299,0
DA:304,0
DA:305,0
DA:316,0
DA:317,0
DA:324,0
DA:326,0
DA:333,0
DA:339,0
DA:340,0
DA:351,0
DA:352,0
DA:353,0
DA:354,0
DA:356,0
DA:357,0
DA:363,0
DA:368,0
DA:369,0
DA:374,0
DA:379,0
DA:380,0
DA:385,0
DA:390,0
DA:391,0
DA:397,1
LF:93
LH:2
BRDA:23,0,0,0
BRDA:23,0,1,0
BRDA:23,1,0,0
BRDA:23,1,1,0
BRDA:29,2,0,0
BRDA:29,2,1,0
BRDA:29,3,0,0
BRDA:29,3,1,0
BRDA:35,4,0,0
BRDA:35,4,1,0
BRDA:35,5,0,0
BRDA:35,5,1,0
BRDA:35,5,2,0
BRDA:41,6,0,0
BRDA:41,6,1,0
BRDA:41,7,0,0
BRDA:41,7,1,0
BRDA:48,8,0,0
BRDA:48,8,1,0
BRDA:48,8,2,0
BRDA:49,9,0,0
BRDA:49,9,1,0
BRDA:50,10,0,0
BRDA:50,10,1,0
BRDA:53,11,0,0
BRDA:53,11,1,0
BRDA:60,12,0,0
BRDA:60,12,1,0
BRDA:72,13,0,0
BRDA:72,13,1,0
BRDA:73,14,0,0
BRDA:73,14,1,0
BRDA:115,15,0,0
BRDA:116,16,0,0
BRDA:117,17,0,0
BRDA:118,18,0,0
BRDA:119,19,0,0
BRDA:122,20,0,0
BRDA:122,20,1,0
BRDA:122,21,0,0
BRDA:122,21,1,0
BRDA:128,22,0,0
BRDA:128,22,1,0
BRDA:128,23,0,0
BRDA:128,23,1,0
BRDA:177,24,0,0
BRDA:177,24,1,0
BRDA:177,25,0,0
BRDA:177,25,1,0
BRDA:183,26,0,0
BRDA:183,26,1,0
BRDA:183,27,0,0
BRDA:183,27,1,0
BRDA:216,28,0,0
BRDA:217,29,0,0
BRDA:218,30,0,0
BRDA:219,31,0,0
BRDA:254,32,0,0
BRDA:254,32,1,0
BRDA:254,33,0,0
BRDA:254,33,1,0
BRDA:265,34,0,0
BRDA:265,34,1,0
BRDA:293,35,0,0
BRDA:293,35,1,0
BRDA:322,36,0,0
BRDA:323,37,0,0
BRDA:328,38,0,0
BRDA:328,38,1,0
BRDA:356,39,0,0
BRDA:356,39,1,0
BRDA:356,40,0,0
BRDA:356,40,1,0
BRDA:368,41,0,0
BRDA:368,41,1,0
BRDA:379,42,0,0
BRDA:379,42,1,0
BRF:77
BRH:0
end_of_record
TN:
SF:controllers/stationController.js
FN:14,getAllStations
FN:28,getNearbyStations
FN:59,getStationById
FN:89,createStation
FN:112,updateStation
FN:142,deleteStation
FN:176,searchStations
FN:198,getStationsByBrand
FN:220,submitPriceReport
FN:280,getPriceReportsForStation
FN:303,getAveragePriceFromReports
FNF:11
FNH:2
FNDA:0,getAllStations
FNDA:2,getNearbyStations
FNDA:0,getStationById
FNDA:0,createStation
FNDA:0,updateStation
FNDA:0,deleteStation
FNDA:0,searchStations
FNDA:0,getStationsByBrand
FNDA:1,submitPriceReport
FNDA:0,getPriceReportsForStation
FNDA:0,getAveragePriceFromReports
DA:6,1
DA:7,1
DA:8,1
DA:15,0
DA:16,0
DA:17,0
DA:19,0
DA:20,0
DA:29,2
DA:30,2
DA:31,2
DA:32,2
DA:34,2
DA:35,0
DA:41,2
DA:42,0
DA:48,2
DA:49,1
DA:51,1
DA:52,1
DA:60,0
DA:61,0
DA:63,0
DA:64,0
DA:70,0
DA:72,0
DA:73,0
DA:79,0
DA:81,0
DA:82,0
DA:90,0
DA:91,0
DA:94,0
DA:95,0
DA:101,0
DA:102,0
DA:104,0
DA:105,0
DA:113,0
DA:114,0
DA:116,0
DA:117,0
DA:123,0
DA:125,0
DA:126,0
DA:132,0
DA:134,0
DA:135,0
DA:143,0
DA:144,0
DA:146,0
DA:147,0
DA:153,0
DA:155,0
DA:156,0
DA:162,0
DA:168,0
DA:169,0
DA:177,0
DA:178,0
DA:180,0
DA:181,0
DA:187,0
DA:188,0
DA:190,0
DA:191,0
DA:199,0
DA:200,0
DA:202,0
DA:203,0
DA:209,0
DA:210,0
DA:212,0
DA:213,0
DA:221,1
DA:222,1
DA:224,1
DA:225,0
DA:231,1
DA:234,1
DA:235,0
DA:242,1
DA:243,1
DA:244,0
DA:252,1
DA:257,1
DA:259,1
DA:260,0
DA:266,1
DA:272,0
DA:273,0
DA:281,0
DA:282,0
DA:283,0
DA:285,0
DA:286,0
DA:292,0
DA:293,0
DA:295,0
DA:296,0
DA:304,0
DA:305,0
DA:306,0
DA:307,0
DA:309,0
DA:310,0
DA:316,0
DA:317,0
DA:319,0
DA:320,0
DA:324,1
LF:111
LH:25
BRDA:32,0,0,2
BRDA:32,0,1,1
BRDA:32,1,0,2
BRDA:32,1,1,2
BRDA:34,2,0,0
BRDA:34,2,1,2
BRDA:34,3,0,2
BRDA:34,3,1,2
BRDA:41,4,0,0
BRDA:41,4,1,2
BRDA:41,5,0,2
BRDA:41,5,1,2
BRDA:41,5,2,2
BRDA:41,5,3,2
BRDA:63,6,0,0
BRDA:63,6,1,0
BRDA:63,7,0,0
BRDA:63,7,1,0
BRDA:72,8,0,0
BRDA:72,8,1,0
BRDA:94,9,0,0
BRDA:94,9,1,0
BRDA:94,10,0,0
BRDA:94,10,1,0
BRDA:94,10,2,0
BRDA:94,10,3,0
BRDA:94,10,4,0
BRDA:116,11,0,0
BRDA:116,11,1,0
BRDA:116,12,0,0
BRDA:116,12,1,0
BRDA:125,13,0,0
BRDA:125,13,1,0
BRDA:146,14,0,0
BRDA:146,14,1,0
BRDA:146,15,0,0
BRDA:146,15,1,0
BRDA:155,16,0,0
BRDA:155,16,1,0
BRDA:180,17,0,0
BRDA:180,17,1,0
BRDA:180,18,0,0
BRDA:180,18,1,0
BRDA:202,19,0,0
BRDA:202,19,1,0
BRDA:224,20,0,0
BRDA:224,20,1,1
BRDA:224,21,0,1
BRDA:224,21,1,1
BRDA:234,22,0,0
BRDA:234,22,1,1
BRDA:234,23,0,1
BRDA:234,23,1,1
BRDA:234,23,2,1
BRDA:243,24,0,0
BRDA:243,24,1,1
BRDA:243,25,0,1
BRDA:243,25,1,1
BRDA:252,26,0,1
BRDA:252,26,1,0
BRDA:252,26,2,0
BRDA:252,26,3,0
BRDA:259,27,0,0
BRDA:259,27,1,1
BRDA:283,28,0,0
BRDA:283,28,1,0
BRDA:285,29,0,0
BRDA:285,29,1,0
BRDA:285,30,0,0
BRDA:285,30,1,0
BRDA:306,31,0,0
BRDA:306,31,1,0
BRDA:307,32,0,0
BRDA:307,32,1,0
BRDA:309,33,0,0
BRDA:309,33,1,0
BRDA:309,34,0,0
BRDA:309,34,1,0
BRF:78
BRH:24
end_of_record
TN:
SF:database/db.js
FN:29,(anonymous_0)
FN:35,testConnection
FN:75,ensurePoisTable
FN:94,getNearbyStations
FN:151,getAllPois
FN:186,getNearbyPois
FN:223,addPoi
FN:248,updatePoi
FN:283,deletePoi
FN:290,getAllStations
FN:344,getStationById
FN:368,addStation
FN:404,updateStation
FN:454,deleteStation
FN:461,getStationsByBrand
FN:484,searchStations
FN:507,getDatabaseStats
FN:547,submitPriceReport
FN:579,getPriceReports
FN:596,getLatestVerifiedPrice
FN:612,getAveragePriceFromReports
FN:631,verifyPriceReport
FN:707,cleanupOldReports
FN:720,getPriceReportStats
FN:743,getPriceReportTrends
FN:760,getAllPendingPriceReports
FN:779,getAllPriceReportsAdmin
FN:847,deletePriceReport
FN:863,getStationFuelPrices
FN:883,updateStationFuelPrice
FN:923,deleteStationFuelPrice
FN:946,getPriceReportingStats
FN:988,createDonation
FN:1017,updateDonationStatus
FN:1042,getDonationByPaymentIntent
FN:1055,getDonationStats
FN:1078,getRecentDonations
FN:1100,getDonationStatsByCause
FN:1123,getDonationLeaderboard
FN:1134,getAllDonationsAdmin
FN:1190,updateDonationImpact
FN:1204,closePool
FNF:42
FNH:0
FNDA:0,(anonymous_0)
FNDA:0,testConnection
FNDA:0,ensurePoisTable
FNDA:0,getNearbyStations
FNDA:0,getAllPois
FNDA:0,getNearbyPois
FNDA:0,addPoi
FNDA:0,updatePoi
FNDA:0,deletePoi
FNDA:0,getAllStations
FNDA:0,getStationById
FNDA:0,addStation
FNDA:0,updateStation
FNDA:0,deleteStation
FNDA:0,getStationsByBrand
FNDA:0,searchStations
FNDA:0,getDatabaseStats
FNDA:0,submitPriceReport
FNDA:0,getPriceReports
FNDA:0,getLatestVerifiedPrice
FNDA:0,getAveragePriceFromReports
FNDA:0,verifyPriceReport
FNDA:0,cleanupOldReports
FNDA:0,getPriceReportStats
FNDA:0,getPriceReportTrends
FNDA:0,getAllPendingPriceReports
FNDA:0,getAllPriceReportsAdmin
FNDA:0,deletePriceReport
FNDA:0,getStationFuelPrices
FNDA:0,updateStationFuelPrice
FNDA:0,deleteStationFuelPrice
FNDA:0,getPriceReportingStats
FNDA:0,createDonation
FNDA:0,updateDonationStatus
FNDA:0,getDonationByPaymentIntent
FNDA:0,getDonationStats
FNDA:0,getRecentDonations
FNDA:0,getDonationStatsByCause
FNDA:0,getDonationLeaderboard
FNDA:0,getAllDonationsAdmin
FNDA:0,updateDonationImpact
FNDA:0,closePool
DA:2,1
DA:3,1
DA:6,1
DA:9,1
DA:11,1
DA:26,1
DA:29,1
DA:30,0
DA:31,0
DA:36,0
DA:37,0
DA:38,0
DA:41,0
DA:42,0
DA:43,0
DA:45,0
DA:48,0
DA:49,0
DA:50,0
DA:51,0
DA:56,0
DA:60,0
DA:63,0
DA:67,0
DA:69,0
DA:70,0
DA:76,0
DA:77,0
DA:78,0
DA:89,0
DA:95,0
DA:145,0
DA:146,0
DA:152,0
DA:182,0
DA:183,0
DA:187,0
DA:219,0
DA:220,0
DA:232,0
DA:236,0
DA:245,0
DA:249,0
DA:251,0
DA:269,0
DA:280,0
DA:284,0
DA:285,0
DA:286,0
DA:291,0
DA:339,0
DA:340,0
DA:345,0
DA:363,0
DA:364,0
DA:379,0
DA:381,0
DA:388,0
DA:400,0
DA:415,0
DA:417,0
DA:437,0
DA:450,0
DA:455,0
DA:456,0
DA:457,0
DA:462,0
DA:479,0
DA:480,0
DA:485,0
DA:502,0
DA:503,0
DA:508,0
DA:527,0
DA:529,0
DA:530,0
DA:531,0
DA:532,0
DA:534,0
DA:535,0
DA:539,0
DA:555,0
DA:557,0
DA:566,0
DA:575,0
DA:580,0
DA:591,0
DA:592,0
DA:597,0
DA:607,0
DA:608,0
DA:613,0
DA:626,0
DA:627,0
DA:632,0
DA:634,0
DA:635,0
DA:638,0
DA:647,0
DA:652,0
DA:653,0
DA:656,0
DA:659,0
DA:670,0
DA:678,0
DA:689,0
DA:691,0
DA:693,0
DA:699,0
DA:700,0
DA:702,0
DA:708,0
DA:715,0
DA:716,0
DA:721,0
DA:734,0
DA:735,0
DA:744,0
DA:755,0
DA:756,0
DA:761,0
DA:774,0
DA:775,0
DA:788,0
DA:790,0
DA:791,0
DA:792,0
DA:795,0
DA:796,0
DA:797,0
DA:798,0
DA:801,0
DA:802,0
DA:803,0
DA:804,0
DA:807,0
DA:808,0
DA:809,0
DA:810,0
DA:813,0
DA:814,0
DA:815,0
DA:816,0
DA:819,0
DA:820,0
DA:821,0
DA:822,0
DA:826,0
DA:828,0
DA:841,0
DA:842,0
DA:843,0
DA:848,0
DA:854,0
DA:855,0
DA:864,0
DA:878,0
DA:879,0
DA:889,0
DA:900,0
DA:908,0
DA:919,0
DA:924,0
DA:930,0
DA:933,0
DA:942,0
DA:947,0
DA:977,0
DA:978,0
DA:989,0
DA:997,0
DA:1010,0
DA:1011,0
DA:1022,0
DA:1031,0
DA:1036,0
DA:1043,0
DA:1048,0
DA:1049,0
DA:1056,0
DA:1060,0
DA:1061,0
DA:1079,0
DA:1093,0
DA:1094,0
DA:1101,0
DA:1116,0
DA:1117,0
DA:1124,0
DA:1128,0
DA:1135,0
DA:1144,0
DA:1145,0
DA:1148,0
DA:1149,0
DA:1150,0
DA:1151,0
DA:1155,0
DA:1156,0
DA:1157,0
DA:1158,0
DA:1162,0
DA:1163,0
DA:1164,0
DA:1165,0
DA:1168,0
DA:1169,0
DA:1170,0
DA:1171,0
DA:1174,0
DA:1177,0
DA:1178,0
DA:1179,0
DA:1180,0
DA:1183,0
DA:1184,0
DA:1191,0
DA:1199,0
DA:1200,0
DA:1205,0
DA:1206,0
DA:1207,0
DA:1209,0
DA:1214,1
DA:1215,1
DA:1217,1
LF:226
LH:10
BRDA:9,0,0,1
BRDA:9,0,1,0
BRDA:12,1,0,1
BRDA:12,1,1,0
BRDA:13,2,0,1
BRDA:13,2,1,0
BRDA:14,3,0,1
BRDA:14,3,1,0
BRDA:15,4,0,1
BRDA:15,4,1,0
BRDA:16,5,0,1
BRDA:16,5,1,0
BRDA:18,6,0,1
BRDA:18,6,1,0
BRDA:19,7,0,1
BRDA:19,7,1,0
BRDA:20,8,0,1
BRDA:20,8,1,0
BRDA:22,9,0,1
BRDA:22,9,1,0
BRDA:94,10,0,0
BRDA:186,11,0,0
BRDA:550,12,0,0
BRDA:579,13,0,0
BRDA:608,14,0,0
BRDA:608,14,1,0
BRDA:612,15,0,0
BRDA:652,16,0,0
BRDA:652,16,1,0
BRDA:707,17,0,0
BRDA:743,18,0,0
BRDA:760,19,0,0
BRDA:760,20,0,0
BRDA:779,21,0,0
BRDA:781,22,0,0
BRDA:782,23,0,0
BRDA:783,24,0,0
BRDA:784,25,0,0
BRDA:785,26,0,0
BRDA:786,27,0,0
BRDA:787,28,0,0
BRDA:795,29,0,0
BRDA:795,29,1,0
BRDA:801,30,0,0
BRDA:801,30,1,0
BRDA:807,31,0,0
BRDA:807,31,1,0
BRDA:813,32,0,0
BRDA:813,32,1,0
BRDA:819,33,0,0
BRDA:819,33,1,0
BRDA:826,34,0,0
BRDA:826,34,1,0
BRDA:887,35,0,0
BRDA:999,36,0,0
BRDA:999,36,1,0
BRDA:1000,37,0,0
BRDA:1000,37,1,0
BRDA:1005,38,0,0
BRDA:1005,38,1,0
BRDA:1006,39,0,0
BRDA:1006,39,1,0
BRDA:1020,40,0,0
BRDA:1062,41,0,0
BRDA:1062,41,1,0
BRDA:1078,42,0,0
BRDA:1123,43,0,0
BRDA:1134,44,0,0
BRDA:1148,45,0,0
BRDA:1148,45,1,0
BRDA:1155,46,0,0
BRDA:1155,46,1,0
BRDA:1162,47,0,0
BRDA:1162,47,1,0
BRDA:1168,48,0,0
BRDA:1168,48,1,0
BRDA:1177,49,0,0
BRDA:1177,49,1,0
BRF:78
BRH:10
end_of_record
TN:
SF:middleware/adminRateLimiter.js
FN:18,adminRateLimit
FNF:1
FNH:0
FNDA:0,adminRateLimit
DA:7,1
DA:10,1
DA:13,1
DA:19,0
DA:21,0
DA:25,0
DA:26,0
DA:28,0
DA:29,0
DA:31,0
DA:33,0
DA:35,0
DA:36,0
DA:38,0
DA:39,0
DA:40,0
DA:42,0
DA:43,0
DA:44,0
DA:49,0
DA:51,0
DA:55,1
LF:22
LH:4
BRDA:21,0,0,0
BRDA:21,0,1,0
BRDA:21,0,2,0
BRDA:21,0,3,0
BRDA:28,1,0,0
BRDA:28,1,1,0
BRDA:28,2,0,0
BRDA:28,2,1,0
BRDA:42,3,0,0
BRDA:42,3,1,0
BRF:10
BRH:0
end_of_record
TN:
SF:middleware/authentication.js
FN:11,verifyApiKey
FN:34,optionalApiKey
FNF:2
FNH:0
FNDA:0,verifyApiKey
FNDA:0,optionalApiKey
DA:6,1
DA:13,0
DA:14,0
DA:17,0
DA:19,0
DA:20,0
DA:21,0
DA:27,0
DA:36,0
DA:37,0
DA:39,0
DA:42,1
LF:12
LH:2
BRDA:13,0,0,0
BRDA:13,0,1,0
BRDA:19,1,0,0
BRDA:19,1,1,0
BRDA:19,2,0,0
BRDA:19,2,1,0
BRDA:20,3,0,0
BRDA:20,3,1,0
BRDA:36,4,0,0
BRDA:36,4,1,0
BRF:10
BRH:0
end_of_record
TN:
SF:middleware/deduplication.js
FN:11,createRequestHash
FN:23,requestDeduplication
FN:59,(anonymous_2)
FNF:3
FNH:0
FNDA:0,createRequestHash
FNDA:0,requestDeduplication
FNDA:0,(anonymous_2)
DA:6,1
DA:7,1
DA:9,1
DA:14,0
DA:18,0
DA:19,0
DA:20,0
DA:25,0
DA:26,0
DA:29,0
DA:30,0
DA:33,0
DA:34,0
DA:35,0
DA:40,0
DA:41,0
DA:42,0
DA:43,0
DA:44,0
DA:45,0
DA:46,0
DA:48,0
DA:56,0
DA:59,0
DA:60,0
DA:63,0
DA:64,0
DA:65,0
DA:67,0
DA:70,1
LF:30
LH:4
BRDA:14,0,0,0
BRDA:14,0,1,0
BRDA:14,0,2,0
BRDA:14,0,3,0
BRDA:18,1,0,0
BRDA:18,1,1,0
BRDA:25,2,0,0
BRDA:25,2,1,0
BRDA:25,3,0,0
BRDA:25,3,1,0
BRDA:34,4,0,0
BRDA:34,4,1,0
BRDA:41,5,0,0
BRDA:41,5,1,0
BRDA:46,6,0,0
BRDA:46,6,1,0
BRF:16
BRH:0
end_of_record
TN:
SF:middleware/errorHandler.js
FN:9,asyncHandler
FN:10,(anonymous_1)
FN:18,errorHandler
FN:73,notFound
FNF:4
FNH:2
FNDA:56,asyncHandler
FNDA:3,(anonymous_1)
FNDA:0,errorHandler
FNDA:0,notFound
DA:10,56
DA:11,3
DA:20,0
DA:23,0
DA:24,0
DA:28,0
DA:29,0
DA:35,0
DA:36,0
DA:42,0
DA:43,0
DA:50,0
DA:51,0
DA:59,0
DA:60,0
DA:62,0
DA:74,0
DA:80,1
LF:18
LH:3
BRDA:23,0,0,0
BRDA:23,0,1,0
BRDA:28,1,0,0
BRDA:28,1,1,0
BRDA:35,2,0,0
BRDA:35,2,1,0
BRDA:42,3,0,0
BRDA:42,3,1,0
BRDA:50,4,0,0
BRDA:50,4,1,0
BRDA:54,5,0,0
BRDA:54,5,1,0
BRDA:59,6,0,0
BRDA:59,6,1,0
BRDA:60,7,0,0
BRDA:60,7,1,0
BRDA:63,8,0,0
BRDA:63,8,1,0
BRDA:64,9,0,0
BRDA:64,9,1,0
BRDA:64,10,0,0
BRDA:64,10,1,0
BRF:22
BRH:0
end_of_record
TN:
SF:middleware/ownerAuth.js
FN:19,verifyOwnerApiKey
FN:157,logOwnerActivity
FN:193,enforceOwnerStationAccess
FN:213,checkStationOwnership
FNF:4
FNH:0
FNDA:0,verifyOwnerApiKey
FNDA:0,logOwnerActivity
FNDA:0,enforceOwnerStationAccess
FNDA:0,checkStationOwnership
DA:9,1
DA:20,0
DA:22,0
DA:23,0
DA:24,0
DA:31,0
DA:33,0
DA:34,0
DA:37,0
DA:48,0
DA:55,0
DA:60,0
DA:61,0
DA:62,0
DA:68,0
DA:71,0
DA:72,0
DA:74,0
DA:85,0
DA:92,0
DA:93,0
DA:94,0
DA:97,0
DA:101,0
DA:119,0
DA:120,0
DA:121,0
DA:124,0
DA:132,0
DA:135,0
DA:146,0
DA:148,0
DA:149,0
DA:167,0
DA:168,0
DA:185,0
DA:194,0
DA:195,0
DA:202,0
DA:206,0
DA:214,0
DA:215,0
DA:220,0
DA:222,0
DA:223,0
DA:227,1
LF:46
LH:2
BRDA:22,0,0,0
BRDA:22,0,1,0
BRDA:33,1,0,0
BRDA:33,1,1,0
BRDA:60,2,0,0
BRDA:60,2,1,0
BRDA:71,3,0,0
BRDA:71,3,1,0
BRDA:92,4,0,0
BRDA:92,4,1,0
BRDA:97,5,0,0
BRDA:97,5,1,0
BRDA:120,6,0,0
BRDA:120,6,1,0
BRDA:127,7,0,0
BRDA:127,7,1,0
BRDA:160,8,0,0
BRDA:161,9,0,0
BRDA:162,10,0,0
BRDA:163,11,0,0
BRDA:164,12,0,0
BRDA:165,13,0,0
BRDA:178,14,0,0
BRDA:178,14,1,0
BRDA:194,15,0,0
BRDA:194,15,1,0
BRF:26
BRH:0
end_of_record
TN:
SF:middleware/ownerDetection.js
FN:22,extractSubdomain
FN:62,detectOwner
FN:127,requireOwner
FN:142,optionalOwnerDetection
FNF:4
FNH:2
FNDA:3,extractSubdomain
FNDA:0,detectOwner
FNDA:0,requireOwner
FNDA:3,optionalOwnerDetection
DA:9,1
DA:23,3
DA:26,3
DA:29,3
DA:33,3
DA:34,3
DA:38,0
DA:40,0
DA:43,0
DA:44,0
DA:47,0
DA:51,0
DA:63,0
DA:64,0
DA:68,0
DA:69,0
DA:70,0
DA:71,0
DA:75,0
DA:76,0
DA:77,0
DA:78,0
DA:82,0
DA:84,0
DA:85,0
DA:86,0
DA:87,0
DA:91,0
DA:98,0
DA:100,0
DA:102,0
DA:110,0
DA:111,0
DA:112,0
DA:114,0
DA:116,0
DA:118,0
DA:119,0
DA:128,0
DA:129,0
DA:135,0
DA:143,3
DA:144,3
DA:146,3
DA:147,0
DA:154,0
DA:155,0
DA:156,0
DA:160,3
DA:162,0
DA:163,0
DA:167,1
LF:52
LH:11
BRDA:23,0,0,0
BRDA:23,0,1,3
BRDA:33,1,0,3
BRDA:33,1,1,0
BRDA:33,2,0,3
BRDA:33,2,1,3
BRDA:33,2,2,3
BRDA:38,3,0,0
BRDA:38,3,1,0
BRDA:43,4,0,0
BRDA:43,4,1,0
BRDA:43,5,0,0
BRDA:43,5,1,0
BRDA:43,5,2,0
BRDA:69,6,0,0
BRDA:69,6,1,0
BRDA:75,7,0,0
BRDA:75,7,1,0
BRDA:77,8,0,0
BRDA:77,8,1,0
BRDA:82,9,0,0
BRDA:82,9,1,0
BRDA:98,10,0,0
BRDA:98,10,1,0
BRDA:128,11,0,0
BRDA:128,11,1,0
BRDA:128,12,0,0
BRDA:128,12,1,0
BRDA:146,13,0,0
BRDA:146,13,1,3
BRDA:154,14,0,0
BRDA:154,14,1,0
BRF:32
BRH:6
end_of_record
TN:
SF:middleware/ownerRateLimiter.js
FN:18,ownerRateLimit
FN:82,(anonymous_1)
FNF:2
FNH:0
FNDA:0,ownerRateLimit
FNDA:0,(anonymous_1)
DA:7,1
DA:10,1
DA:13,1
DA:19,0
DA:21,0
DA:23,0
DA:26,0
DA:28,0
DA:32,0
DA:35,0
DA:36,0
DA:39,0
DA:40,0
DA:42,0
DA:43,0
DA:45,0
DA:47,0
DA:49,0
DA:50,0
DA:52,0
DA:53,0
DA:54,0
DA:55,0
DA:57,0
DA:58,0
DA:60,0
DA:64,0
DA:71,0
DA:73,0
DA:74,0
DA:82,1
DA:83,0
DA:84,0
DA:86,0
DA:87,0
DA:88,0
DA:89,0
DA:90,0
DA:95,0
DA:96,0
DA:100,0
DA:101,0
DA:105,1
LF:43
LH:5
BRDA:21,0,0,0
BRDA:21,0,1,0
BRDA:28,1,0,0
BRDA:28,1,1,0
BRDA:28,1,2,0
BRDA:28,1,3,0
BRDA:35,2,0,0
BRDA:35,2,1,0
BRDA:42,3,0,0
BRDA:42,3,1,0
BRDA:42,4,0,0
BRDA:42,4,1,0
BRDA:57,5,0,0
BRDA:57,5,1,0
BRDA:88,6,0,0
BRDA:88,6,1,0
BRDA:95,7,0,0
BRDA:95,7,1,0
BRDA:100,8,0,0
BRDA:100,8,1,0
BRF:20
BRH:0
end_of_record
TN:
SF:middleware/rateLimiter.js
FN:11,rateLimit
FN:56,createRateLimiter
FN:65,customRateLimit
FNF:3
FNH:2
FNDA:1,rateLimit
FNDA:2,createRateLimiter
FNDA:0,customRateLimit
DA:6,1
DA:9,1
DA:12,1
DA:14,1
DA:18,1
DA:19,1
DA:21,1
DA:22,1
DA:24,0
DA:26,1
DA:28,1
DA:29,1
DA:31,1
DA:32,1
DA:33,1
DA:35,1
DA:36,0
DA:37,0
DA:42,1
DA:44,0
DA:61,2
DA:63,2
DA:65,2
DA:66,0
DA:68,0
DA:72,0
DA:73,0
DA:75,0
DA:76,0
DA:78,0
DA:80,0
DA:82,0
DA:83,0
DA:85,0
DA:86,0
DA:87,0
DA:89,0
DA:90,0
DA:91,0
DA:96,0
DA:98,0
DA:103,1
DA:104,1
LF:43
LH:21
BRDA:14,0,0,1
BRDA:14,0,1,0
BRDA:14,0,2,0
BRDA:14,0,3,0
BRDA:21,1,0,1
BRDA:21,1,1,0
BRDA:21,2,0,1
BRDA:21,2,1,0
BRDA:35,3,0,0
BRDA:35,3,1,1
BRDA:56,4,0,0
BRDA:58,5,0,0
BRDA:59,6,0,0
BRDA:60,7,0,0
BRDA:68,8,0,0
BRDA:68,8,1,0
BRDA:68,8,2,0
BRDA:68,8,3,0
BRDA:75,9,0,0
BRDA:75,9,1,0
BRDA:75,10,0,0
BRDA:75,10,1,0
BRDA:89,11,0,0
BRDA:89,11,1,0
BRF:24
BRH:4
end_of_record
TN:
SF:repositories/poiRepository.js
FN:11,ensurePoisTable
FN:32,getAllPois
FN:69,getNearbyPois
FN:116,getPoiById
FN:153,addPoi
FN:169,updatePoi
FN:192,deletePoi
FNF:7
FNH:0
FNDA:0,ensurePoisTable
FNDA:0,getAllPois
FNDA:0,getNearbyPois
FNDA:0,getPoiById
FNDA:0,addPoi
FNDA:0,updatePoi
FNDA:0,deletePoi
DA:6,2
DA:12,0
DA:13,0
DA:14,0
DA:25,0
DA:33,0
DA:62,0
DA:63,0
DA:70,0
DA:109,0
DA:110,0
DA:117,0
DA:146,0
DA:147,0
DA:154,0
DA:156,0
DA:162,0
DA:163,0
DA:170,0
DA:172,0
DA:185,0
DA:186,0
DA:193,0
DA:194,0
DA:195,0
DA:198,2
LF:26
LH:2
BRDA:69,0,0,0
BRDA:162,1,0,0
BRDA:162,1,1,0
BRDA:162,2,0,0
BRDA:162,2,1,0
BRDA:162,3,0,0
BRDA:162,3,1,0
BRDA:185,4,0,0
BRDA:185,4,1,0
BRDA:185,5,0,0
BRDA:185,5,1,0
BRDA:185,6,0,0
BRDA:185,6,1,0
BRF:13
BRH:0
end_of_record
TN:
SF:repositories/priceRepository.js
FN:11,submitPriceReport
FN:44,getPriceReports
FN:71,getLatestVerifiedPrice
FN:89,getAveragePriceFromReports
FN:110,verifyPriceReport
FN:164,deletePriceReport
FN:178,getPriceReportStats
FN:232,getPriceReportTrends
FN:253,getPendingPriceReports
FN:286,getAllPriceReports
FN:357,getStationFuelPrices
FN:376,updateStationFuelPrice
FN:395,deleteStationFuelPrice
FNF:13
FNH:0
FNDA:0,submitPriceReport
FNDA:0,getPriceReports
FNDA:0,getLatestVerifiedPrice
FNDA:0,getAveragePriceFromReports
FNDA:0,verifyPriceReport
FNDA:0,deletePriceReport
FNDA:0,getPriceReportStats
FNDA:0,getPriceReportTrends
FNDA:0,getPendingPriceReports
FNDA:0,getAllPriceReports
FNDA:0,getStationFuelPrices
FNDA:0,updateStationFuelPrice
FNDA:0,deleteStationFuelPrice
DA:6,2
DA:12,0
DA:14,0
DA:29,0
DA:38,0
DA:45,0
DA:54,0
DA:56,0
DA:57,0
DA:58,0
DA:61,0
DA:62,0
DA:64,0
DA:65,0
DA:72,0
DA:82,0
DA:83,0
DA:90,0
DA:103,0
DA:104,0
DA:111,0
DA:113,0
DA:114,0
DA:117,0
DA:127,0
DA:129,0
DA:130,0
DA:133,0
DA:136,0
DA:148,0
DA:150,0
DA:152,0
DA:154,0
DA:155,0
DA:157,0
DA:165,0
DA:171,0
DA:172,0
DA:180,0
DA:193,0
DA:204,0
DA:205,0
DA:207,0
DA:208,0
DA:211,0
DA:212,0
DA:213,0
DA:215,0
DA:233,0
DA:246,0
DA:247,0
DA:254,0
DA:260,0
DA:261,0
DA:263,0
DA:276,0
DA:277,0
DA:287,0
DA:290,0
DA:291,0
DA:292,0
DA:294,0
DA:295,0
DA:296,0
DA:297,0
DA:300,0
DA:301,0
DA:302,0
DA:303,0
DA:306,0
DA:307,0
DA:308,0
DA:309,0
DA:312,0
DA:313,0
DA:314,0
DA:315,0
DA:318,0
DA:321,0
DA:328,0
DA:329,0
DA:332,0
DA:345,0
DA:346,0
DA:348,0
DA:358,0
DA:369,0
DA:370,0
DA:377,0
DA:388,0
DA:389,0
DA:396,0
DA:402,0
DA:403,0
DA:406,2
LF:95
LH:2
BRDA:33,0,0,0
BRDA:33,0,1,0
BRDA:34,1,0,0
BRDA:34,1,1,0
BRDA:35,2,0,0
BRDA:35,2,1,0
BRDA:44,3,0,0
BRDA:44,4,0,0
BRDA:56,5,0,0
BRDA:56,5,1,0
BRDA:89,6,0,0
BRDA:129,7,0,0
BRDA:129,7,1,0
BRDA:211,8,0,0
BRDA:211,8,1,0
BRDA:212,9,0,0
BRDA:212,9,1,0
BRDA:213,10,0,0
BRDA:213,10,1,0
BRDA:216,11,0,0
BRDA:216,11,1,0
BRDA:217,12,0,0
BRDA:217,12,1,0
BRDA:218,13,0,0
BRDA:218,13,1,0
BRDA:219,14,0,0
BRDA:219,14,1,0
BRDA:220,15,0,0
BRDA:220,15,1,0
BRDA:222,16,0,0
BRDA:222,16,1,0
BRDA:223,17,0,0
BRDA:223,17,1,0
BRDA:232,18,0,0
BRDA:253,19,0,0
BRDA:253,20,0,0
BRDA:286,21,0,0
BRDA:287,22,0,0
BRDA:287,23,0,0
BRDA:294,24,0,0
BRDA:294,24,1,0
BRDA:297,25,0,0
BRDA:297,25,1,0
BRDA:300,26,0,0
BRDA:300,26,1,0
BRDA:306,27,0,0
BRDA:306,27,1,0
BRDA:312,28,0,0
BRDA:312,28,1,0
BRDA:318,29,0,0
BRDA:318,29,1,0
BRDA:376,30,0,0
BRF:52
BRH:0
end_of_record
TN:
SF:repositories/reviewRepository.js
FN:13,createReview
FN:56,getReviews
FN:130,getReviewSummary
FN:167,canSubmitReview
FN:188,updateReviewStatus
FN:205,deleteReview
FN:216,getAllReviewsForAdmin
FN:291,getReviewsForOwner
FN:357,getReviewById
FN:369,ownerOwnsReviewTarget
FNF:10
FNH:0
FNDA:0,createReview
FNDA:0,getReviews
FNDA:0,getReviewSummary
FNDA:0,canSubmitReview
FNDA:0,updateReviewStatus
FNDA:0,deleteReview
FNDA:0,getAllReviewsForAdmin
FNDA:0,getReviewsForOwner
FNDA:0,getReviewById
FNDA:0,ownerOwnsReviewTarget
DA:6,1
DA:24,0
DA:26,0
DA:35,0
DA:47,0
DA:48,0
DA:65,0
DA:67,0
DA:68,0
DA:69,0
DA:71,0
DA:72,0
DA:74,0
DA:75,0
DA:76,0
DA:78,0
DA:79,0
DA:80,0
DA:81,0
DA:84,0
DA:85,0
DA:86,0
DA:87,0
DA:90,0
DA:91,0
DA:92,0
DA:93,0
DA:97,0
DA:98,0
DA:99,0
DA:102,0
DA:110,0
DA:111,0
DA:113,0
DA:131,0
DA:144,0
DA:145,0
DA:147,0
DA:168,0
DA:176,0
DA:177,0
DA:179,0
DA:189,0
DA:196,0
DA:197,0
DA:206,0
DA:207,0
DA:208,0
DA:225,0
DA:227,0
DA:228,0
DA:229,0
DA:230,0
DA:232,0
DA:233,0
DA:234,0
DA:235,0
DA:238,0
DA:239,0
DA:240,0
DA:241,0
DA:244,0
DA:245,0
DA:246,0
DA:247,0
DA:251,0
DA:252,0
DA:253,0
DA:256,0
DA:271,0
DA:272,0
DA:274,0
DA:297,0
DA:299,0
DA:300,0
DA:301,0
DA:302,0
DA:304,0
DA:305,0
DA:306,0
DA:307,0
DA:310,0
DA:311,0
DA:312,0
DA:313,0
DA:317,0
DA:323,0
DA:324,0
DA:327,0
DA:338,0
DA:339,0
DA:341,0
DA:358,0
DA:359,0
DA:360,0
DA:370,0
DA:377,0
DA:378,0
DA:381,1
LF:99
LH:2
BRDA:18,0,0,0
BRDA:19,1,0,0
BRDA:20,2,0,0
BRDA:21,3,0,0
BRDA:22,4,0,0
BRDA:23,5,0,0
BRDA:60,6,0,0
BRDA:61,7,0,0
BRDA:62,8,0,0
BRDA:63,9,0,0
BRDA:64,10,0,0
BRDA:71,11,0,0
BRDA:71,11,1,0
BRDA:72,12,0,0
BRDA:72,12,1,0
BRDA:78,13,0,0
BRDA:78,13,1,0
BRDA:84,14,0,0
BRDA:84,14,1,0
BRDA:90,15,0,0
BRDA:90,15,1,0
BRDA:221,16,0,0
BRDA:222,17,0,0
BRDA:223,18,0,0
BRDA:224,19,0,0
BRDA:232,20,0,0
BRDA:232,20,1,0
BRDA:238,21,0,0
BRDA:238,21,1,0
BRDA:244,22,0,0
BRDA:244,22,1,0
BRDA:295,23,0,0
BRDA:296,24,0,0
BRDA:304,25,0,0
BRDA:304,25,1,0
BRDA:310,26,0,0
BRDA:310,26,1,0
BRF:37
BRH:0
end_of_record
TN:
SF:repositories/stationRepository.js
FN:15,getNearbyStations
FN:81,getAllStations
FN:133,getStationById
FN:183,addStation
FN:211,updateStation
FN:248,deleteStation
FN:257,searchStations
FN:286,getStationsByBrand
FN:311,getDatabaseStats
FNF:9
FNH:4
FNDA:2,getNearbyStations
FNDA:0,getAllStations
FNDA:2,getStationById
FNDA:1,addStation
FNDA:0,updateStation
FNDA:0,deleteStation
FNDA:1,searchStations
FNDA:0,getStationsByBrand
FNDA:0,getDatabaseStats
DA:6,3
DA:16,2
DA:69,2
DA:73,2
DA:74,2
DA:82,0
DA:125,0
DA:126,0
DA:127,0
DA:134,2
DA:176,2
DA:177,2
DA:184,1
DA:186,1
DA:193,1
DA:205,1
DA:212,0
DA:214,0
DA:229,0
DA:242,0
DA:249,0
DA:250,0
DA:251,0
DA:258,1
DA:279,1
DA:280,1
DA:287,0
DA:304,0
DA:305,0
DA:312,0
DA:322,0
DA:323,0
DA:326,3
LF:33
LH:16
BRDA:15,0,0,0
BRDA:15,1,0,1
BRDA:63,2,0,1
BRDA:63,2,1,1
BRDA:69,3,0,1
BRDA:69,3,1,1
BRDA:81,4,0,0
BRDA:120,5,0,0
BRDA:120,5,1,0
BRDA:125,6,0,0
BRDA:125,6,1,0
BRF:11
BRH:5
end_of_record
TN:
SF:routes/adminRoutes.js
FNF:0
FNH:0
DA:6,1
DA:7,1
DA:8,1
DA:9,1
DA:10,1
DA:13,1
DA:16,1
DA:17,1
DA:18,1
DA:21,1
DA:22,1
DA:23,1
DA:24,1
DA:25,1
DA:26,1
DA:29,1
DA:32,1
DA:33,1
DA:34,1
DA:35,1
DA:37,1
LF:21
LH:21
BRF:0
BRH:0
end_of_record
TN:
SF:routes/healthRoutes.js
FN:14,(anonymous_0)
FN:53,(anonymous_1)
FNF:2
FNH:0
FNDA:0,(anonymous_0)
FNDA:0,(anonymous_1)
DA:6,1
DA:7,1
DA:8,1
DA:9,1
DA:10,1
DA:11,1
DA:14,1
DA:15,0
DA:16,0
DA:18,0
DA:19,0
DA:21,0
DA:22,0
DA:23,0
DA:24,0
DA:25,0
DA:28,0
DA:29,0
DA:32,0
DA:53,1
DA:54,0
DA:56,0
DA:58,0
DA:59,0
DA:72,1
LF:25
LH:9
BRDA:23,0,0,0
BRDA:23,0,1,0
BRDA:24,1,0,0
BRDA:24,1,1,0
BRDA:43,2,0,0
BRDA:43,2,1,0
BRDA:65,3,0,0
BRDA:65,3,1,0
BRF:8
BRH:0
end_of_record
TN:
SF:routes/index.js
FN:32,(anonymous_0)
FNF:1
FNH:0
FNDA:0,(anonymous_0)
DA:6,1
DA:7,1
DA:10,1
DA:11,1
DA:12,1
DA:13,1
DA:14,1
DA:15,1
DA:16,1
DA:17,1
DA:20,1
DA:21,1
DA:22,1
DA:23,1
DA:24,1
DA:25,1
DA:26,1
DA:29,1
DA:32,1
DA:33,0
DA:34,0
DA:36,0
DA:44,1
LF:23
LH:20
BRDA:40,0,0,0
BRDA:40,0,1,0
BRF:2
BRH:0
end_of_record
TN:
SF:routes/ownerRoutes.js
FNF:0
FNH:0
DA:10,1
DA:11,1
DA:12,1
DA:13,1
DA:14,1
DA:15,1
DA:16,1
DA:19,1
DA:20,1
DA:23,1
DA:33,1
DA:43,1
DA:44,1
DA:50,1
DA:59,1
DA:68,1
DA:77,1
DA:86,1
DA:95,1
DA:104,1
DA:113,1
DA:122,1
DA:131,1
DA:140,1
DA:149,1
DA:158,1
DA:159,1
DA:168,1
DA:173,1
LF:29
LH:29
BRF:0
BRH:0
end_of_record
TN:
SF:routes/poiRoutes.js
FNF:0
FNH:0
DA:6,1
DA:7,1
DA:8,1
DA:9,1
DA:10,1
DA:11,1
DA:12,1
DA:13,1
DA:16,1
DA:17,1
DA:18,1
DA:21,1
DA:29,1
DA:36,1
DA:43,1
DA:51,1
DA:56,1
LF:17
LH:17
BRF:0
BRH:0
end_of_record
TN:
SF:routes/reviewRoutes.js
FNF:0
FNH:0
DA:6,1
DA:7,1
DA:8,1
DA:9,1
DA:10,1
DA:13,1
DA:19,1
DA:26,1
DA:27,1
DA:28,1
DA:30,1
LF:11
LH:11
BRF:0
BRH:0
end_of_record
TN:
SF:routes/routeRoutes.js
FN:21,getRouteCacheKey
FN:23,(anonymous_1)
FN:30,getCached
FN:43,setCached
FN:54,(anonymous_4)
FN:70,(anonymous_5)
FN:71,(anonymous_6)
FN:129,(anonymous_7)
FN:134,tryGet
FN:168,(anonymous_9)
FN:191,(anonymous_10)
FNF:11
FNH:0
FNDA:0,getRouteCacheKey
FNDA:0,(anonymous_1)
FNDA:0,getCached
FNDA:0,setCached
FNDA:0,(anonymous_4)
FNDA:0,(anonymous_5)
FNDA:0,(anonymous_6)
FNDA:0,(anonymous_7)
FNDA:0,tryGet
FNDA:0,(anonymous_9)
FNDA:0,(anonymous_10)
DA:6,1
DA:7,1
DA:8,1
DA:9,1
DA:10,1
DA:11,1
DA:14,1
DA:15,1
DA:16,1
DA:23,0
DA:24,0
DA:31,0
DA:32,0
DA:33,0
DA:34,0
DA:35,0
DA:37,0
DA:44,0
DA:54,1
DA:55,0
DA:56,0
DA:59,0
DA:60,0
DA:68,0
DA:70,0
DA:71,0
DA:74,0
DA:80,0
DA:86,0
DA:87,0
DA:90,0
DA:96,0
DA:103,0
DA:108,0
DA:109,0
DA:110,0
DA:111,0
DA:112,0
DA:117,0
DA:118,0
DA:119,0
DA:120,0
DA:123,0
DA:124,0
DA:125,0
DA:129,0
DA:130,0
DA:131,0
DA:132,0
DA:135,0
DA:146,0
DA:147,0
DA:148,0
DA:149,0
DA:150,0
DA:151,0
DA:153,0
DA:154,0
DA:155,0
DA:157,0
DA:158,0
DA:160,0
DA:162,0
DA:166,0
DA:168,0
DA:169,0
DA:171,0
DA:175,0
DA:180,0
DA:186,0
DA:187,0
DA:190,0
DA:191,0
DA:198,0
DA:203,0
DA:204,0
DA:207,0
DA:208,0
DA:209,0
DA:210,0
DA:211,0
DA:212,0
DA:216,0
DA:224,1
LF:84
LH:11
BRDA:32,0,0,0
BRDA:32,0,1,0
BRDA:33,1,0,0
BRDA:33,1,1,0
BRDA:59,2,0,0
BRDA:59,2,1,0
BRDA:59,3,0,0
BRDA:59,3,1,0
BRDA:74,4,0,0
BRDA:74,4,1,0
BRDA:75,5,0,0
BRDA:75,5,1,0
BRDA:75,5,2,0
BRDA:75,5,3,0
BRDA:90,6,0,0
BRDA:90,6,1,0
BRDA:91,7,0,0
BRDA:91,7,1,0
BRDA:91,7,2,0
BRDA:91,7,3,0
BRDA:110,8,0,0
BRDA:110,8,1,0
BRDA:117,9,0,0
BRDA:117,9,1,0
BRDA:124,10,0,0
BRDA:124,10,1,0
BRDA:153,11,0,0
BRDA:153,11,1,0
BRDA:153,12,0,0
BRDA:153,12,1,0
BRDA:154,13,0,0
BRDA:154,13,1,0
BRDA:154,14,0,0
BRDA:154,14,1,0
BRDA:162,15,0,0
BRDA:162,15,1,0
BRDA:162,15,2,0
BRDA:162,15,3,0
BRDA:166,16,0,0
BRDA:166,16,1,0
BRDA:166,17,0,0
BRDA:166,17,1,0
BRDA:166,17,2,0
BRDA:175,18,0,0
BRDA:175,18,1,0
BRDA:176,19,0,0
BRDA:176,19,1,0
BRDA:176,19,2,0
BRDA:208,20,0,0
BRDA:208,20,1,0
BRDA:209,21,0,0
BRDA:209,21,1,0
BRDA:210,22,0,0
BRDA:210,22,1,0
BRDA:218,23,0,0
BRDA:218,23,1,0
BRF:56
BRH:0
end_of_record
TN:
SF:routes/stationRoutes.js
FNF:0
FNH:0
DA:6,1
DA:7,1
DA:8,1
DA:9,1
DA:10,1
DA:11,1
DA:12,1
DA:13,1
DA:16,1
DA:17,1
DA:18,1
DA:19,1
DA:20,1
DA:23,1
DA:24,1
DA:25,1
DA:28,1
DA:36,1
DA:43,1
DA:50,1
DA:58,1
DA:63,1
LF:22
LH:22
BRF:0
BRH:0
end_of_record
TN:
SF:routes/userRoutes.js
FN:26,(anonymous_0)
FN:59,(anonymous_1)
FNF:2
FNH:0
FNDA:0,(anonymous_0)
FNDA:0,(anonymous_1)
DA:6,1
DA:7,1
DA:8,1
DA:9,1
DA:10,1
DA:23,1
DA:27,0
DA:30,0
DA:33,0
DA:41,0
DA:42,0
DA:45,0
DA:57,1
DA:60,0
DA:62,0
DA:69,1
LF:16
LH:8
BRDA:41,0,0,0
BRDA:41,0,1,0
BRF:2
BRH:0
end_of_record
TN:
SF:services/imageService.js
FN:21,(anonymous_0)
FN:33,ensureUploadDirectories
FN:55,processAndSaveImage
FN:137,saveImageToDatabase
FN:179,getStationImages
FN:191,(anonymous_5)
FN:216,getPoiImages
FN:228,(anonymous_7)
FN:253,deleteImage
FN:303,setPrimaryImage
FN:349,updateImageOrder
FN:369,uploadImages
FN:408,processBase64Image
FN:456,uploadBase64Images
FN:556,validateBase64Image
FNF:15
FNH:1
FNDA:0,(anonymous_0)
FNDA:1,ensureUploadDirectories
FNDA:0,processAndSaveImage
FNDA:0,saveImageToDatabase
FNDA:0,getStationImages
FNDA:0,(anonymous_5)
FNDA:0,getPoiImages
FNDA:0,(anonymous_7)
FNDA:0,deleteImage
FNDA:0,setPrimaryImage
FNDA:0,updateImageOrder
FNDA:0,uploadImages
FNDA:0,processBase64Image
FNDA:0,uploadBase64Images
FNDA:0,validateBase64Image
DA:1,1
DA:2,1
DA:3,1
DA:4,1
DA:5,1
DA:6,1
DA:12,1
DA:15,1
DA:23,0
DA:24,0
DA:25,0
DA:27,0
DA:34,1
DA:40,1
DA:41,3
DA:42,3
DA:44,0
DA:45,0
DA:52,1
DA:61,0
DA:62,0
DA:64,0
DA:66,0
DA:67,0
DA:69,0
DA:72,0
DA:73,0
DA:80,0
DA:85,0
DA:95,0
DA:97,0
DA:98,0
DA:99,0
DA:101,0
DA:102,0
DA:105,0
DA:106,0
DA:107,0
DA:109,0
DA:110,0
DA:112,0
DA:113,0
DA:117,0
DA:119,0
DA:131,0
DA:132,0
DA:145,0
DA:146,0
DA:147,0
DA:172,0
DA:174,0
DA:180,0
DA:181,0
DA:182,0
DA:191,0
DA:194,0
DA:196,0
DA:197,0
DA:200,0
DA:201,0
DA:204,0
DA:211,0
DA:217,0
DA:218,0
DA:219,0
DA:228,0
DA:231,0
DA:233,0
DA:234,0
DA:237,0
DA:238,0
DA:241,0
DA:248,0
DA:254,0
DA:255,0
DA:257,0
DA:260,0
DA:261,0
DA:264,0
DA:267,0
DA:270,0
DA:272,0
DA:273,0
DA:275,0
DA:276,0
DA:279,0
DA:284,0
DA:289,0
DA:290,0
DA:293,0
DA:296,0
DA:298,0
DA:304,0
DA:305,0
DA:306,0
DA:309,0
DA:313,0
DA:314,0
DA:317,0
DA:320,0
DA:321,0
DA:325,0
DA:326,0
DA:333,0
DA:338,0
DA:339,0
DA:341,0
DA:342,0
DA:344,0
DA:350,0
DA:351,0
DA:352,0
DA:362,0
DA:364,0
DA:370,0
DA:371,0
DA:373,0
DA:374,0
DA:375,0
DA:376,0
DA:377,0
DA:382,0
DA:390,0
DA:396,0
DA:397,0
DA:404,0
DA:413,0
DA:415,0
DA:416,0
DA:419,0
DA:420,0
DA:421,0
DA:422,0
DA:423,0
DA:425,0
DA:429,0
DA:430,0
DA:431,0
DA:437,0
DA:440,0
DA:441,0
DA:445,0
DA:448,0
DA:450,0
DA:451,0
DA:461,0
DA:465,0
DA:466,0
DA:469,0
DA:470,0
DA:471,0
DA:473,0
DA:474,0
DA:478,0
DA:481,0
DA:482,0
DA:483,0
DA:486,0
DA:489,0
DA:493,0
DA:494,0
DA:495,0
DA:496,0
DA:498,0
DA:506,0
DA:507,0
DA:508,0
DA:510,0
DA:516,0
DA:525,0
DA:530,0
DA:540,0
DA:541,0
DA:549,0
DA:552,0
DA:557,0
DA:559,0
DA:560,0
DA:564,0
DA:565,0
DA:566,0
DA:567,0
DA:568,0
DA:570,0
DA:574,0
DA:575,0
DA:577,0
DA:581,1
LF:188
LH:14
BRDA:24,0,0,0
BRDA:24,0,1,0
BRDA:44,1,0,0
BRDA:44,1,1,0
BRDA:58,2,0,0
BRDA:72,3,0,0
BRDA:72,3,1,0
BRDA:95,4,0,0
BRDA:95,4,1,0
BRDA:139,5,0,0
BRDA:140,6,0,0
BRDA:141,7,0,0
BRDA:142,8,0,0
BRDA:143,9,0,0
BRDA:194,10,0,0
BRDA:194,10,1,0
BRDA:231,11,0,0
BRDA:231,11,1,0
BRDA:260,12,0,0
BRDA:260,12,1,0
BRDA:270,13,0,0
BRDA:270,13,1,0
BRDA:273,14,0,0
BRDA:273,14,1,0
BRDA:313,15,0,0
BRDA:313,15,1,0
BRDA:320,16,0,0
BRDA:320,16,1,0
BRDA:325,17,0,0
BRDA:325,17,1,0
BRDA:369,18,0,0
BRDA:369,19,0,0
BRDA:376,20,0,0
BRDA:376,20,1,0
BRDA:411,21,0,0
BRDA:419,22,0,0
BRDA:419,22,1,0
BRDA:422,23,0,0
BRDA:422,23,1,0
BRDA:430,24,0,0
BRDA:430,24,1,0
BRDA:440,25,0,0
BRDA:440,25,1,0
BRDA:445,26,0,0
BRDA:445,26,1,0
BRDA:458,27,0,0
BRDA:459,28,0,0
BRDA:474,29,0,0
BRDA:474,29,1,0
BRDA:479,30,0,0
BRDA:479,30,1,0
BRDA:481,31,0,0
BRDA:481,31,1,0
BRDA:482,32,0,0
BRDA:482,32,1,0
BRDA:496,33,0,0
BRDA:496,33,1,0
BRDA:501,34,0,0
BRDA:501,34,1,0
BRDA:507,35,0,0
BRDA:507,35,1,0
BRDA:508,36,0,0
BRDA:508,36,1,0
BRDA:522,37,0,0
BRDA:522,37,1,0
BRDA:543,38,0,0
BRDA:543,38,1,0
BRDA:559,39,0,0
BRDA:559,39,1,0
BRDA:559,40,0,0
BRDA:559,40,1,0
BRDA:565,41,0,0
BRDA:565,41,1,0
BRDA:567,42,0,0
BRDA:567,42,1,0
BRF:75
BRH:0
end_of_record
TN:
SF:services/ownerService.js
FN:11,inferMunicipalityFromAddress
FN:17,(anonymous_1)
FN:18,(anonymous_2)
FN:34,getOwnerInfo
FN:49,getDashboard
FN:91,getOwnerStations
FN:144,getOwnerStation
FN:197,updateOwnerStation
FN:285,getPendingPriceReports
FN:317,getActivityLogs
FN:340,getAnalytics
FN:397,getMarketInsights
FNF:12
FNH:0
FNDA:0,inferMunicipalityFromAddress
FNDA:0,(anonymous_1)
FNDA:0,(anonymous_2)
FNDA:0,getOwnerInfo
FNDA:0,getDashboard
FNDA:0,getOwnerStations
FNDA:0,getOwnerStation
FNDA:0,updateOwnerStation
FNDA:0,getPendingPriceReports
FNDA:0,getActivityLogs
FNDA:0,getAnalytics
FNDA:0,getMarketInsights
DA:6,1
DA:7,1
DA:8,1
DA:9,1
DA:12,0
DA:13,0
DA:15,0
DA:17,0
DA:18,0
DA:19,0
DA:20,0
DA:22,0
DA:23,0
DA:25,0
DA:26,0
DA:28,0
DA:36,0
DA:50,0
DA:52,0
DA:55,0
DA:61,0
DA:63,0
DA:73,0
DA:77,0
DA:85,0
DA:92,0
DA:94,0
DA:96,0
DA:134,0
DA:136,0
DA:138,0
DA:146,0
DA:147,0
DA:148,0
DA:151,0
DA:187,0
DA:188,0
DA:191,0
DA:198,0
DA:199,0
DA:202,0
DA:203,0
DA:204,0
DA:207,0
DA:210,0
DA:211,0
DA:212,0
DA:214,0
DA:215,0
DA:216,0
DA:218,0
DA:219,0
DA:220,0
DA:222,0
DA:223,0
DA:224,0
DA:226,0
DA:227,0
DA:228,0
DA:230,0
DA:231,0
DA:232,0
DA:234,0
DA:235,0
DA:236,0
DA:239,0
DA:240,0
DA:244,0
DA:246,0
DA:253,0
DA:255,0
DA:256,0
DA:260,0
DA:270,0
DA:275,0
DA:277,0
DA:279,0
DA:286,0
DA:288,0
DA:290,0
DA:306,0
DA:308,0
DA:318,0
DA:331,0
DA:346,0
DA:387,0
DA:398,0
DA:399,0
DA:402,0
DA:404,0
DA:405,0
DA:409,0
DA:410,0
DA:411,0
DA:412,0
DA:417,0
DA:451,0
DA:453,0
DA:460,1
LF:99
LH:5
BRDA:12,0,0,0
BRDA:12,0,1,0
BRDA:12,1,0,0
BRDA:12,1,1,0
BRDA:19,2,0,0
BRDA:19,2,1,0
BRDA:22,3,0,0
BRDA:22,3,1,0
BRDA:25,4,0,0
BRDA:25,4,1,0
BRDA:42,5,0,0
BRDA:42,5,1,0
BRDA:61,6,0,0
BRDA:61,6,1,0
BRDA:147,7,0,0
BRDA:147,7,1,0
BRDA:187,8,0,0
BRDA:187,8,1,0
BRDA:203,9,0,0
BRDA:203,9,1,0
BRDA:214,10,0,0
BRDA:214,10,1,0
BRDA:218,11,0,0
BRDA:218,11,1,0
BRDA:222,12,0,0
BRDA:222,12,1,0
BRDA:226,13,0,0
BRDA:226,13,1,0
BRDA:230,14,0,0
BRDA:230,14,1,0
BRDA:234,15,0,0
BRDA:234,15,1,0
BRDA:239,16,0,0
BRDA:239,16,1,0
BRDA:255,17,0,0
BRDA:255,17,1,0
BRDA:285,18,0,0
BRDA:317,19,0,0
BRDA:317,20,0,0
BRDA:397,21,0,0
BRDA:397,22,0,0
BRDA:398,23,0,0
BRDA:398,23,1,0
BRDA:404,24,0,0
BRDA:404,24,1,0
BRDA:409,25,0,0
BRDA:409,25,1,0
BRDA:411,26,0,0
BRDA:411,26,1,0
BRF:49
BRH:0
end_of_record
TN:
SF:services/poiService.js
FN:13,getAllPois
FN:24,getNearbyPois
FN:37,getPoiById
FN:54,createPoi
FN:78,updatePoi
FN:108,deletePoi
FNF:6
FNH:3
FNDA:1,getAllPois
FNDA:0,getNearbyPois
FNDA:0,getPoiById
FNDA:1,createPoi
FNDA:0,updatePoi
FNDA:2,deletePoi
DA:6,2
DA:7,2
DA:8,2
DA:14,1
DA:15,1
DA:16,1
DA:17,1
DA:18,1
DA:25,0
DA:27,0
DA:28,0
DA:30,0
DA:31,0
DA:38,0
DA:40,0
DA:42,0
DA:43,0
DA:46,0
DA:47,0
DA:48,0
DA:55,1
DA:57,1
DA:59,1
DA:69,1
DA:71,1
DA:72,1
DA:79,0
DA:82,0
DA:83,0
DA:84,0
DA:87,0
DA:89,0
DA:99,0
DA:101,0
DA:102,0
DA:110,2
DA:111,2
DA:112,1
DA:115,1
DA:117,1
DA:119,1
DA:120,1
DA:123,2
LF:43
LH:22
BRDA:42,0,0,0
BRDA:42,0,1,0
BRDA:83,1,0,0
BRDA:83,1,1,0
BRDA:87,2,0,0
BRDA:87,2,1,0
BRDA:90,3,0,0
BRDA:90,3,1,0
BRDA:91,4,0,0
BRDA:91,4,1,0
BRDA:92,5,0,0
BRDA:92,5,1,0
BRDA:93,6,0,0
BRDA:93,6,1,0
BRDA:94,7,0,0
BRDA:94,7,1,0
BRDA:95,8,0,0
BRDA:95,8,1,0
BRDA:96,9,0,0
BRDA:96,9,1,0
BRDA:111,10,0,1
BRDA:111,10,1,1
BRF:22
BRH:2
end_of_record
TN:
SF:services/priceService.js
FN:15,submitPriceReport
FN:50,getPriceReportsForStation
FN:63,getAveragePriceFromReports
FN:74,updateFuelPrice
FN:86,deleteFuelPrice
FN:100,verifyPriceReport
FN:186,rejectPriceReport
FNF:7
FNH:2
FNDA:3,submitPriceReport
FNDA:0,getPriceReportsForStation
FNDA:0,getAveragePriceFromReports
FNDA:0,updateFuelPrice
FNDA:0,deleteFuelPrice
FNDA:2,verifyPriceReport
FNDA:0,rejectPriceReport
DA:6,2
DA:7,2
DA:8,2
DA:9,2
DA:10,2
DA:16,3
DA:19,3
DA:20,3
DA:21,1
DA:24,2
DA:27,2
DA:36,2
DA:38,2
DA:51,0
DA:53,0
DA:55,0
DA:57,0
DA:64,0
DA:66,0
DA:68,0
DA:75,0
DA:77,0
DA:79,0
DA:80,0
DA:87,0
DA:89,0
DA:91,0
DA:92,0
DA:94,0
DA:101,2
DA:120,2
DA:122,2
DA:123,2
DA:126,1
DA:134,1
DA:135,0
DA:138,1
DA:141,1
DA:153,1
DA:166,1
DA:168,1
DA:176,1
DA:177,1
DA:179,2
DA:187,0
DA:189,0
DA:190,0
DA:192,0
DA:200,0
DA:201,0
DA:204,0
DA:207,0
DA:212,0
DA:220,0
DA:224,2
LF:55
LH:28
BRDA:16,0,0,1
BRDA:20,1,0,1
BRDA:20,1,1,2
BRDA:33,2,0,2
BRDA:33,2,1,0
BRDA:91,3,0,0
BRDA:91,3,1,0
BRDA:134,4,0,0
BRDA:134,4,1,1
BRDA:200,5,0,0
BRDA:200,5,1,0
BRF:11
BRH:5
end_of_record
TN:
SF:services/stationService.js
FN:15,getAllStations
FN:35,getNearbyStations
FN:54,getStationById
FN:71,createStation
FN:118,updateStation
FN:150,deleteStation
FN:168,searchStations
FN:181,getStationsByBrand
FNF:8
FNH:1
FNDA:0,getAllStations
FNDA:2,getNearbyStations
FNDA:0,getStationById
FNDA:0,createStation
FNDA:0,updateStation
FNDA:0,deleteStation
FNDA:0,searchStations
FNDA:0,getStationsByBrand
DA:6,1
DA:7,1
DA:8,1
DA:9,1
DA:16,0
DA:18,0
DA:19,0
DA:21,0
DA:24,0
DA:25,0
DA:27,0
DA:28,0
DA:36,2
DA:38,2
DA:39,0
DA:41,2
DA:44,2
DA:45,1
DA:47,1
DA:48,1
DA:55,0
DA:57,0
DA:59,0
DA:60,0
DA:63,0
DA:64,0
DA:65,0
DA:72,0
DA:74,0
DA:76,0
DA:89,0
DA:90,0
DA:91,0
DA:92,0
DA:93,0
DA:94,0
DA:101,0
DA:108,0
DA:109,0
DA:111,0
DA:112,0
DA:119,0
DA:122,0
DA:123,0
DA:124,0
DA:127,0
DA:129,0
DA:141,0
DA:143,0
DA:144,0
DA:152,0
DA:153,0
DA:154,0
DA:157,0
DA:159,0
DA:161,0
DA:162,0
DA:169,0
DA:171,0
DA:172,0
DA:174,0
DA:175,0
DA:182,0
DA:184,0
DA:185,0
DA:187,0
DA:188,0
DA:191,1
LF:68
LH:12
BRDA:16,0,0,0
BRDA:16,0,1,0
BRDA:18,1,0,0
BRDA:18,1,1,0
BRDA:36,2,0,0
BRDA:36,2,1,2
BRDA:38,3,0,0
BRDA:38,3,1,2
BRDA:59,4,0,0
BRDA:59,4,1,0
BRDA:79,5,0,0
BRDA:79,5,1,0
BRDA:80,6,0,0
BRDA:80,6,1,0
BRDA:81,7,0,0
BRDA:81,7,1,0
BRDA:82,8,0,0
BRDA:82,8,1,0
BRDA:83,9,0,0
BRDA:83,9,1,0
BRDA:89,10,0,0
BRDA:89,10,1,0
BRDA:89,11,0,0
BRDA:89,11,1,0
BRDA:89,11,2,0
BRDA:92,12,0,0
BRDA:92,12,1,0
BRDA:92,13,0,0
BRDA:92,13,1,0
BRDA:92,13,2,0
BRDA:123,14,0,0
BRDA:123,14,1,0
BRDA:127,15,0,0
BRDA:127,15,1,0
BRDA:130,16,0,0
BRDA:130,16,1,0
BRDA:131,17,0,0
BRDA:131,17,1,0
BRDA:132,18,0,0
BRDA:132,18,1,0
BRDA:133,19,0,0
BRDA:133,19,1,0
BRDA:134,20,0,0
BRDA:134,20,1,0
BRDA:135,21,0,0
BRDA:135,21,1,0
BRDA:136,22,0,0
BRDA:136,22,1,0
BRDA:137,23,0,0
BRDA:137,23,1,0
BRDA:138,24,0,0
BRDA:138,24,1,0
BRDA:153,25,0,0
BRDA:153,25,1,0
BRF:54
BRH:2
end_of_record
TN:
SF:services/supabaseStorage.js
FN:20,verifySupabaseConnection
FN:43,(anonymous_1)
FN:77,uploadImageToSupabase
FN:118,deleteImageFromSupabase
FN:145,getSupabaseImageUrl
FN:160,isSupabaseStorageAvailable
FNF:6
FNH:0
FNDA:0,verifySupabaseConnection
FNDA:0,(anonymous_1)
FNDA:0,uploadImageToSupabase
FNDA:0,deleteImageFromSupabase
FNDA:0,getSupabaseImageUrl
FNDA:0,isSupabaseStorageAvailable
DA:1,3
DA:4,3
DA:5,3
DA:6,3
DA:8,3
DA:10,3
DA:11,2
DA:12,2
DA:14,1
DA:21,0
DA:22,0
DA:29,0
DA:31,0
DA:33,0
DA:34,0
DA:35,0
DA:43,0
DA:45,0
DA:46,0
DA:47,0
DA:54,0
DA:55,0
DA:61,0
DA:62,0
DA:78,0
DA:79,0
DA:82,0
DA:84,0
DA:85,0
DA:92,0
DA:93,0
DA:94,0
DA:98,0
DA:102,0
DA:104,0
DA:109,0
DA:110,0
DA:119,0
DA:120,0
DA:123,0
DA:124,0
DA:128,0
DA:129,0
DA:130,0
DA:133,0
DA:135,0
DA:136,0
DA:146,0
DA:147,0
DA:150,0
DA:154,0
DA:161,0
DA:164,3
LF:53
LH:10
BRDA:6,0,0,3
BRDA:6,0,1,1
BRDA:10,1,0,2
BRDA:10,1,1,1
BRDA:10,2,0,3
BRDA:10,2,1,2
BRDA:21,3,0,0
BRDA:21,3,1,0
BRDA:33,4,0,0
BRDA:33,4,1,0
BRDA:45,5,0,0
BRDA:45,5,1,0
BRDA:77,6,0,0
BRDA:78,7,0,0
BRDA:78,7,1,0
BRDA:92,8,0,0
BRDA:92,8,1,0
BRDA:119,9,0,0
BRDA:119,9,1,0
BRDA:128,10,0,0
BRDA:128,10,1,0
BRDA:146,11,0,0
BRDA:146,11,1,0
BRF:23
BRH:6
end_of_record
TN:
SF:services/userActivityTracker.js
FN:18,(anonymous_0)
FN:43,(anonymous_1)
FN:97,(anonymous_2)
FN:117,(anonymous_3)
FN:133,(anonymous_4)
FN:167,(anonymous_5)
FN:180,(anonymous_6)
FN:208,(anonymous_7)
FN:210,(anonymous_8)
FN:230,(anonymous_9)
FN:235,(anonymous_10)
FN:253,(anonymous_11)
FN:274,(anonymous_12)
FN:275,(anonymous_13)
FN:283,(anonymous_14)
FN:293,(anonymous_15)
FN:299,(anonymous_16)
FN:305,(anonymous_17)
FN:320,(anonymous_18)
FNF:19
FNH:2
FNDA:1,(anonymous_0)
FNDA:0,(anonymous_1)
FNDA:0,(anonymous_2)
FNDA:0,(anonymous_3)
FNDA:0,(anonymous_4)
FNDA:0,(anonymous_5)
FNDA:0,(anonymous_6)
FNDA:0,(anonymous_7)
FNDA:0,(anonymous_8)
FNDA:0,(anonymous_9)
FNDA:0,(anonymous_10)
FNDA:0,(anonymous_11)
FNDA:1,(anonymous_12)
FNDA:0,(anonymous_13)
FNDA:0,(anonymous_14)
FNDA:0,(anonymous_15)
FNDA:0,(anonymous_16)
FNDA:0,(anonymous_17)
FNDA:0,(anonymous_18)
DA:15,1
DA:20,1
DA:23,1
DA:24,1
DA:27,1
DA:34,1
DA:36,1
DA:44,0
DA:46,0
DA:47,0
DA:50,0
DA:52,0
DA:54,0
DA:55,0
DA:56,0
DA:59,0
DA:60,0
DA:64,0
DA:65,0
DA:66,0
DA:70,0
DA:71,0
DA:75,0
DA:88,0
DA:90,0
DA:99,0
DA:100,0
DA:108,0
DA:118,0
DA:121,0
DA:122,0
DA:124,0
DA:125,0
DA:127,0
DA:135,0
DA:136,0
DA:137,0
DA:141,0
DA:143,0
DA:144,0
DA:147,0
DA:155,0
DA:158,0
DA:161,0
DA:164,0
DA:165,0
DA:167,0
DA:169,0
DA:170,0
DA:173,0
DA:174,0
DA:175,0
DA:179,0
DA:180,0
DA:181,0
DA:186,0
DA:187,0
DA:191,0
DA:192,0
DA:193,0
DA:196,0
DA:208,0
DA:210,0
DA:221,0
DA:222,0
DA:224,0
DA:231,0
DA:233,0
DA:235,0
DA:254,0
DA:255,0
DA:257,0
DA:258,0
DA:259,0
DA:260,0
DA:264,0
DA:265,0
DA:267,0
DA:275,1
DA:276,0
DA:284,0
DA:285,0
DA:294,0
DA:296,0
DA:299,0
DA:302,0
DA:305,0
DA:321,0
DA:322,0
DA:323,0
DA:324,0
DA:329,1
DA:331,1
LF:93
LH:10
BRDA:46,0,0,0
BRDA:46,0,1,0
BRDA:52,1,0,0
BRDA:52,1,1,0
BRDA:56,2,0,0
BRDA:56,2,1,0
BRDA:59,3,0,0
BRDA:59,3,1,0
BRDA:64,4,0,0
BRDA:64,4,1,0
BRDA:65,5,0,0
BRDA:65,5,1,0
BRDA:66,6,0,0
BRDA:66,6,1,0
BRDA:70,7,0,0
BRDA:70,7,1,0
BRDA:79,8,0,0
BRDA:79,8,1,0
BRDA:82,9,0,0
BRDA:82,9,1,0
BRDA:83,10,0,0
BRDA:83,10,1,0
BRDA:99,11,0,0
BRDA:99,11,1,0
BRDA:99,12,0,0
BRDA:99,12,1,0
BRDA:103,13,0,0
BRDA:103,13,1,0
BRDA:104,14,0,0
BRDA:104,14,1,0
BRDA:104,14,2,0
BRDA:109,15,0,0
BRDA:109,15,1,0
BRDA:110,16,0,0
BRDA:110,16,1,0
BRDA:110,16,2,0
BRDA:118,17,0,0
BRDA:118,17,1,0
BRDA:121,18,0,0
BRDA:121,18,1,0
BRDA:121,19,0,0
BRDA:121,19,1,0
BRDA:121,19,2,0
BRDA:124,20,0,0
BRDA:124,20,1,0
BRDA:124,21,0,0
BRDA:124,21,1,0
BRDA:136,22,0,0
BRDA:136,22,1,0
BRDA:136,23,0,0
BRDA:136,23,1,0
BRDA:169,24,0,0
BRDA:169,24,1,0
BRDA:170,25,0,0
BRDA:170,25,1,0
BRDA:173,26,0,0
BRDA:173,26,1,0
BRDA:173,27,0,0
BRDA:173,27,1,0
BRDA:175,28,0,0
BRDA:175,28,1,0
BRDA:179,29,0,0
BRDA:179,29,1,0
BRDA:181,30,0,0
BRDA:181,30,1,0
BRDA:186,31,0,0
BRDA:186,31,1,0
BRDA:187,32,0,0
BRDA:187,32,1,0
BRDA:204,33,0,0
BRDA:204,33,1,0
BRDA:213,34,0,0
BRDA:213,34,1,0
BRDA:238,35,0,0
BRDA:238,35,1,0
BRDA:258,36,0,0
BRDA:258,36,1,0
BRDA:264,37,0,0
BRDA:264,37,1,0
BRDA:293,38,0,0
BRDA:293,39,0,0
BRDA:310,40,0,0
BRDA:310,40,1,0
BRF:83
BRH:0
end_of_record
TN:
SF:utils/transformers.js
FN:11,getImageUrl
FN:19,transformStationData
FN:20,(anonymous_2)
FN:26,(anonymous_3)
FN:44,(anonymous_4)
FN:71,transformPoiData
FN:72,(anonymous_6)
FN:78,(anonymous_7)
FN:96,(anonymous_8)
FN:122,transformPriceReportData
FN:123,(anonymous_10)
FN:142,transformDonationData
FN:143,(anonymous_12)
FNF:13
FNH:4
FNDA:0,getImageUrl
FNDA:1,transformStationData
FNDA:1,(anonymous_2)
FNDA:0,(anonymous_3)
FNDA:0,(anonymous_4)
FNDA:2,transformPoiData
FNDA:2,(anonymous_6)
FNDA:0,(anonymous_7)
FNDA:0,(anonymous_8)
FNDA:0,transformPriceReportData
FNDA:0,(anonymous_10)
FNDA:0,transformDonationData
FNDA:0,(anonymous_12)
DA:6,3
DA:12,0
DA:13,0
DA:20,1
DA:22,1
DA:23,1
DA:25,1
DA:26,0
DA:28,0
DA:29,0
DA:32,0
DA:36,0
DA:44,0
DA:47,1
DA:72,2
DA:74,2
DA:75,2
DA:77,2
DA:78,0
DA:80,0
DA:81,0
DA:84,0
DA:88,0
DA:96,0
DA:99,2
DA:123,0
DA:143,0
DA:158,3
LF:28
LH:12
BRDA:11,0,0,0
BRDA:12,1,0,0
BRDA:12,1,1,0
BRDA:12,2,0,0
BRDA:12,2,1,0
BRDA:25,3,0,0
BRDA:25,3,1,1
BRDA:25,4,0,1
BRDA:25,4,1,0
BRDA:29,5,0,0
BRDA:29,5,1,0
BRDA:32,6,0,0
BRDA:32,6,1,0
BRDA:38,7,0,0
BRDA:38,7,1,0
BRDA:39,8,0,0
BRDA:39,8,1,0
BRDA:39,8,2,0
BRDA:44,9,0,0
BRDA:44,9,1,0
BRDA:44,9,2,0
BRDA:51,10,0,1
BRDA:51,10,1,1
BRDA:52,11,0,1
BRDA:52,11,1,1
BRDA:53,12,0,1
BRDA:53,12,1,1
BRDA:54,13,0,1
BRDA:54,13,1,1
BRDA:55,14,0,1
BRDA:55,14,1,1
BRDA:56,15,0,1
BRDA:56,15,1,1
BRDA:61,16,0,1
BRDA:61,16,1,1
BRDA:77,17,0,0
BRDA:77,17,1,2
BRDA:77,18,0,2
BRDA:77,18,1,0
BRDA:81,19,0,0
BRDA:81,19,1,0
BRDA:84,20,0,0
BRDA:84,20,1,0
BRDA:90,21,0,0
BRDA:90,21,1,0
BRDA:91,22,0,0
BRDA:91,22,1,0
BRDA:91,22,2,0
BRDA:96,23,0,0
BRDA:96,23,1,0
BRDA:96,23,2,0
BRDA:103,24,0,2
BRDA:103,24,1,1
BRDA:104,25,0,2
BRDA:104,25,1,2
BRDA:105,26,0,2
BRDA:105,26,1,2
BRDA:110,27,0,2
BRDA:110,27,1,2
BRDA:126,28,0,0
BRDA:126,28,1,0
BRF:61
BRH:26
end_of_record
